[0.161s] Invoking command in '/home/yuki/ros2_ws/build/person_msgs': CMAKE_PREFIX_PATH=${CMAKE_PREFIX_PATH}:/home/yuki/ros2_ws/install/mypkg:/opt/ros/foxy /usr/bin/cmake --build /home/yuki/ros2_ws/build/person_msgs -- -j12 -l12
[0.312s] [  3%] Built target person_msgs__cpp
[0.319s] [ 12%] Built target person_msgs__rosidl_generator_c
[0.342s] [ 22%] Built target person_msgs__rosidl_typesupport_cpp
[0.345s] [ 32%] Built target person_msgs__rosidl_typesupport_introspection_c
[0.346s] [ 41%] Built target person_msgs__rosidl_typesupport_introspection_cpp
[0.349s] [ 51%] Built target person_msgs__rosidl_typesupport_c
[0.364s] [ 61%] Built target person_msgs__rosidl_typesupport_fastrtps_cpp
[0.385s] [ 70%] Built target person_msgs__rosidl_typesupport_fastrtps_c
[0.404s] [ 70%] Built target person_msgs
[0.423s] [ 74%] Built target person_msgs__py
[0.445s] [ 80%] Built target person_msgs__python
[0.468s] [ 93%] Built target person_msgs__rosidl_typesupport_introspection_c__pyext
[0.468s] [ 93%] Built target person_msgs__rosidl_typesupport_fastrtps_c__pyext
[0.470s] [100%] Built target person_msgs__rosidl_typesupport_c__pyext
[0.482s] Invoked command in '/home/yuki/ros2_ws/build/person_msgs' returned '0': CMAKE_PREFIX_PATH=${CMAKE_PREFIX_PATH}:/home/yuki/ros2_ws/install/mypkg:/opt/ros/foxy /usr/bin/cmake --build /home/yuki/ros2_ws/build/person_msgs -- -j12 -l12
[0.532s] Invoking command in '/home/yuki/ros2_ws/build/person_msgs': CMAKE_PREFIX_PATH=${CMAKE_PREFIX_PATH}:/home/yuki/ros2_ws/install/mypkg:/opt/ros/foxy /usr/bin/cmake --install /home/yuki/ros2_ws/build/person_msgs
[0.542s] -- Install configuration: ""
[0.542s] -- Up-to-date: /home/yuki/ros2_ws/install/person_msgs/share/ament_index/resource_index/rosidl_interfaces/person_msgs
[0.542s] -- Up-to-date: /home/yuki/ros2_ws/install/person_msgs/include/person_msgs
[0.542s] -- Up-to-date: /home/yuki/ros2_ws/install/person_msgs/include/person_msgs/msg
[0.542s] -- Up-to-date: /home/yuki/ros2_ws/install/person_msgs/include/person_msgs/msg/detail
[0.542s] -- Up-to-date: /home/yuki/ros2_ws/install/person_msgs/include/person_msgs/msg/detail/person__functions.h
[0.542s] -- Up-to-date: /home/yuki/ros2_ws/install/person_msgs/include/person_msgs/msg/detail/person__functions.c
[0.542s] -- Up-to-date: /home/yuki/ros2_ws/install/person_msgs/include/person_msgs/msg/detail/person__type_support.h
[0.543s] -- Up-to-date: /home/yuki/ros2_ws/install/person_msgs/include/person_msgs/msg/detail/person__struct.h
[0.543s] -- Up-to-date: /home/yuki/ros2_ws/install/person_msgs/include/person_msgs/msg/rosidl_generator_c__visibility_control.h
[0.543s] -- Up-to-date: /home/yuki/ros2_ws/install/person_msgs/include/person_msgs/msg/person.h
[0.543s] -- Up-to-date: /home/yuki/ros2_ws/install/person_msgs/share/person_msgs/environment/library_path.sh
[0.543s] -- Up-to-date: /home/yuki/ros2_ws/install/person_msgs/share/person_msgs/environment/library_path.dsv
[0.543s] -- Up-to-date: /home/yuki/ros2_ws/install/person_msgs/lib/libperson_msgs__rosidl_generator_c.so
[0.543s] -- Up-to-date: /home/yuki/ros2_ws/install/person_msgs/include/person_msgs
[0.543s] -- Up-to-date: /home/yuki/ros2_ws/install/person_msgs/include/person_msgs/msg
[0.543s] -- Up-to-date: /home/yuki/ros2_ws/install/person_msgs/include/person_msgs/msg/detail
[0.543s] -- Up-to-date: /home/yuki/ros2_ws/install/person_msgs/include/person_msgs/msg/detail/person__rosidl_typesupport_fastrtps_c.h
[0.543s] -- Up-to-date: /home/yuki/ros2_ws/install/person_msgs/include/person_msgs/msg/rosidl_typesupport_fastrtps_c__visibility_control.h
[0.544s] -- Up-to-date: /home/yuki/ros2_ws/install/person_msgs/lib/libperson_msgs__rosidl_typesupport_fastrtps_c.so
[0.544s] -- Up-to-date: /home/yuki/ros2_ws/install/person_msgs/include/person_msgs
[0.545s] -- Up-to-date: /home/yuki/ros2_ws/install/person_msgs/include/person_msgs/msg
[0.545s] -- Up-to-date: /home/yuki/ros2_ws/install/person_msgs/include/person_msgs/msg/detail
[0.545s] -- Up-to-date: /home/yuki/ros2_ws/install/person_msgs/include/person_msgs/msg/detail/person__rosidl_typesupport_fastrtps_cpp.hpp
[0.545s] -- Up-to-date: /home/yuki/ros2_ws/install/person_msgs/include/person_msgs/msg/detail/dds_fastrtps
[0.546s] -- Up-to-date: /home/yuki/ros2_ws/install/person_msgs/include/person_msgs/msg/rosidl_typesupport_fastrtps_cpp__visibility_control.h
[0.547s] -- Up-to-date: /home/yuki/ros2_ws/install/person_msgs/lib/libperson_msgs__rosidl_typesupport_fastrtps_cpp.so
[0.547s] -- Up-to-date: /home/yuki/ros2_ws/install/person_msgs/include/person_msgs
[0.548s] -- Up-to-date: /home/yuki/ros2_ws/install/person_msgs/include/person_msgs/msg
[0.548s] -- Up-to-date: /home/yuki/ros2_ws/install/person_msgs/include/person_msgs/msg/detail
[0.548s] -- Up-to-date: /home/yuki/ros2_ws/install/person_msgs/include/person_msgs/msg/detail/person__rosidl_typesupport_introspection_c.h
[0.548s] -- Up-to-date: /home/yuki/ros2_ws/install/person_msgs/include/person_msgs/msg/detail/person__type_support.c
[0.548s] -- Up-to-date: /home/yuki/ros2_ws/install/person_msgs/include/person_msgs/msg/rosidl_typesupport_introspection_c__visibility_control.h
[0.549s] -- Up-to-date: /home/yuki/ros2_ws/install/person_msgs/lib/libperson_msgs__rosidl_typesupport_introspection_c.so
[0.550s] -- Up-to-date: /home/yuki/ros2_ws/install/person_msgs/lib/libperson_msgs__rosidl_typesupport_c.so
[0.550s] -- Up-to-date: /home/yuki/ros2_ws/install/person_msgs/include/person_msgs
[0.551s] -- Up-to-date: /home/yuki/ros2_ws/install/person_msgs/include/person_msgs/msg
[0.551s] -- Up-to-date: /home/yuki/ros2_ws/install/person_msgs/include/person_msgs/msg/detail
[0.551s] -- Up-to-date: /home/yuki/ros2_ws/install/person_msgs/include/person_msgs/msg/detail/person__type_support.hpp
[0.551s] -- Up-to-date: /home/yuki/ros2_ws/install/person_msgs/include/person_msgs/msg/detail/person__builder.hpp
[0.551s] -- Up-to-date: /home/yuki/ros2_ws/install/person_msgs/include/person_msgs/msg/detail/person__traits.hpp
[0.551s] -- Up-to-date: /home/yuki/ros2_ws/install/person_msgs/include/person_msgs/msg/detail/person__struct.hpp
[0.552s] -- Up-to-date: /home/yuki/ros2_ws/install/person_msgs/include/person_msgs/msg/rosidl_generator_cpp__visibility_control.hpp
[0.552s] -- Up-to-date: /home/yuki/ros2_ws/install/person_msgs/include/person_msgs/msg/person.hpp
[0.552s] -- Up-to-date: /home/yuki/ros2_ws/install/person_msgs/include/person_msgs
[0.552s] -- Up-to-date: /home/yuki/ros2_ws/install/person_msgs/include/person_msgs/msg
[0.552s] -- Up-to-date: /home/yuki/ros2_ws/install/person_msgs/include/person_msgs/msg/detail
[0.553s] -- Up-to-date: /home/yuki/ros2_ws/install/person_msgs/include/person_msgs/msg/detail/person__type_support.cpp
[0.553s] -- Up-to-date: /home/yuki/ros2_ws/install/person_msgs/include/person_msgs/msg/detail/person__rosidl_typesupport_introspection_cpp.hpp
[0.554s] -- Up-to-date: /home/yuki/ros2_ws/install/person_msgs/lib/libperson_msgs__rosidl_typesupport_introspection_cpp.so
[0.555s] -- Up-to-date: /home/yuki/ros2_ws/install/person_msgs/lib/libperson_msgs__rosidl_typesupport_cpp.so
[0.555s] -- Up-to-date: /home/yuki/ros2_ws/install/person_msgs/share/person_msgs/environment/pythonpath.sh
[0.555s] -- Up-to-date: /home/yuki/ros2_ws/install/person_msgs/share/person_msgs/environment/pythonpath.dsv
[0.555s] -- Up-to-date: /home/yuki/ros2_ws/install/person_msgs/lib/python3.8/site-packages/person_msgs/__init__.py
[0.581s] -- Up-to-date: /home/yuki/ros2_ws/install/person_msgs/lib/python3.8/site-packages/person_msgs/msg
[0.581s] -- Up-to-date: /home/yuki/ros2_ws/install/person_msgs/lib/python3.8/site-packages/person_msgs/msg/_person_s.c
[0.581s] -- Up-to-date: /home/yuki/ros2_ws/install/person_msgs/lib/python3.8/site-packages/person_msgs/msg/__init__.py
[0.581s] -- Up-to-date: /home/yuki/ros2_ws/install/person_msgs/lib/python3.8/site-packages/person_msgs/msg/_person.py
[0.582s] -- Up-to-date: /home/yuki/ros2_ws/install/person_msgs/lib/python3.8/site-packages/person_msgs/person_msgs_s__rosidl_typesupport_fastrtps_c.cpython-38-x86_64-linux-gnu.so
[0.583s] -- Up-to-date: /home/yuki/ros2_ws/install/person_msgs/lib/python3.8/site-packages/person_msgs/person_msgs_s__rosidl_typesupport_introspection_c.cpython-38-x86_64-linux-gnu.so
[0.584s] -- Up-to-date: /home/yuki/ros2_ws/install/person_msgs/lib/python3.8/site-packages/person_msgs/person_msgs_s__rosidl_typesupport_c.cpython-38-x86_64-linux-gnu.so
[0.585s] -- Up-to-date: /home/yuki/ros2_ws/install/person_msgs/lib/libperson_msgs__python.so
[0.585s] -- Up-to-date: /home/yuki/ros2_ws/install/person_msgs/share/person_msgs/msg/Person.idl
[0.585s] -- Up-to-date: /home/yuki/ros2_ws/install/person_msgs/share/person_msgs/msg/Person.msg
[0.585s] -- Up-to-date: /home/yuki/ros2_ws/install/person_msgs/share/ament_index/resource_index/package_run_dependencies/person_msgs
[0.585s] -- Up-to-date: /home/yuki/ros2_ws/install/person_msgs/share/ament_index/resource_index/parent_prefix_path/person_msgs
[0.586s] -- Up-to-date: /home/yuki/ros2_ws/install/person_msgs/share/person_msgs/environment/ament_prefix_path.sh
[0.586s] -- Up-to-date: /home/yuki/ros2_ws/install/person_msgs/share/person_msgs/environment/ament_prefix_path.dsv
[0.586s] -- Up-to-date: /home/yuki/ros2_ws/install/person_msgs/share/person_msgs/environment/path.sh
[0.586s] -- Up-to-date: /home/yuki/ros2_ws/install/person_msgs/share/person_msgs/environment/path.dsv
[0.586s] -- Up-to-date: /home/yuki/ros2_ws/install/person_msgs/share/person_msgs/local_setup.bash
[0.586s] -- Up-to-date: /home/yuki/ros2_ws/install/person_msgs/share/person_msgs/local_setup.sh
[0.586s] -- Up-to-date: /home/yuki/ros2_ws/install/person_msgs/share/person_msgs/local_setup.zsh
[0.586s] -- Up-to-date: /home/yuki/ros2_ws/install/person_msgs/share/person_msgs/local_setup.dsv
[0.586s] -- Installing: /home/yuki/ros2_ws/install/person_msgs/share/person_msgs/package.dsv
[0.587s] -- Up-to-date: /home/yuki/ros2_ws/install/person_msgs/share/ament_index/resource_index/packages/person_msgs
[0.587s] -- Up-to-date: /home/yuki/ros2_ws/install/person_msgs/share/person_msgs/cmake/person_msgs__rosidl_generator_cExport.cmake
[0.587s] -- Up-to-date: /home/yuki/ros2_ws/install/person_msgs/share/person_msgs/cmake/person_msgs__rosidl_generator_cExport-noconfig.cmake
[0.588s] -- Up-to-date: /home/yuki/ros2_ws/install/person_msgs/share/person_msgs/cmake/person_msgs__rosidl_typesupport_introspection_cExport.cmake
[0.588s] -- Up-to-date: /home/yuki/ros2_ws/install/person_msgs/share/person_msgs/cmake/person_msgs__rosidl_typesupport_introspection_cExport-noconfig.cmake
[0.589s] -- Up-to-date: /home/yuki/ros2_ws/install/person_msgs/share/person_msgs/cmake/person_msgs__rosidl_typesupport_cExport.cmake
[0.589s] -- Up-to-date: /home/yuki/ros2_ws/install/person_msgs/share/person_msgs/cmake/person_msgs__rosidl_typesupport_cExport-noconfig.cmake
[0.590s] -- Up-to-date: /home/yuki/ros2_ws/install/person_msgs/share/person_msgs/cmake/person_msgs__rosidl_generator_cppExport.cmake
[0.590s] -- Up-to-date: /home/yuki/ros2_ws/install/person_msgs/share/person_msgs/cmake/person_msgs__rosidl_typesupport_introspection_cppExport.cmake
[0.591s] -- Up-to-date: /home/yuki/ros2_ws/install/person_msgs/share/person_msgs/cmake/person_msgs__rosidl_typesupport_introspection_cppExport-noconfig.cmake
[0.591s] -- Up-to-date: /home/yuki/ros2_ws/install/person_msgs/share/person_msgs/cmake/person_msgs__rosidl_typesupport_cppExport.cmake
[0.591s] -- Up-to-date: /home/yuki/ros2_ws/install/person_msgs/share/person_msgs/cmake/person_msgs__rosidl_typesupport_cppExport-noconfig.cmake
[0.592s] -- Up-to-date: /home/yuki/ros2_ws/install/person_msgs/share/person_msgs/cmake/rosidl_cmake-extras.cmake
[0.592s] -- Up-to-date: /home/yuki/ros2_ws/install/person_msgs/share/person_msgs/cmake/ament_cmake_export_dependencies-extras.cmake
[0.592s] -- Up-to-date: /home/yuki/ros2_ws/install/person_msgs/share/person_msgs/cmake/ament_cmake_export_libraries-extras.cmake
[0.592s] -- Up-to-date: /home/yuki/ros2_ws/install/person_msgs/share/person_msgs/cmake/ament_cmake_export_targets-extras.cmake
[0.592s] -- Up-to-date: /home/yuki/ros2_ws/install/person_msgs/share/person_msgs/cmake/ament_cmake_export_include_directories-extras.cmake
[0.592s] -- Up-to-date: /home/yuki/ros2_ws/install/person_msgs/share/person_msgs/cmake/rosidl_cmake_export_typesupport_libraries-extras.cmake
[0.592s] -- Up-to-date: /home/yuki/ros2_ws/install/person_msgs/share/person_msgs/cmake/rosidl_cmake_export_typesupport_targets-extras.cmake
[0.592s] -- Up-to-date: /home/yuki/ros2_ws/install/person_msgs/share/person_msgs/cmake/person_msgsConfig.cmake
[0.592s] -- Up-to-date: /home/yuki/ros2_ws/install/person_msgs/share/person_msgs/cmake/person_msgsConfig-version.cmake
[0.592s] -- Up-to-date: /home/yuki/ros2_ws/install/person_msgs/share/person_msgs/package.xml
[0.595s] Invoked command in '/home/yuki/ros2_ws/build/person_msgs' returned '0': CMAKE_PREFIX_PATH=${CMAKE_PREFIX_PATH}:/home/yuki/ros2_ws/install/mypkg:/opt/ros/foxy /usr/bin/cmake --install /home/yuki/ros2_ws/build/person_msgs
