[0.786s] Invoking command in '/home/yuki/ros2_ws/src/mypkg': PYTHONPATH=/home/yuki/ros2_ws/build/mypkg/prefix_override:/usr/lib/python3/dist-packages/colcon_core/task/python/colcon_distutils_commands:/home/yuki/ros2_ws/install/mypkg/lib/python3.8/site-packages:${PYTHONPATH} /usr/bin/python3 -W ignore:setup.py install is deprecated setup.py egg_info --egg-base ../../build/mypkg build --build-base /home/yuki/ros2_ws/build/mypkg/build install --record /home/yuki/ros2_ws/build/mypkg/install.log --install-scripts $base/lib/mypkg --single-version-externally-managed install_data
[0.943s] running egg_info
[0.944s] writing ../../build/mypkg/mypkg.egg-info/PKG-INFO
[0.944s] writing dependency_links to ../../build/mypkg/mypkg.egg-info/dependency_links.txt
[0.945s] writing entry points to ../../build/mypkg/mypkg.egg-info/entry_points.txt
[0.946s] writing requirements to ../../build/mypkg/mypkg.egg-info/requires.txt
[0.946s] writing top-level names to ../../build/mypkg/mypkg.egg-info/top_level.txt
[0.975s] reading manifest file '../../build/mypkg/mypkg.egg-info/SOURCES.txt'
[0.976s] writing manifest file '../../build/mypkg/mypkg.egg-info/SOURCES.txt'
[0.976s] running build
[0.977s] running build_py
[0.977s] running install
[0.978s] running install_lib
[0.980s] running install_data
[0.980s] running install_egg_info
[0.982s] removing '/home/yuki/ros2_ws/install/mypkg/lib/python3.8/site-packages/mypkg-0.0.0-py3.8.egg-info' (and everything under it)
[0.983s] Copying ../../build/mypkg/mypkg.egg-info to /home/yuki/ros2_ws/install/mypkg/lib/python3.8/site-packages/mypkg-0.0.0-py3.8.egg-info
[0.984s] running install_scripts
[1.000s] Installing listener script to /home/yuki/ros2_ws/install/mypkg/lib/mypkg
[1.000s] Installing talker script to /home/yuki/ros2_ws/install/mypkg/lib/mypkg
[1.001s] writing list of installed files to '/home/yuki/ros2_ws/build/mypkg/install.log'
[1.020s] Invoked command in '/home/yuki/ros2_ws/src/mypkg' returned '0': PYTHONPATH=/home/yuki/ros2_ws/build/mypkg/prefix_override:/usr/lib/python3/dist-packages/colcon_core/task/python/colcon_distutils_commands:/home/yuki/ros2_ws/install/mypkg/lib/python3.8/site-packages:${PYTHONPATH} /usr/bin/python3 -W ignore:setup.py install is deprecated setup.py egg_info --egg-base ../../build/mypkg build --build-base /home/yuki/ros2_ws/build/mypkg/build install --record /home/yuki/ros2_ws/build/mypkg/install.log --install-scripts $base/lib/mypkg --single-version-externally-managed install_data
