[0.200s] Invoking command in '/home/yuki/ros2_ws/build/person_msgs': CMAKE_PREFIX_PATH=${CMAKE_PREFIX_PATH}:/home/yuki/ros2_ws/install/mypkg:/opt/ros/foxy /usr/bin/cmake --build /home/yuki/ros2_ws/build/person_msgs -- -j12 -l12
[0.345s] [  9%] Built target person_msgs__rosidl_generator_c
[0.345s] [ 12%] Built target person_msgs__cpp
[0.389s] [ 32%] Built target person_msgs__rosidl_typesupport_c
[0.389s] [ 32%] Built target person_msgs__rosidl_typesupport_cpp
[0.391s] [ 41%] Built target person_msgs__rosidl_typesupport_introspection_cpp
[0.394s] [ 51%] Built target person_msgs__rosidl_typesupport_introspection_c
[0.413s] [ 61%] Built target person_msgs__rosidl_typesupport_fastrtps_cpp
[0.437s] [ 70%] Built target person_msgs__rosidl_typesupport_fastrtps_c
[0.454s] [ 70%] Built target person_msgs
[0.471s] [ 74%] Built target person_msgs__py
[0.495s] [ 80%] Built target person_msgs__python
[0.523s] [ 87%] Built target person_msgs__rosidl_typesupport_fastrtps_c__pyext
[0.523s] [ 93%] Built target person_msgs__rosidl_typesupport_introspection_c__pyext
[0.524s] [100%] Built target person_msgs__rosidl_typesupport_c__pyext
[0.532s] Invoked command in '/home/yuki/ros2_ws/build/person_msgs' returned '0': CMAKE_PREFIX_PATH=${CMAKE_PREFIX_PATH}:/home/yuki/ros2_ws/install/mypkg:/opt/ros/foxy /usr/bin/cmake --build /home/yuki/ros2_ws/build/person_msgs -- -j12 -l12
[0.582s] Invoking command in '/home/yuki/ros2_ws/build/person_msgs': CMAKE_PREFIX_PATH=${CMAKE_PREFIX_PATH}:/home/yuki/ros2_ws/install/mypkg:/opt/ros/foxy /usr/bin/cmake --install /home/yuki/ros2_ws/build/person_msgs
[0.591s] -- Install configuration: ""
[0.591s] -- Up-to-date: /home/yuki/ros2_ws/install/person_msgs/share/ament_index/resource_index/rosidl_interfaces/person_msgs
[0.591s] -- Up-to-date: /home/yuki/ros2_ws/install/person_msgs/include/person_msgs
[0.592s] -- Up-to-date: /home/yuki/ros2_ws/install/person_msgs/include/person_msgs/msg
[0.592s] -- Up-to-date: /home/yuki/ros2_ws/install/person_msgs/include/person_msgs/msg/detail
[0.592s] -- Up-to-date: /home/yuki/ros2_ws/install/person_msgs/include/person_msgs/msg/detail/person__functions.h
[0.592s] -- Up-to-date: /home/yuki/ros2_ws/install/person_msgs/include/person_msgs/msg/detail/person__functions.c
[0.593s] -- Up-to-date: /home/yuki/ros2_ws/install/person_msgs/include/person_msgs/msg/detail/person__type_support.h
[0.593s] -- Up-to-date: /home/yuki/ros2_ws/install/person_msgs/include/person_msgs/msg/detail/person__struct.h
[0.593s] -- Up-to-date: /home/yuki/ros2_ws/install/person_msgs/include/person_msgs/msg/rosidl_generator_c__visibility_control.h
[0.593s] -- Up-to-date: /home/yuki/ros2_ws/install/person_msgs/include/person_msgs/msg/person.h
[0.593s] -- Up-to-date: /home/yuki/ros2_ws/install/person_msgs/share/person_msgs/environment/library_path.sh
[0.593s] -- Up-to-date: /home/yuki/ros2_ws/install/person_msgs/share/person_msgs/environment/library_path.dsv
[0.594s] -- Up-to-date: /home/yuki/ros2_ws/install/person_msgs/lib/libperson_msgs__rosidl_generator_c.so
[0.594s] -- Up-to-date: /home/yuki/ros2_ws/install/person_msgs/include/person_msgs
[0.595s] -- Up-to-date: /home/yuki/ros2_ws/install/person_msgs/include/person_msgs/msg
[0.595s] -- Up-to-date: /home/yuki/ros2_ws/install/person_msgs/include/person_msgs/msg/detail
[0.595s] -- Up-to-date: /home/yuki/ros2_ws/install/person_msgs/include/person_msgs/msg/detail/person__rosidl_typesupport_fastrtps_c.h
[0.595s] -- Up-to-date: /home/yuki/ros2_ws/install/person_msgs/include/person_msgs/msg/rosidl_typesupport_fastrtps_c__visibility_control.h
[0.596s] -- Up-to-date: /home/yuki/ros2_ws/install/person_msgs/lib/libperson_msgs__rosidl_typesupport_fastrtps_c.so
[0.596s] -- Up-to-date: /home/yuki/ros2_ws/install/person_msgs/include/person_msgs
[0.597s] -- Up-to-date: /home/yuki/ros2_ws/install/person_msgs/include/person_msgs/msg
[0.597s] -- Up-to-date: /home/yuki/ros2_ws/install/person_msgs/include/person_msgs/msg/detail
[0.597s] -- Up-to-date: /home/yuki/ros2_ws/install/person_msgs/include/person_msgs/msg/detail/person__rosidl_typesupport_fastrtps_cpp.hpp
[0.597s] -- Up-to-date: /home/yuki/ros2_ws/install/person_msgs/include/person_msgs/msg/detail/dds_fastrtps
[0.598s] -- Up-to-date: /home/yuki/ros2_ws/install/person_msgs/include/person_msgs/msg/rosidl_typesupport_fastrtps_cpp__visibility_control.h
[0.599s] -- Up-to-date: /home/yuki/ros2_ws/install/person_msgs/lib/libperson_msgs__rosidl_typesupport_fastrtps_cpp.so
[0.599s] -- Up-to-date: /home/yuki/ros2_ws/install/person_msgs/include/person_msgs
[0.599s] -- Up-to-date: /home/yuki/ros2_ws/install/person_msgs/include/person_msgs/msg
[0.599s] -- Up-to-date: /home/yuki/ros2_ws/install/person_msgs/include/person_msgs/msg/detail
[0.599s] -- Up-to-date: /home/yuki/ros2_ws/install/person_msgs/include/person_msgs/msg/detail/person__rosidl_typesupport_introspection_c.h
[0.600s] -- Up-to-date: /home/yuki/ros2_ws/install/person_msgs/include/person_msgs/msg/detail/person__type_support.c
[0.600s] -- Up-to-date: /home/yuki/ros2_ws/install/person_msgs/include/person_msgs/msg/rosidl_typesupport_introspection_c__visibility_control.h
[0.601s] -- Up-to-date: /home/yuki/ros2_ws/install/person_msgs/lib/libperson_msgs__rosidl_typesupport_introspection_c.so
[0.602s] -- Up-to-date: /home/yuki/ros2_ws/install/person_msgs/lib/libperson_msgs__rosidl_typesupport_c.so
[0.603s] -- Up-to-date: /home/yuki/ros2_ws/install/person_msgs/include/person_msgs
[0.604s] -- Up-to-date: /home/yuki/ros2_ws/install/person_msgs/include/person_msgs/msg
[0.604s] -- Up-to-date: /home/yuki/ros2_ws/install/person_msgs/include/person_msgs/msg/detail
[0.604s] -- Up-to-date: /home/yuki/ros2_ws/install/person_msgs/include/person_msgs/msg/detail/person__type_support.hpp
[0.604s] -- Up-to-date: /home/yuki/ros2_ws/install/person_msgs/include/person_msgs/msg/detail/person__builder.hpp
[0.604s] -- Up-to-date: /home/yuki/ros2_ws/install/person_msgs/include/person_msgs/msg/detail/person__traits.hpp
[0.604s] -- Up-to-date: /home/yuki/ros2_ws/install/person_msgs/include/person_msgs/msg/detail/person__struct.hpp
[0.605s] -- Up-to-date: /home/yuki/ros2_ws/install/person_msgs/include/person_msgs/msg/rosidl_generator_cpp__visibility_control.hpp
[0.605s] -- Up-to-date: /home/yuki/ros2_ws/install/person_msgs/include/person_msgs/msg/person.hpp
[0.605s] -- Up-to-date: /home/yuki/ros2_ws/install/person_msgs/include/person_msgs
[0.605s] -- Up-to-date: /home/yuki/ros2_ws/install/person_msgs/include/person_msgs/msg
[0.606s] -- Up-to-date: /home/yuki/ros2_ws/install/person_msgs/include/person_msgs/msg/detail
[0.607s] -- Up-to-date: /home/yuki/ros2_ws/install/person_msgs/include/person_msgs/msg/detail/person__type_support.cpp
[0.607s] -- Up-to-date: /home/yuki/ros2_ws/install/person_msgs/include/person_msgs/msg/detail/person__rosidl_typesupport_introspection_cpp.hpp
[0.608s] -- Up-to-date: /home/yuki/ros2_ws/install/person_msgs/lib/libperson_msgs__rosidl_typesupport_introspection_cpp.so
[0.609s] -- Up-to-date: /home/yuki/ros2_ws/install/person_msgs/lib/libperson_msgs__rosidl_typesupport_cpp.so
[0.610s] -- Up-to-date: /home/yuki/ros2_ws/install/person_msgs/share/person_msgs/environment/pythonpath.sh
[0.610s] -- Up-to-date: /home/yuki/ros2_ws/install/person_msgs/share/person_msgs/environment/pythonpath.dsv
[0.610s] -- Up-to-date: /home/yuki/ros2_ws/install/person_msgs/lib/python3.8/site-packages/person_msgs/__init__.py
[0.645s] -- Up-to-date: /home/yuki/ros2_ws/install/person_msgs/lib/python3.8/site-packages/person_msgs/msg
[0.645s] -- Up-to-date: /home/yuki/ros2_ws/install/person_msgs/lib/python3.8/site-packages/person_msgs/msg/_person_s.c
[0.645s] -- Up-to-date: /home/yuki/ros2_ws/install/person_msgs/lib/python3.8/site-packages/person_msgs/msg/__init__.py
[0.645s] -- Up-to-date: /home/yuki/ros2_ws/install/person_msgs/lib/python3.8/site-packages/person_msgs/msg/_person.py
[0.646s] -- Up-to-date: /home/yuki/ros2_ws/install/person_msgs/lib/python3.8/site-packages/person_msgs/person_msgs_s__rosidl_typesupport_fastrtps_c.cpython-38-x86_64-linux-gnu.so
[0.647s] -- Up-to-date: /home/yuki/ros2_ws/install/person_msgs/lib/python3.8/site-packages/person_msgs/person_msgs_s__rosidl_typesupport_introspection_c.cpython-38-x86_64-linux-gnu.so
[0.648s] -- Up-to-date: /home/yuki/ros2_ws/install/person_msgs/lib/python3.8/site-packages/person_msgs/person_msgs_s__rosidl_typesupport_c.cpython-38-x86_64-linux-gnu.so
[0.649s] -- Up-to-date: /home/yuki/ros2_ws/install/person_msgs/lib/libperson_msgs__python.so
[0.649s] -- Up-to-date: /home/yuki/ros2_ws/install/person_msgs/share/person_msgs/msg/Person.idl
[0.649s] -- Up-to-date: /home/yuki/ros2_ws/install/person_msgs/share/person_msgs/msg/Person.msg
[0.650s] -- Up-to-date: /home/yuki/ros2_ws/install/person_msgs/share/ament_index/resource_index/package_run_dependencies/person_msgs
[0.650s] -- Up-to-date: /home/yuki/ros2_ws/install/person_msgs/share/ament_index/resource_index/parent_prefix_path/person_msgs
[0.650s] -- Up-to-date: /home/yuki/ros2_ws/install/person_msgs/share/person_msgs/environment/ament_prefix_path.sh
[0.650s] -- Up-to-date: /home/yuki/ros2_ws/install/person_msgs/share/person_msgs/environment/ament_prefix_path.dsv
[0.650s] -- Up-to-date: /home/yuki/ros2_ws/install/person_msgs/share/person_msgs/environment/path.sh
[0.650s] -- Up-to-date: /home/yuki/ros2_ws/install/person_msgs/share/person_msgs/environment/path.dsv
[0.650s] -- Up-to-date: /home/yuki/ros2_ws/install/person_msgs/share/person_msgs/local_setup.bash
[0.650s] -- Up-to-date: /home/yuki/ros2_ws/install/person_msgs/share/person_msgs/local_setup.sh
[0.650s] -- Up-to-date: /home/yuki/ros2_ws/install/person_msgs/share/person_msgs/local_setup.zsh
[0.650s] -- Up-to-date: /home/yuki/ros2_ws/install/person_msgs/share/person_msgs/local_setup.dsv
[0.651s] -- Installing: /home/yuki/ros2_ws/install/person_msgs/share/person_msgs/package.dsv
[0.652s] -- Up-to-date: /home/yuki/ros2_ws/install/person_msgs/share/ament_index/resource_index/packages/person_msgs
[0.653s] -- Up-to-date: /home/yuki/ros2_ws/install/person_msgs/share/person_msgs/cmake/person_msgs__rosidl_generator_cExport.cmake
[0.653s] -- Up-to-date: /home/yuki/ros2_ws/install/person_msgs/share/person_msgs/cmake/person_msgs__rosidl_generator_cExport-noconfig.cmake
[0.653s] -- Up-to-date: /home/yuki/ros2_ws/install/person_msgs/share/person_msgs/cmake/person_msgs__rosidl_typesupport_introspection_cExport.cmake
[0.654s] -- Up-to-date: /home/yuki/ros2_ws/install/person_msgs/share/person_msgs/cmake/person_msgs__rosidl_typesupport_introspection_cExport-noconfig.cmake
[0.654s] -- Up-to-date: /home/yuki/ros2_ws/install/person_msgs/share/person_msgs/cmake/person_msgs__rosidl_typesupport_cExport.cmake
[0.654s] -- Up-to-date: /home/yuki/ros2_ws/install/person_msgs/share/person_msgs/cmake/person_msgs__rosidl_typesupport_cExport-noconfig.cmake
[0.655s] -- Up-to-date: /home/yuki/ros2_ws/install/person_msgs/share/person_msgs/cmake/person_msgs__rosidl_generator_cppExport.cmake
[0.655s] -- Up-to-date: /home/yuki/ros2_ws/install/person_msgs/share/person_msgs/cmake/person_msgs__rosidl_typesupport_introspection_cppExport.cmake
[0.656s] -- Up-to-date: /home/yuki/ros2_ws/install/person_msgs/share/person_msgs/cmake/person_msgs__rosidl_typesupport_introspection_cppExport-noconfig.cmake
[0.656s] -- Up-to-date: /home/yuki/ros2_ws/install/person_msgs/share/person_msgs/cmake/person_msgs__rosidl_typesupport_cppExport.cmake
[0.656s] -- Up-to-date: /home/yuki/ros2_ws/install/person_msgs/share/person_msgs/cmake/person_msgs__rosidl_typesupport_cppExport-noconfig.cmake
[0.656s] -- Up-to-date: /home/yuki/ros2_ws/install/person_msgs/share/person_msgs/cmake/rosidl_cmake-extras.cmake
[0.657s] -- Up-to-date: /home/yuki/ros2_ws/install/person_msgs/share/person_msgs/cmake/ament_cmake_export_dependencies-extras.cmake
[0.657s] -- Up-to-date: /home/yuki/ros2_ws/install/person_msgs/share/person_msgs/cmake/ament_cmake_export_libraries-extras.cmake
[0.657s] -- Up-to-date: /home/yuki/ros2_ws/install/person_msgs/share/person_msgs/cmake/ament_cmake_export_targets-extras.cmake
[0.657s] -- Up-to-date: /home/yuki/ros2_ws/install/person_msgs/share/person_msgs/cmake/ament_cmake_export_include_directories-extras.cmake
[0.657s] -- Up-to-date: /home/yuki/ros2_ws/install/person_msgs/share/person_msgs/cmake/rosidl_cmake_export_typesupport_libraries-extras.cmake
[0.657s] -- Up-to-date: /home/yuki/ros2_ws/install/person_msgs/share/person_msgs/cmake/rosidl_cmake_export_typesupport_targets-extras.cmake
[0.657s] -- Up-to-date: /home/yuki/ros2_ws/install/person_msgs/share/person_msgs/cmake/person_msgsConfig.cmake
[0.657s] -- Up-to-date: /home/yuki/ros2_ws/install/person_msgs/share/person_msgs/cmake/person_msgsConfig-version.cmake
[0.657s] -- Up-to-date: /home/yuki/ros2_ws/install/person_msgs/share/person_msgs/package.xml
[0.661s] Invoked command in '/home/yuki/ros2_ws/build/person_msgs' returned '0': CMAKE_PREFIX_PATH=${CMAKE_PREFIX_PATH}:/home/yuki/ros2_ws/install/mypkg:/opt/ros/foxy /usr/bin/cmake --install /home/yuki/ros2_ws/build/person_msgs
