[0.776s] Invoking command in '/home/yuki/ros2_ws/src/jst_gmt': PYTHONPATH=/home/yuki/ros2_ws/build/jst_gmt/prefix_override:/usr/lib/python3/dist-packages/colcon_core/task/python/colcon_distutils_commands:/home/yuki/ros2_ws/install/jst_gmt/lib/python3.8/site-packages:${PYTHONPATH} /usr/bin/python3 -W ignore:setup.py install is deprecated setup.py egg_info --egg-base ../../build/jst_gmt build --build-base /home/yuki/ros2_ws/build/jst_gmt/build install --record /home/yuki/ros2_ws/build/jst_gmt/install.log --install-scripts $base/lib/jst_gmt --single-version-externally-managed install_data
[0.922s] running egg_info
[0.922s] writing ../../build/jst_gmt/jst_gmt.egg-info/PKG-INFO
[0.922s] writing dependency_links to ../../build/jst_gmt/jst_gmt.egg-info/dependency_links.txt
[0.923s] writing entry points to ../../build/jst_gmt/jst_gmt.egg-info/entry_points.txt
[0.923s] writing requirements to ../../build/jst_gmt/jst_gmt.egg-info/requires.txt
[0.923s] writing top-level names to ../../build/jst_gmt/jst_gmt.egg-info/top_level.txt
[0.947s] reading manifest file '../../build/jst_gmt/jst_gmt.egg-info/SOURCES.txt'
[0.948s] writing manifest file '../../build/jst_gmt/jst_gmt.egg-info/SOURCES.txt'
[0.948s] running build
[0.949s] running build_py
[0.949s] copying jst_gmt/talker.py -> /home/yuki/ros2_ws/build/jst_gmt/build/lib/jst_gmt
[0.949s] running install
[0.950s] running install_lib
[0.951s] copying /home/yuki/ros2_ws/build/jst_gmt/build/lib/jst_gmt/talker.py -> /home/yuki/ros2_ws/install/jst_gmt/lib/python3.8/site-packages/jst_gmt
[0.951s] byte-compiling /home/yuki/ros2_ws/install/jst_gmt/lib/python3.8/site-packages/jst_gmt/talker.py to talker.cpython-38.pyc
[0.953s] running install_data
[0.953s] running install_egg_info
[0.955s] removing '/home/yuki/ros2_ws/install/jst_gmt/lib/python3.8/site-packages/jst_gmt-0.0.0-py3.8.egg-info' (and everything under it)
[0.955s] Copying ../../build/jst_gmt/jst_gmt.egg-info to /home/yuki/ros2_ws/install/jst_gmt/lib/python3.8/site-packages/jst_gmt-0.0.0-py3.8.egg-info
[0.957s] running install_scripts
[0.970s] Installing listener script to /home/yuki/ros2_ws/install/jst_gmt/lib/jst_gmt
[0.970s] Installing talker script to /home/yuki/ros2_ws/install/jst_gmt/lib/jst_gmt
[0.970s] writing list of installed files to '/home/yuki/ros2_ws/build/jst_gmt/install.log'
[0.989s] Invoked command in '/home/yuki/ros2_ws/src/jst_gmt' returned '0': PYTHONPATH=/home/yuki/ros2_ws/build/jst_gmt/prefix_override:/usr/lib/python3/dist-packages/colcon_core/task/python/colcon_distutils_commands:/home/yuki/ros2_ws/install/jst_gmt/lib/python3.8/site-packages:${PYTHONPATH} /usr/bin/python3 -W ignore:setup.py install is deprecated setup.py egg_info --egg-base ../../build/jst_gmt build --build-base /home/yuki/ros2_ws/build/jst_gmt/build install --record /home/yuki/ros2_ws/build/jst_gmt/install.log --install-scripts $base/lib/jst_gmt --single-version-externally-managed install_data
