[0.563s] Invoking command in '/home/yuki/ros2_ws/src/mypkg': PYTHONPATH=/home/yuki/ros2_ws/build/mypkg/prefix_override:/usr/lib/python3/dist-packages/colcon_core/task/python/colcon_distutils_commands:/home/yuki/ros2_ws/install/mypkg/lib/python3.8/site-packages:${PYTHONPATH} /usr/bin/python3 -W ignore:setup.py install is deprecated setup.py egg_info --egg-base ../../build/mypkg build --build-base /home/yuki/ros2_ws/build/mypkg/build install --record /home/yuki/ros2_ws/build/mypkg/install.log --install-scripts $base/lib/mypkg --single-version-externally-managed install_data
[0.695s] running egg_info
[0.696s] writing ../../build/mypkg/mypkg.egg-info/PKG-INFO
[0.697s] writing dependency_links to ../../build/mypkg/mypkg.egg-info/dependency_links.txt
[0.697s] writing entry points to ../../build/mypkg/mypkg.egg-info/entry_points.txt
[0.697s] writing requirements to ../../build/mypkg/mypkg.egg-info/requires.txt
[0.697s] writing top-level names to ../../build/mypkg/mypkg.egg-info/top_level.txt
[0.725s] reading manifest file '../../build/mypkg/mypkg.egg-info/SOURCES.txt'
[0.727s] writing manifest file '../../build/mypkg/mypkg.egg-info/SOURCES.txt'
[0.727s] running build
[0.727s] running build_py
[0.727s] running install
[0.727s] running install_lib
[0.729s] running install_data
[0.730s] running install_egg_info
[0.731s] removing '/home/yuki/ros2_ws/install/mypkg/lib/python3.8/site-packages/mypkg-0.0.0-py3.8.egg-info' (and everything under it)
[0.732s] Copying ../../build/mypkg/mypkg.egg-info to /home/yuki/ros2_ws/install/mypkg/lib/python3.8/site-packages/mypkg-0.0.0-py3.8.egg-info
[0.733s] running install_scripts
[0.747s] Installing listener script to /home/yuki/ros2_ws/install/mypkg/lib/mypkg
[0.748s] Installing talker script to /home/yuki/ros2_ws/install/mypkg/lib/mypkg
[0.748s] writing list of installed files to '/home/yuki/ros2_ws/build/mypkg/install.log'
[0.767s] Invoked command in '/home/yuki/ros2_ws/src/mypkg' returned '0': PYTHONPATH=/home/yuki/ros2_ws/build/mypkg/prefix_override:/usr/lib/python3/dist-packages/colcon_core/task/python/colcon_distutils_commands:/home/yuki/ros2_ws/install/mypkg/lib/python3.8/site-packages:${PYTHONPATH} /usr/bin/python3 -W ignore:setup.py install is deprecated setup.py egg_info --egg-base ../../build/mypkg build --build-base /home/yuki/ros2_ws/build/mypkg/build install --record /home/yuki/ros2_ws/build/mypkg/install.log --install-scripts $base/lib/mypkg --single-version-externally-managed install_data
