[0.311s] Invoking command in '/home/yuki/ros2_ws/build/person_msgs': CMAKE_PREFIX_PATH=${CMAKE_PREFIX_PATH}:/home/yuki/ros2_ws/install/jst_gmt:/home/yuki/ros2_ws/install/mypkg:/opt/ros/foxy /usr/bin/cmake --build /home/yuki/ros2_ws/build/person_msgs -- -j12 -l12
[0.503s] [  2%] Built target person_msgs__cpp
[0.510s] [ 12%] Built target person_msgs__rosidl_generator_c
[0.532s] [ 23%] Built target person_msgs__rosidl_typesupport_cpp
[0.534s] [ 33%] Built target person_msgs__rosidl_typesupport_introspection_cpp
[0.544s] [ 43%] Built target person_msgs__rosidl_typesupport_introspection_c
[0.545s] [ 53%] Built target person_msgs__rosidl_typesupport_c
[0.552s] [ 64%] Built target person_msgs__rosidl_typesupport_fastrtps_cpp
[0.577s] [ 74%] Built target person_msgs__rosidl_typesupport_fastrtps_c
[0.601s] [ 74%] Built target person_msgs
[0.626s] [ 76%] Built target person_msgs__py
[0.654s] [ 84%] Built target person_msgs__python
[0.681s] [ 89%] Built target person_msgs__rosidl_typesupport_c__pyext
[0.681s] [ 94%] Built target person_msgs__rosidl_typesupport_introspection_c__pyext
[0.689s] [100%] Built target person_msgs__rosidl_typesupport_fastrtps_c__pyext
[0.700s] Invoked command in '/home/yuki/ros2_ws/build/person_msgs' returned '0': CMAKE_PREFIX_PATH=${CMAKE_PREFIX_PATH}:/home/yuki/ros2_ws/install/jst_gmt:/home/yuki/ros2_ws/install/mypkg:/opt/ros/foxy /usr/bin/cmake --build /home/yuki/ros2_ws/build/person_msgs -- -j12 -l12
[0.796s] Invoking command in '/home/yuki/ros2_ws/build/person_msgs': CMAKE_PREFIX_PATH=${CMAKE_PREFIX_PATH}:/home/yuki/ros2_ws/install/jst_gmt:/home/yuki/ros2_ws/install/mypkg:/opt/ros/foxy /usr/bin/cmake --install /home/yuki/ros2_ws/build/person_msgs
[0.807s] -- Install configuration: ""
[0.807s] -- Up-to-date: /home/yuki/ros2_ws/install/person_msgs/share/ament_index/resource_index/rosidl_interfaces/person_msgs
[0.807s] -- Up-to-date: /home/yuki/ros2_ws/install/person_msgs/include/person_msgs
[0.808s] -- Up-to-date: /home/yuki/ros2_ws/install/person_msgs/include/person_msgs/srv
[0.808s] -- Up-to-date: /home/yuki/ros2_ws/install/person_msgs/include/person_msgs/srv/detail
[0.808s] -- Up-to-date: /home/yuki/ros2_ws/install/person_msgs/include/person_msgs/srv/detail/query__functions.c
[0.808s] -- Up-to-date: /home/yuki/ros2_ws/install/person_msgs/include/person_msgs/srv/detail/query__functions.h
[0.809s] -- Up-to-date: /home/yuki/ros2_ws/install/person_msgs/include/person_msgs/srv/detail/query__struct.h
[0.809s] -- Up-to-date: /home/yuki/ros2_ws/install/person_msgs/include/person_msgs/srv/detail/query__type_support.h
[0.809s] -- Up-to-date: /home/yuki/ros2_ws/install/person_msgs/include/person_msgs/srv/query.h
[0.809s] -- Up-to-date: /home/yuki/ros2_ws/install/person_msgs/include/person_msgs/msg
[0.809s] -- Up-to-date: /home/yuki/ros2_ws/install/person_msgs/include/person_msgs/msg/detail
[0.809s] -- Up-to-date: /home/yuki/ros2_ws/install/person_msgs/include/person_msgs/msg/detail/person__functions.h
[0.809s] -- Up-to-date: /home/yuki/ros2_ws/install/person_msgs/include/person_msgs/msg/detail/person__functions.c
[0.809s] -- Up-to-date: /home/yuki/ros2_ws/install/person_msgs/include/person_msgs/msg/detail/person__type_support.h
[0.809s] -- Up-to-date: /home/yuki/ros2_ws/install/person_msgs/include/person_msgs/msg/detail/person__struct.h
[0.809s] -- Up-to-date: /home/yuki/ros2_ws/install/person_msgs/include/person_msgs/msg/rosidl_generator_c__visibility_control.h
[0.809s] -- Up-to-date: /home/yuki/ros2_ws/install/person_msgs/include/person_msgs/msg/person.h
[0.809s] -- Up-to-date: /home/yuki/ros2_ws/install/person_msgs/share/person_msgs/environment/library_path.sh
[0.810s] -- Up-to-date: /home/yuki/ros2_ws/install/person_msgs/share/person_msgs/environment/library_path.dsv
[0.810s] -- Up-to-date: /home/yuki/ros2_ws/install/person_msgs/lib/libperson_msgs__rosidl_generator_c.so
[0.811s] -- Up-to-date: /home/yuki/ros2_ws/install/person_msgs/include/person_msgs
[0.811s] -- Up-to-date: /home/yuki/ros2_ws/install/person_msgs/include/person_msgs/srv
[0.812s] -- Up-to-date: /home/yuki/ros2_ws/install/person_msgs/include/person_msgs/srv/detail
[0.813s] -- Up-to-date: /home/yuki/ros2_ws/install/person_msgs/include/person_msgs/srv/detail/query__rosidl_typesupport_fastrtps_c.h
[0.813s] -- Up-to-date: /home/yuki/ros2_ws/install/person_msgs/include/person_msgs/msg
[0.813s] -- Up-to-date: /home/yuki/ros2_ws/install/person_msgs/include/person_msgs/msg/detail
[0.813s] -- Up-to-date: /home/yuki/ros2_ws/install/person_msgs/include/person_msgs/msg/detail/person__rosidl_typesupport_fastrtps_c.h
[0.813s] -- Up-to-date: /home/yuki/ros2_ws/install/person_msgs/include/person_msgs/msg/rosidl_typesupport_fastrtps_c__visibility_control.h
[0.815s] -- Up-to-date: /home/yuki/ros2_ws/install/person_msgs/lib/libperson_msgs__rosidl_typesupport_fastrtps_c.so
[0.815s] -- Up-to-date: /home/yuki/ros2_ws/install/person_msgs/include/person_msgs
[0.816s] -- Up-to-date: /home/yuki/ros2_ws/install/person_msgs/include/person_msgs/srv
[0.816s] -- Up-to-date: /home/yuki/ros2_ws/install/person_msgs/include/person_msgs/srv/detail
[0.816s] -- Up-to-date: /home/yuki/ros2_ws/install/person_msgs/include/person_msgs/srv/detail/dds_fastrtps
[0.817s] -- Up-to-date: /home/yuki/ros2_ws/install/person_msgs/include/person_msgs/srv/detail/query__rosidl_typesupport_fastrtps_cpp.hpp
[0.817s] -- Up-to-date: /home/yuki/ros2_ws/install/person_msgs/include/person_msgs/msg
[0.817s] -- Up-to-date: /home/yuki/ros2_ws/install/person_msgs/include/person_msgs/msg/detail
[0.817s] -- Up-to-date: /home/yuki/ros2_ws/install/person_msgs/include/person_msgs/msg/detail/person__rosidl_typesupport_fastrtps_cpp.hpp
[0.817s] -- Up-to-date: /home/yuki/ros2_ws/install/person_msgs/include/person_msgs/msg/detail/dds_fastrtps
[0.817s] -- Up-to-date: /home/yuki/ros2_ws/install/person_msgs/include/person_msgs/msg/rosidl_typesupport_fastrtps_cpp__visibility_control.h
[0.818s] -- Up-to-date: /home/yuki/ros2_ws/install/person_msgs/lib/libperson_msgs__rosidl_typesupport_fastrtps_cpp.so
[0.818s] -- Up-to-date: /home/yuki/ros2_ws/install/person_msgs/include/person_msgs
[0.819s] -- Up-to-date: /home/yuki/ros2_ws/install/person_msgs/include/person_msgs/srv
[0.819s] -- Up-to-date: /home/yuki/ros2_ws/install/person_msgs/include/person_msgs/srv/detail
[0.819s] -- Up-to-date: /home/yuki/ros2_ws/install/person_msgs/include/person_msgs/srv/detail/query__type_support.c
[0.819s] -- Up-to-date: /home/yuki/ros2_ws/install/person_msgs/include/person_msgs/srv/detail/query__rosidl_typesupport_introspection_c.h
[0.819s] -- Up-to-date: /home/yuki/ros2_ws/install/person_msgs/include/person_msgs/msg
[0.820s] -- Up-to-date: /home/yuki/ros2_ws/install/person_msgs/include/person_msgs/msg/detail
[0.820s] -- Up-to-date: /home/yuki/ros2_ws/install/person_msgs/include/person_msgs/msg/detail/person__rosidl_typesupport_introspection_c.h
[0.820s] -- Up-to-date: /home/yuki/ros2_ws/install/person_msgs/include/person_msgs/msg/detail/person__type_support.c
[0.820s] -- Up-to-date: /home/yuki/ros2_ws/install/person_msgs/include/person_msgs/msg/rosidl_typesupport_introspection_c__visibility_control.h
[0.821s] -- Up-to-date: /home/yuki/ros2_ws/install/person_msgs/lib/libperson_msgs__rosidl_typesupport_introspection_c.so
[0.823s] -- Up-to-date: /home/yuki/ros2_ws/install/person_msgs/lib/libperson_msgs__rosidl_typesupport_c.so
[0.823s] -- Up-to-date: /home/yuki/ros2_ws/install/person_msgs/include/person_msgs
[0.823s] -- Up-to-date: /home/yuki/ros2_ws/install/person_msgs/include/person_msgs/srv
[0.824s] -- Up-to-date: /home/yuki/ros2_ws/install/person_msgs/include/person_msgs/srv/detail
[0.824s] -- Up-to-date: /home/yuki/ros2_ws/install/person_msgs/include/person_msgs/srv/detail/query__type_support.hpp
[0.824s] -- Up-to-date: /home/yuki/ros2_ws/install/person_msgs/include/person_msgs/srv/detail/query__struct.hpp
[0.824s] -- Up-to-date: /home/yuki/ros2_ws/install/person_msgs/include/person_msgs/srv/detail/query__builder.hpp
[0.825s] -- Up-to-date: /home/yuki/ros2_ws/install/person_msgs/include/person_msgs/srv/detail/query__traits.hpp
[0.825s] -- Up-to-date: /home/yuki/ros2_ws/install/person_msgs/include/person_msgs/srv/query.hpp
[0.825s] -- Up-to-date: /home/yuki/ros2_ws/install/person_msgs/include/person_msgs/msg
[0.825s] -- Up-to-date: /home/yuki/ros2_ws/install/person_msgs/include/person_msgs/msg/detail
[0.825s] -- Up-to-date: /home/yuki/ros2_ws/install/person_msgs/include/person_msgs/msg/detail/person__type_support.hpp
[0.825s] -- Up-to-date: /home/yuki/ros2_ws/install/person_msgs/include/person_msgs/msg/detail/person__builder.hpp
[0.825s] -- Up-to-date: /home/yuki/ros2_ws/install/person_msgs/include/person_msgs/msg/detail/person__traits.hpp
[0.826s] -- Up-to-date: /home/yuki/ros2_ws/install/person_msgs/include/person_msgs/msg/detail/person__struct.hpp
[0.826s] -- Up-to-date: /home/yuki/ros2_ws/install/person_msgs/include/person_msgs/msg/rosidl_generator_cpp__visibility_control.hpp
[0.826s] -- Up-to-date: /home/yuki/ros2_ws/install/person_msgs/include/person_msgs/msg/person.hpp
[0.826s] -- Up-to-date: /home/yuki/ros2_ws/install/person_msgs/include/person_msgs
[0.826s] -- Up-to-date: /home/yuki/ros2_ws/install/person_msgs/include/person_msgs/srv
[0.826s] -- Up-to-date: /home/yuki/ros2_ws/install/person_msgs/include/person_msgs/srv/detail
[0.826s] -- Up-to-date: /home/yuki/ros2_ws/install/person_msgs/include/person_msgs/srv/detail/query__type_support.cpp
[0.827s] -- Up-to-date: /home/yuki/ros2_ws/install/person_msgs/include/person_msgs/srv/detail/query__rosidl_typesupport_introspection_cpp.hpp
[0.827s] -- Up-to-date: /home/yuki/ros2_ws/install/person_msgs/include/person_msgs/msg
[0.827s] -- Up-to-date: /home/yuki/ros2_ws/install/person_msgs/include/person_msgs/msg/detail
[0.827s] -- Up-to-date: /home/yuki/ros2_ws/install/person_msgs/include/person_msgs/msg/detail/person__type_support.cpp
[0.827s] -- Up-to-date: /home/yuki/ros2_ws/install/person_msgs/include/person_msgs/msg/detail/person__rosidl_typesupport_introspection_cpp.hpp
[0.828s] -- Up-to-date: /home/yuki/ros2_ws/install/person_msgs/lib/libperson_msgs__rosidl_typesupport_introspection_cpp.so
[0.830s] -- Up-to-date: /home/yuki/ros2_ws/install/person_msgs/lib/libperson_msgs__rosidl_typesupport_cpp.so
[0.830s] -- Up-to-date: /home/yuki/ros2_ws/install/person_msgs/share/person_msgs/environment/pythonpath.sh
[0.831s] -- Up-to-date: /home/yuki/ros2_ws/install/person_msgs/share/person_msgs/environment/pythonpath.dsv
[0.831s] -- Up-to-date: /home/yuki/ros2_ws/install/person_msgs/lib/python3.8/site-packages/person_msgs/__init__.py
[0.868s] -- Up-to-date: /home/yuki/ros2_ws/install/person_msgs/lib/python3.8/site-packages/person_msgs/msg
[0.868s] -- Up-to-date: /home/yuki/ros2_ws/install/person_msgs/lib/python3.8/site-packages/person_msgs/msg/_person_s.c
[0.868s] -- Up-to-date: /home/yuki/ros2_ws/install/person_msgs/lib/python3.8/site-packages/person_msgs/msg/__init__.py
[0.868s] -- Up-to-date: /home/yuki/ros2_ws/install/person_msgs/lib/python3.8/site-packages/person_msgs/msg/_person.py
[0.868s] -- Up-to-date: /home/yuki/ros2_ws/install/person_msgs/lib/python3.8/site-packages/person_msgs/srv
[0.868s] -- Up-to-date: /home/yuki/ros2_ws/install/person_msgs/lib/python3.8/site-packages/person_msgs/srv/_query_s.c
[0.868s] -- Up-to-date: /home/yuki/ros2_ws/install/person_msgs/lib/python3.8/site-packages/person_msgs/srv/_query.py
[0.868s] -- Up-to-date: /home/yuki/ros2_ws/install/person_msgs/lib/python3.8/site-packages/person_msgs/srv/__init__.py
[0.870s] -- Up-to-date: /home/yuki/ros2_ws/install/person_msgs/lib/python3.8/site-packages/person_msgs/person_msgs_s__rosidl_typesupport_fastrtps_c.cpython-38-x86_64-linux-gnu.so
[0.872s] -- Up-to-date: /home/yuki/ros2_ws/install/person_msgs/lib/python3.8/site-packages/person_msgs/person_msgs_s__rosidl_typesupport_introspection_c.cpython-38-x86_64-linux-gnu.so
[0.873s] -- Up-to-date: /home/yuki/ros2_ws/install/person_msgs/lib/python3.8/site-packages/person_msgs/person_msgs_s__rosidl_typesupport_c.cpython-38-x86_64-linux-gnu.so
[0.875s] -- Up-to-date: /home/yuki/ros2_ws/install/person_msgs/lib/libperson_msgs__python.so
[0.875s] -- Up-to-date: /home/yuki/ros2_ws/install/person_msgs/share/person_msgs/msg/Person.idl
[0.875s] -- Up-to-date: /home/yuki/ros2_ws/install/person_msgs/share/person_msgs/srv/Query.idl
[0.875s] -- Up-to-date: /home/yuki/ros2_ws/install/person_msgs/share/person_msgs/msg/Person.msg
[0.876s] -- Up-to-date: /home/yuki/ros2_ws/install/person_msgs/share/person_msgs/srv/Query.srv
[0.876s] -- Up-to-date: /home/yuki/ros2_ws/install/person_msgs/share/person_msgs/srv/Query_Request.msg
[0.876s] -- Up-to-date: /home/yuki/ros2_ws/install/person_msgs/share/person_msgs/srv/Query_Response.msg
[0.876s] -- Up-to-date: /home/yuki/ros2_ws/install/person_msgs/share/ament_index/resource_index/package_run_dependencies/person_msgs
[0.876s] -- Up-to-date: /home/yuki/ros2_ws/install/person_msgs/share/ament_index/resource_index/parent_prefix_path/person_msgs
[0.877s] -- Up-to-date: /home/yuki/ros2_ws/install/person_msgs/share/person_msgs/environment/ament_prefix_path.sh
[0.877s] -- Up-to-date: /home/yuki/ros2_ws/install/person_msgs/share/person_msgs/environment/ament_prefix_path.dsv
[0.877s] -- Up-to-date: /home/yuki/ros2_ws/install/person_msgs/share/person_msgs/environment/path.sh
[0.877s] -- Up-to-date: /home/yuki/ros2_ws/install/person_msgs/share/person_msgs/environment/path.dsv
[0.877s] -- Up-to-date: /home/yuki/ros2_ws/install/person_msgs/share/person_msgs/local_setup.bash
[0.877s] -- Up-to-date: /home/yuki/ros2_ws/install/person_msgs/share/person_msgs/local_setup.sh
[0.877s] -- Up-to-date: /home/yuki/ros2_ws/install/person_msgs/share/person_msgs/local_setup.zsh
[0.877s] -- Up-to-date: /home/yuki/ros2_ws/install/person_msgs/share/person_msgs/local_setup.dsv
[0.877s] -- Installing: /home/yuki/ros2_ws/install/person_msgs/share/person_msgs/package.dsv
[0.878s] -- Up-to-date: /home/yuki/ros2_ws/install/person_msgs/share/ament_index/resource_index/packages/person_msgs
[0.879s] -- Up-to-date: /home/yuki/ros2_ws/install/person_msgs/share/person_msgs/cmake/person_msgs__rosidl_generator_cExport.cmake
[0.879s] -- Up-to-date: /home/yuki/ros2_ws/install/person_msgs/share/person_msgs/cmake/person_msgs__rosidl_generator_cExport-noconfig.cmake
[0.880s] -- Up-to-date: /home/yuki/ros2_ws/install/person_msgs/share/person_msgs/cmake/person_msgs__rosidl_typesupport_introspection_cExport.cmake
[0.881s] -- Up-to-date: /home/yuki/ros2_ws/install/person_msgs/share/person_msgs/cmake/person_msgs__rosidl_typesupport_introspection_cExport-noconfig.cmake
[0.882s] -- Up-to-date: /home/yuki/ros2_ws/install/person_msgs/share/person_msgs/cmake/person_msgs__rosidl_typesupport_cExport.cmake
[0.882s] -- Up-to-date: /home/yuki/ros2_ws/install/person_msgs/share/person_msgs/cmake/person_msgs__rosidl_typesupport_cExport-noconfig.cmake
[0.884s] -- Up-to-date: /home/yuki/ros2_ws/install/person_msgs/share/person_msgs/cmake/person_msgs__rosidl_generator_cppExport.cmake
[0.885s] -- Up-to-date: /home/yuki/ros2_ws/install/person_msgs/share/person_msgs/cmake/person_msgs__rosidl_typesupport_introspection_cppExport.cmake
[0.885s] -- Up-to-date: /home/yuki/ros2_ws/install/person_msgs/share/person_msgs/cmake/person_msgs__rosidl_typesupport_introspection_cppExport-noconfig.cmake
[0.886s] -- Up-to-date: /home/yuki/ros2_ws/install/person_msgs/share/person_msgs/cmake/person_msgs__rosidl_typesupport_cppExport.cmake
[0.887s] -- Up-to-date: /home/yuki/ros2_ws/install/person_msgs/share/person_msgs/cmake/person_msgs__rosidl_typesupport_cppExport-noconfig.cmake
[0.887s] -- Up-to-date: /home/yuki/ros2_ws/install/person_msgs/share/person_msgs/cmake/rosidl_cmake-extras.cmake
[0.887s] -- Up-to-date: /home/yuki/ros2_ws/install/person_msgs/share/person_msgs/cmake/ament_cmake_export_dependencies-extras.cmake
[0.887s] -- Up-to-date: /home/yuki/ros2_ws/install/person_msgs/share/person_msgs/cmake/ament_cmake_export_libraries-extras.cmake
[0.888s] -- Up-to-date: /home/yuki/ros2_ws/install/person_msgs/share/person_msgs/cmake/ament_cmake_export_targets-extras.cmake
[0.888s] -- Up-to-date: /home/yuki/ros2_ws/install/person_msgs/share/person_msgs/cmake/ament_cmake_export_include_directories-extras.cmake
[0.888s] -- Up-to-date: /home/yuki/ros2_ws/install/person_msgs/share/person_msgs/cmake/rosidl_cmake_export_typesupport_libraries-extras.cmake
[0.888s] -- Up-to-date: /home/yuki/ros2_ws/install/person_msgs/share/person_msgs/cmake/rosidl_cmake_export_typesupport_targets-extras.cmake
[0.888s] -- Up-to-date: /home/yuki/ros2_ws/install/person_msgs/share/person_msgs/cmake/person_msgsConfig.cmake
[0.888s] -- Up-to-date: /home/yuki/ros2_ws/install/person_msgs/share/person_msgs/cmake/person_msgsConfig-version.cmake
[0.888s] -- Up-to-date: /home/yuki/ros2_ws/install/person_msgs/share/person_msgs/package.xml
[0.892s] Invoked command in '/home/yuki/ros2_ws/build/person_msgs' returned '0': CMAKE_PREFIX_PATH=${CMAKE_PREFIX_PATH}:/home/yuki/ros2_ws/install/jst_gmt:/home/yuki/ros2_ws/install/mypkg:/opt/ros/foxy /usr/bin/cmake --install /home/yuki/ros2_ws/build/person_msgs
