[0.546s] Invoking command in '/home/yuki/ros2_ws/src/jst_gmt': PYTHONPATH=/home/yuki/ros2_ws/build/jst_gmt/prefix_override:/usr/lib/python3/dist-packages/colcon_core/task/python/colcon_distutils_commands:/home/yuki/ros2_ws/install/jst_gmt/lib/python3.8/site-packages:${PYTHONPATH} /usr/bin/python3 -W ignore:setup.py install is deprecated setup.py egg_info --egg-base ../../build/jst_gmt build --build-base /home/yuki/ros2_ws/build/jst_gmt/build install --record /home/yuki/ros2_ws/build/jst_gmt/install.log --install-scripts $base/lib/jst_gmt --single-version-externally-managed install_data
[0.682s] running egg_info
[0.682s] writing ../../build/jst_gmt/jst_gmt.egg-info/PKG-INFO
[0.682s] writing dependency_links to ../../build/jst_gmt/jst_gmt.egg-info/dependency_links.txt
[0.682s] writing entry points to ../../build/jst_gmt/jst_gmt.egg-info/entry_points.txt
[0.683s] writing requirements to ../../build/jst_gmt/jst_gmt.egg-info/requires.txt
[0.683s] writing top-level names to ../../build/jst_gmt/jst_gmt.egg-info/top_level.txt
[0.705s] reading manifest file '../../build/jst_gmt/jst_gmt.egg-info/SOURCES.txt'
[0.706s] writing manifest file '../../build/jst_gmt/jst_gmt.egg-info/SOURCES.txt'
[0.706s] running build
[0.707s] running build_py
[0.707s] copying jst_gmt/talker.py -> /home/yuki/ros2_ws/build/jst_gmt/build/lib/jst_gmt
[0.707s] running install
[0.707s] running install_lib
[0.708s] copying /home/yuki/ros2_ws/build/jst_gmt/build/lib/jst_gmt/talker.py -> /home/yuki/ros2_ws/install/jst_gmt/lib/python3.8/site-packages/jst_gmt
[0.708s] byte-compiling /home/yuki/ros2_ws/install/jst_gmt/lib/python3.8/site-packages/jst_gmt/talker.py to talker.cpython-38.pyc
[0.709s]   File "/home/yuki/ros2_ws/install/jst_gmt/lib/python3.8/site-packages/jst_gmt/talker.py", line 1
[0.709s]     import rclpy
[0.709s]                       ^
[0.710s] SyntaxError: invalid character in identifier
[0.710s] 
[0.710s] running install_data
[0.710s] running install_egg_info
[0.711s] removing '/home/yuki/ros2_ws/install/jst_gmt/lib/python3.8/site-packages/jst_gmt-0.0.0-py3.8.egg-info' (and everything under it)
[0.712s] Copying ../../build/jst_gmt/jst_gmt.egg-info to /home/yuki/ros2_ws/install/jst_gmt/lib/python3.8/site-packages/jst_gmt-0.0.0-py3.8.egg-info
[0.714s] running install_scripts
[0.727s] Installing talker script to /home/yuki/ros2_ws/install/jst_gmt/lib/jst_gmt
[0.729s] writing list of installed files to '/home/yuki/ros2_ws/build/jst_gmt/install.log'
[0.746s] Invoked command in '/home/yuki/ros2_ws/src/jst_gmt' returned '0': PYTHONPATH=/home/yuki/ros2_ws/build/jst_gmt/prefix_override:/usr/lib/python3/dist-packages/colcon_core/task/python/colcon_distutils_commands:/home/yuki/ros2_ws/install/jst_gmt/lib/python3.8/site-packages:${PYTHONPATH} /usr/bin/python3 -W ignore:setup.py install is deprecated setup.py egg_info --egg-base ../../build/jst_gmt build --build-base /home/yuki/ros2_ws/build/jst_gmt/build install --record /home/yuki/ros2_ws/build/jst_gmt/install.log --install-scripts $base/lib/jst_gmt --single-version-externally-managed install_data
