[0.877s] Invoking command in '/home/yuki/ros2_ws/src/mypkg': PYTHONPATH=/home/yuki/ros2_ws/build/mypkg/prefix_override:/usr/lib/python3/dist-packages/colcon_core/task/python/colcon_distutils_commands:/home/yuki/ros2_ws/install/mypkg/lib/python3.8/site-packages:${PYTHONPATH} /usr/bin/python3 -W ignore:setup.py install is deprecated setup.py egg_info --egg-base ../../build/mypkg build --build-base /home/yuki/ros2_ws/build/mypkg/build install --record /home/yuki/ros2_ws/build/mypkg/install.log --install-scripts $base/lib/mypkg --single-version-externally-managed install_data
[1.065s] running egg_info
[1.066s] writing ../../build/mypkg/mypkg.egg-info/PKG-INFO
[1.066s] writing dependency_links to ../../build/mypkg/mypkg.egg-info/dependency_links.txt
[1.067s] writing entry points to ../../build/mypkg/mypkg.egg-info/entry_points.txt
[1.067s] writing requirements to ../../build/mypkg/mypkg.egg-info/requires.txt
[1.068s] writing top-level names to ../../build/mypkg/mypkg.egg-info/top_level.txt
[1.103s] reading manifest file '../../build/mypkg/mypkg.egg-info/SOURCES.txt'
[1.105s] writing manifest file '../../build/mypkg/mypkg.egg-info/SOURCES.txt'
[1.105s] running build
[1.106s] running build_py
[1.106s] running install
[1.107s] running install_lib
[1.109s] running install_data
[1.110s] running install_egg_info
[1.111s] removing '/home/yuki/ros2_ws/install/mypkg/lib/python3.8/site-packages/mypkg-0.0.0-py3.8.egg-info' (and everything under it)
[1.112s] Copying ../../build/mypkg/mypkg.egg-info to /home/yuki/ros2_ws/install/mypkg/lib/python3.8/site-packages/mypkg-0.0.0-py3.8.egg-info
[1.113s] running install_scripts
[1.132s] Installing listener script to /home/yuki/ros2_ws/install/mypkg/lib/mypkg
[1.132s] Installing talker script to /home/yuki/ros2_ws/install/mypkg/lib/mypkg
[1.132s] writing list of installed files to '/home/yuki/ros2_ws/build/mypkg/install.log'
[1.158s] Invoked command in '/home/yuki/ros2_ws/src/mypkg' returned '0': PYTHONPATH=/home/yuki/ros2_ws/build/mypkg/prefix_override:/usr/lib/python3/dist-packages/colcon_core/task/python/colcon_distutils_commands:/home/yuki/ros2_ws/install/mypkg/lib/python3.8/site-packages:${PYTHONPATH} /usr/bin/python3 -W ignore:setup.py install is deprecated setup.py egg_info --egg-base ../../build/mypkg build --build-base /home/yuki/ros2_ws/build/mypkg/build install --record /home/yuki/ros2_ws/build/mypkg/install.log --install-scripts $base/lib/mypkg --single-version-externally-managed install_data
