[0.527s] Invoking command in '/home/yuki/ros2_ws/src/jst_gmt': PYTHONPATH=/home/yuki/ros2_ws/build/jst_gmt/prefix_override:/usr/lib/python3/dist-packages/colcon_core/task/python/colcon_distutils_commands:/home/yuki/ros2_ws/install/jst_gmt/lib/python3.8/site-packages:${PYTHONPATH} /usr/bin/python3 -W ignore:setup.py install is deprecated setup.py egg_info --egg-base ../../build/jst_gmt build --build-base /home/yuki/ros2_ws/build/jst_gmt/build install --record /home/yuki/ros2_ws/build/jst_gmt/install.log --install-scripts $base/lib/jst_gmt --single-version-externally-managed install_data
[0.685s] running egg_info
[0.686s] writing ../../build/jst_gmt/jst_gmt.egg-info/PKG-INFO
[0.686s] writing dependency_links to ../../build/jst_gmt/jst_gmt.egg-info/dependency_links.txt
[0.686s] writing entry points to ../../build/jst_gmt/jst_gmt.egg-info/entry_points.txt
[0.686s] writing requirements to ../../build/jst_gmt/jst_gmt.egg-info/requires.txt
[0.686s] writing top-level names to ../../build/jst_gmt/jst_gmt.egg-info/top_level.txt
[0.711s] reading manifest file '../../build/jst_gmt/jst_gmt.egg-info/SOURCES.txt'
[0.712s] writing manifest file '../../build/jst_gmt/jst_gmt.egg-info/SOURCES.txt'
[0.712s] running build
[0.712s] running build_py
[0.713s] copying jst_gmt/listener.py -> /home/yuki/ros2_ws/build/jst_gmt/build/lib/jst_gmt
[0.713s] running install
[0.713s] running install_lib
[0.713s] copying /home/yuki/ros2_ws/build/jst_gmt/build/lib/jst_gmt/listener.py -> /home/yuki/ros2_ws/install/jst_gmt/lib/python3.8/site-packages/jst_gmt
[0.714s] byte-compiling /home/yuki/ros2_ws/install/jst_gmt/lib/python3.8/site-packages/jst_gmt/listener.py to listener.cpython-38.pyc
[0.715s] running install_data
[0.715s] running install_egg_info
[0.716s] removing '/home/yuki/ros2_ws/install/jst_gmt/lib/python3.8/site-packages/jst_gmt-0.0.0-py3.8.egg-info' (and everything under it)
[0.716s] Copying ../../build/jst_gmt/jst_gmt.egg-info to /home/yuki/ros2_ws/install/jst_gmt/lib/python3.8/site-packages/jst_gmt-0.0.0-py3.8.egg-info
[0.716s]   File "/home/yuki/ros2_ws/install/jst_gmt/lib/python3.8/site-packages/jst_gmt/listener.py", line 12
[0.716s]     node.get_logger().info("Listen: %d" % msg.data)
[0.716s]                                                     　　^
[0.716s] SyntaxError: invalid character in identifier
[0.716s] 
[0.718s] running install_scripts
[0.730s] Installing listener script to /home/yuki/ros2_ws/install/jst_gmt/lib/jst_gmt
[0.730s] Installing talker script to /home/yuki/ros2_ws/install/jst_gmt/lib/jst_gmt
[0.731s] writing list of installed files to '/home/yuki/ros2_ws/build/jst_gmt/install.log'
[0.747s] Invoked command in '/home/yuki/ros2_ws/src/jst_gmt' returned '0': PYTHONPATH=/home/yuki/ros2_ws/build/jst_gmt/prefix_override:/usr/lib/python3/dist-packages/colcon_core/task/python/colcon_distutils_commands:/home/yuki/ros2_ws/install/jst_gmt/lib/python3.8/site-packages:${PYTHONPATH} /usr/bin/python3 -W ignore:setup.py install is deprecated setup.py egg_info --egg-base ../../build/jst_gmt build --build-base /home/yuki/ros2_ws/build/jst_gmt/build install --record /home/yuki/ros2_ws/build/jst_gmt/install.log --install-scripts $base/lib/jst_gmt --single-version-externally-managed install_data
