running egg_info
creating ../../build/jst_gmt/jst_gmt.egg-info
writing ../../build/jst_gmt/jst_gmt.egg-info/PKG-INFO
writing dependency_links to ../../build/jst_gmt/jst_gmt.egg-info/dependency_links.txt
writing entry points to ../../build/jst_gmt/jst_gmt.egg-info/entry_points.txt
writing requirements to ../../build/jst_gmt/jst_gmt.egg-info/requires.txt
writing top-level names to ../../build/jst_gmt/jst_gmt.egg-info/top_level.txt
writing manifest file '../../build/jst_gmt/jst_gmt.egg-info/SOURCES.txt'
reading manifest file '../../build/jst_gmt/jst_gmt.egg-info/SOURCES.txt'
writing manifest file '../../build/jst_gmt/jst_gmt.egg-info/SOURCES.txt'
running build
running build_py
creating /home/yuki/ros2_ws/build/jst_gmt/build
creating /home/yuki/ros2_ws/build/jst_gmt/build/lib
creating /home/yuki/ros2_ws/build/jst_gmt/build/lib/jst_gmt
copying jst_gmt/__init__.py -> /home/yuki/ros2_ws/build/jst_gmt/build/lib/jst_gmt
copying jst_gmt/jst_gmt.py -> /home/yuki/ros2_ws/build/jst_gmt/build/lib/jst_gmt
running install
running install_lib
creating /home/yuki/ros2_ws/install/jst_gmt/lib/python3.8/site-packages/jst_gmt
copying /home/yuki/ros2_ws/build/jst_gmt/build/lib/jst_gmt/__init__.py -> /home/yuki/ros2_ws/install/jst_gmt/lib/python3.8/site-packages/jst_gmt
copying /home/yuki/ros2_ws/build/jst_gmt/build/lib/jst_gmt/jst_gmt.py -> /home/yuki/ros2_ws/install/jst_gmt/lib/python3.8/site-packages/jst_gmt
byte-compiling /home/yuki/ros2_ws/install/jst_gmt/lib/python3.8/site-packages/jst_gmt/__init__.py to __init__.cpython-38.pyc
byte-compiling /home/yuki/ros2_ws/install/jst_gmt/lib/python3.8/site-packages/jst_gmt/jst_gmt.py to jst_gmt.cpython-38.pyc
running install_data
creating /home/yuki/ros2_ws/install/jst_gmt/share/ament_index
creating /home/yuki/ros2_ws/install/jst_gmt/share/ament_index/resource_index
creating /home/yuki/ros2_ws/install/jst_gmt/share/ament_index/resource_index/packages
error: can't copy 'resource/jst_gmt': doesn't exist or not a regular file
