[0.581s] Invoking command in '/home/yuki/ros2_ws/src/mypkg': PYTHONPATH=/home/yuki/ros2_ws/build/jst_gmt/prefix_override:/usr/lib/python3/dist-packages/colcon_core/task/python/colcon_distutils_commands:/home/yuki/ros2_ws/install/jst_gmt/lib/python3.8/site-packages:${PYTHONPATH} /usr/bin/python3 -W ignore:setup.py install is deprecated setup.py egg_info --egg-base ../../build/jst_gmt build --build-base /home/yuki/ros2_ws/build/jst_gmt/build install --record /home/yuki/ros2_ws/build/jst_gmt/install.log --install-scripts $base/lib/mypkg --single-version-externally-managed install_data
[0.705s] running egg_info
[0.706s] creating ../../build/jst_gmt/jst_gmt.egg-info
[0.706s] writing ../../build/jst_gmt/jst_gmt.egg-info/PKG-INFO
[0.706s] writing dependency_links to ../../build/jst_gmt/jst_gmt.egg-info/dependency_links.txt
[0.706s] writing entry points to ../../build/jst_gmt/jst_gmt.egg-info/entry_points.txt
[0.706s] writing requirements to ../../build/jst_gmt/jst_gmt.egg-info/requires.txt
[0.707s] writing top-level names to ../../build/jst_gmt/jst_gmt.egg-info/top_level.txt
[0.710s] writing manifest file '../../build/jst_gmt/jst_gmt.egg-info/SOURCES.txt'
[0.733s] reading manifest file '../../build/jst_gmt/jst_gmt.egg-info/SOURCES.txt'
[0.733s] writing manifest file '../../build/jst_gmt/jst_gmt.egg-info/SOURCES.txt'
[0.734s] running build
[0.734s] running build_py
[0.734s] creating /home/yuki/ros2_ws/build/jst_gmt/build
[0.734s] creating /home/yuki/ros2_ws/build/jst_gmt/build/lib
[0.734s] creating /home/yuki/ros2_ws/build/jst_gmt/build/lib/jst_gmt
[0.735s] copying jst_gmt/__init__.py -> /home/yuki/ros2_ws/build/jst_gmt/build/lib/jst_gmt
[0.735s] copying jst_gmt/jst_gmt.py -> /home/yuki/ros2_ws/build/jst_gmt/build/lib/jst_gmt
[0.735s] running install
[0.735s] running install_lib
[0.736s] creating /home/yuki/ros2_ws/install/jst_gmt/lib/python3.8/site-packages/jst_gmt
[0.737s] copying /home/yuki/ros2_ws/build/jst_gmt/build/lib/jst_gmt/__init__.py -> /home/yuki/ros2_ws/install/jst_gmt/lib/python3.8/site-packages/jst_gmt
[0.738s] copying /home/yuki/ros2_ws/build/jst_gmt/build/lib/jst_gmt/jst_gmt.py -> /home/yuki/ros2_ws/install/jst_gmt/lib/python3.8/site-packages/jst_gmt
[0.738s] byte-compiling /home/yuki/ros2_ws/install/jst_gmt/lib/python3.8/site-packages/jst_gmt/__init__.py to __init__.cpython-38.pyc
[0.738s] byte-compiling /home/yuki/ros2_ws/install/jst_gmt/lib/python3.8/site-packages/jst_gmt/jst_gmt.py to jst_gmt.cpython-38.pyc
[0.739s] running install_data
[0.739s] creating /home/yuki/ros2_ws/install/jst_gmt/share/ament_index
[0.739s] creating /home/yuki/ros2_ws/install/jst_gmt/share/ament_index/resource_index
[0.739s] creating /home/yuki/ros2_ws/install/jst_gmt/share/ament_index/resource_index/packages
[0.740s] error: can't copy 'resource/jst_gmt': doesn't exist or not a regular file
[0.754s] Invoked command in '/home/yuki/ros2_ws/src/mypkg' returned '1': PYTHONPATH=/home/yuki/ros2_ws/build/jst_gmt/prefix_override:/usr/lib/python3/dist-packages/colcon_core/task/python/colcon_distutils_commands:/home/yuki/ros2_ws/install/jst_gmt/lib/python3.8/site-packages:${PYTHONPATH} /usr/bin/python3 -W ignore:setup.py install is deprecated setup.py egg_info --egg-base ../../build/jst_gmt build --build-base /home/yuki/ros2_ws/build/jst_gmt/build install --record /home/yuki/ros2_ws/build/jst_gmt/install.log --install-scripts $base/lib/mypkg --single-version-externally-managed install_data
