[0.221s] Invoking command in '/home/yuki/ros2_ws/build/person_msgs': CMAKE_PREFIX_PATH=/home/yuki/ros2_ws/install/mypkg:/opt/ros/foxy /usr/bin/cmake /home/yuki/ros2_ws/src/person_msgs -DCMAKE_INSTALL_PREFIX=/home/yuki/ros2_ws/install/person_msgs
[0.335s] -- Found ament_cmake: 0.9.12 (/opt/ros/foxy/share/ament_cmake/cmake)
[0.360s] -- Found PythonInterp: /usr/bin/python3 (found suitable version "3.8.10", minimum required is "3") 
[0.360s] -- Using PYTHON_EXECUTABLE: /usr/bin/python3
[0.522s] -- Found rosidl_default_generators: 1.0.1 (/opt/ros/foxy/share/rosidl_default_generators/cmake)
[0.525s] -- Using all available rosidl_typesupport_c: rosidl_typesupport_fastrtps_c;rosidl_typesupport_introspection_c
[0.532s] -- Found rosidl_adapter: 1.3.1 (/opt/ros/foxy/share/rosidl_adapter/cmake)
[2.240s] -- Using all available rosidl_typesupport_cpp: rosidl_typesupport_fastrtps_cpp;rosidl_typesupport_introspection_cpp
[2.284s] -- Found PythonInterp: /usr/bin/python3 (found version "3.8.10") 
[2.389s] -- Found ament_cmake_ros: 0.9.2 (/opt/ros/foxy/share/ament_cmake_ros/cmake)
[4.338s] -- Using all available rosidl_typesupport_c: rosidl_typesupport_fastrtps_c;rosidl_typesupport_introspection_c
[4.348s] -- Using all available rosidl_typesupport_cpp: rosidl_typesupport_fastrtps_cpp;rosidl_typesupport_introspection_cpp
[4.370s] -- Found PythonInterp: /usr/bin/python3 (found suitable version "3.8.10", minimum required is "3.5") 
[4.373s] -- Found python_cmake_module: 0.8.1 (/opt/ros/foxy/share/python_cmake_module/cmake)
[4.589s] -- Found PythonLibs: /usr/lib/x86_64-linux-gnu/libpython3.8.so (found suitable version "3.8.10", minimum required is "3.5") 
[4.590s] -- Using PYTHON_EXECUTABLE: /usr/bin/python3
[4.590s] -- Using PYTHON_INCLUDE_DIRS: /usr/include/python3.8
[4.590s] -- Using PYTHON_LIBRARIES: /usr/lib/x86_64-linux-gnu/libpython3.8.so
[4.610s] -- Found PythonExtra: .so  
[4.666s] -- Found ament_lint_auto: 0.9.8 (/opt/ros/foxy/share/ament_lint_auto/cmake)
[4.696s] -- Added test 'copyright' to check source files copyright and LICENSE
[4.699s] -- Added test 'lint_cmake' to check CMake code style
[4.700s] -- Added test 'xmllint' to check XML markup files
[4.707s] -- Configuring done
[4.760s] -- Generating done
[4.764s] -- Build files have been written to: /home/yuki/ros2_ws/build/person_msgs
[4.780s] Invoked command in '/home/yuki/ros2_ws/build/person_msgs' returned '0': CMAKE_PREFIX_PATH=/home/yuki/ros2_ws/install/mypkg:/opt/ros/foxy /usr/bin/cmake /home/yuki/ros2_ws/src/person_msgs -DCMAKE_INSTALL_PREFIX=/home/yuki/ros2_ws/install/person_msgs
[4.784s] Invoking command in '/home/yuki/ros2_ws/build/person_msgs': CMAKE_PREFIX_PATH=/home/yuki/ros2_ws/install/mypkg:/opt/ros/foxy /usr/bin/cmake --build /home/yuki/ros2_ws/build/person_msgs -- -j12 -l12
[4.841s] [35m[1mScanning dependencies of target person_msgs__cpp[0m
[4.844s] [  3%] [34m[1mGenerating C code for ROS interfaces[0m
[4.860s] [  6%] [34m[1mGenerating C++ code for ROS interfaces[0m
[5.096s] [  6%] Built target person_msgs__cpp
[5.097s] [35m[1mScanning dependencies of target person_msgs__rosidl_generator_c[0m
[5.115s] [  9%] [34m[1mGenerating C++ type support dispatch for ROS interfaces[0m
[5.116s] [ 12%] [34m[1mGenerating C++ introspection for ROS interfaces[0m
[5.118s] [ 16%] [34m[1mGenerating C++ type support for eProsima Fast-RTPS[0m
[5.128s] [ 19%] [32mBuilding C object CMakeFiles/person_msgs__rosidl_generator_c.dir/rosidl_generator_c/person_msgs/msg/detail/person__functions.c.o[0m
[5.312s] [35m[1mScanning dependencies of target person_msgs__rosidl_typesupport_cpp[0m
[5.333s] [ 22%] [32m[1mLinking C shared library libperson_msgs__rosidl_generator_c.so[0m
[5.333s] [ 25%] [32mBuilding CXX object CMakeFiles/person_msgs__rosidl_typesupport_cpp.dir/rosidl_typesupport_cpp/person_msgs/msg/person__type_support.cpp.o[0m
[5.341s] [35m[1mScanning dependencies of target person_msgs__rosidl_typesupport_introspection_cpp[0m
[5.351s] [35m[1mScanning dependencies of target person_msgs__rosidl_typesupport_fastrtps_cpp[0m
[5.359s] [ 29%] [32mBuilding CXX object CMakeFiles/person_msgs__rosidl_typesupport_introspection_cpp.dir/rosidl_typesupport_introspection_cpp/person_msgs/msg/detail/person__type_support.cpp.o[0m
[5.375s] [ 32%] [32mBuilding CXX object CMakeFiles/person_msgs__rosidl_typesupport_fastrtps_cpp.dir/rosidl_typesupport_fastrtps_cpp/person_msgs/msg/detail/dds_fastrtps/person__type_support.cpp.o[0m
[5.412s] [ 32%] Built target person_msgs__rosidl_generator_c
[5.424s] [ 35%] [34m[1mGenerating C introspection for ROS interfaces[0m
[5.427s] [ 38%] [34m[1mGenerating C type support dispatch for ROS interfaces[0m
[5.649s] [35m[1mScanning dependencies of target person_msgs__rosidl_typesupport_c[0m
[5.665s] [ 41%] [32mBuilding CXX object CMakeFiles/person_msgs__rosidl_typesupport_c.dir/rosidl_typesupport_c/person_msgs/msg/person__type_support.cpp.o[0m
[5.685s] [35m[1mScanning dependencies of target person_msgs__rosidl_typesupport_introspection_c[0m
[5.702s] [ 45%] [32mBuilding C object CMakeFiles/person_msgs__rosidl_typesupport_introspection_c.dir/rosidl_typesupport_introspection_c/person_msgs/msg/detail/person__type_support.c.o[0m
[5.718s] [ 48%] [32m[1mLinking CXX shared library libperson_msgs__rosidl_typesupport_c.so[0m
[5.746s] [ 54%] [32m[1mLinking C shared library libperson_msgs__rosidl_typesupport_introspection_c.so[0m
[5.746s] [ 54%] [32m[1mLinking CXX shared library libperson_msgs__rosidl_typesupport_cpp.so[0m
[5.762s] [ 58%] [32m[1mLinking CXX shared library libperson_msgs__rosidl_typesupport_introspection_cpp.so[0m
[5.794s] [ 58%] Built target person_msgs__rosidl_typesupport_c
[5.803s] [ 58%] Built target person_msgs__rosidl_typesupport_introspection_c
[5.809s] [ 58%] Built target person_msgs__rosidl_typesupport_cpp
[5.846s] [ 58%] Built target person_msgs__rosidl_typesupport_introspection_cpp
[5.869s] [ 61%] [32m[1mLinking CXX shared library libperson_msgs__rosidl_typesupport_fastrtps_cpp.so[0m
[5.970s] [ 61%] Built target person_msgs__rosidl_typesupport_fastrtps_cpp
[5.979s] [ 64%] [34m[1mGenerating C type support for eProsima Fast-RTPS[0m
[6.125s] [35m[1mScanning dependencies of target person_msgs__rosidl_typesupport_fastrtps_c[0m
[6.141s] [ 67%] [32mBuilding CXX object CMakeFiles/person_msgs__rosidl_typesupport_fastrtps_c.dir/rosidl_typesupport_fastrtps_c/person_msgs/msg/detail/person__type_support_c.cpp.o[0m
[6.391s] [ 70%] [32m[1mLinking CXX shared library libperson_msgs__rosidl_typesupport_fastrtps_c.so[0m
[6.479s] [ 70%] Built target person_msgs__rosidl_typesupport_fastrtps_c
[6.487s] [35m[1mScanning dependencies of target person_msgs[0m
[6.496s] [ 70%] Built target person_msgs
[6.504s] [35m[1mScanning dependencies of target person_msgs__py[0m
[6.515s] [ 74%] [34m[1mGenerating Python code for ROS interfaces[0m
[6.921s] [ 74%] Built target person_msgs__py
[6.929s] [35m[1mScanning dependencies of target person_msgs__python[0m
[7.016s] [ 77%] [32mBuilding C object CMakeFiles/person_msgs__python.dir/rosidl_generator_py/person_msgs/msg/_person_s.c.o[0m
[7.128s] [ 80%] [32m[1mLinking C shared library rosidl_generator_py/person_msgs/libperson_msgs__python.so[0m
[7.180s] [ 80%] Built target person_msgs__python
[7.189s] [35m[1mScanning dependencies of target person_msgs__rosidl_typesupport_introspection_c__pyext[0m
[7.189s] [35m[1mScanning dependencies of target person_msgs__rosidl_typesupport_c__pyext[0m
[7.196s] [35m[1mScanning dependencies of target person_msgs__rosidl_typesupport_fastrtps_c__pyext[0m
[7.215s] [ 83%] [32mBuilding C object CMakeFiles/person_msgs__rosidl_typesupport_fastrtps_c__pyext.dir/rosidl_generator_py/person_msgs/_person_msgs_s.ep.rosidl_typesupport_fastrtps_c.c.o[0m
[7.219s] [ 87%] [32mBuilding C object CMakeFiles/person_msgs__rosidl_typesupport_introspection_c__pyext.dir/rosidl_generator_py/person_msgs/_person_msgs_s.ep.rosidl_typesupport_introspection_c.c.o[0m
[7.225s] [ 90%] [32mBuilding C object CMakeFiles/person_msgs__rosidl_typesupport_c__pyext.dir/rosidl_generator_py/person_msgs/_person_msgs_s.ep.rosidl_typesupport_c.c.o[0m
[7.290s] [ 93%] [32m[1mLinking C shared library rosidl_generator_py/person_msgs/person_msgs_s__rosidl_typesupport_introspection_c.cpython-38-x86_64-linux-gnu.so[0m
[7.291s] [ 96%] [32m[1mLinking CXX shared library rosidl_generator_py/person_msgs/person_msgs_s__rosidl_typesupport_fastrtps_c.cpython-38-x86_64-linux-gnu.so[0m
[7.292s] [100%] [32m[1mLinking C shared library rosidl_generator_py/person_msgs/person_msgs_s__rosidl_typesupport_c.cpython-38-x86_64-linux-gnu.so[0m
[7.344s] [100%] Built target person_msgs__rosidl_typesupport_c__pyext
[7.345s] [100%] Built target person_msgs__rosidl_typesupport_introspection_c__pyext
[7.364s] [100%] Built target person_msgs__rosidl_typesupport_fastrtps_c__pyext
[7.372s] Invoked command in '/home/yuki/ros2_ws/build/person_msgs' returned '0': CMAKE_PREFIX_PATH=/home/yuki/ros2_ws/install/mypkg:/opt/ros/foxy /usr/bin/cmake --build /home/yuki/ros2_ws/build/person_msgs -- -j12 -l12
[7.420s] Invoking command in '/home/yuki/ros2_ws/build/person_msgs': CMAKE_PREFIX_PATH=/home/yuki/ros2_ws/install/mypkg:/opt/ros/foxy /usr/bin/cmake --install /home/yuki/ros2_ws/build/person_msgs
[7.426s] -- Install configuration: ""
[7.427s] -- Installing: /home/yuki/ros2_ws/install/person_msgs/share/ament_index/resource_index/rosidl_interfaces/person_msgs
[7.427s] -- Installing: /home/yuki/ros2_ws/install/person_msgs/include/person_msgs
[7.428s] -- Installing: /home/yuki/ros2_ws/install/person_msgs/include/person_msgs/msg
[7.428s] -- Installing: /home/yuki/ros2_ws/install/person_msgs/include/person_msgs/msg/detail
[7.428s] -- Installing: /home/yuki/ros2_ws/install/person_msgs/include/person_msgs/msg/detail/person__functions.h
[7.428s] -- Installing: /home/yuki/ros2_ws/install/person_msgs/include/person_msgs/msg/detail/person__functions.c
[7.428s] -- Installing: /home/yuki/ros2_ws/install/person_msgs/include/person_msgs/msg/detail/person__type_support.h
[7.428s] -- Installing: /home/yuki/ros2_ws/install/person_msgs/include/person_msgs/msg/detail/person__struct.h
[7.428s] -- Installing: /home/yuki/ros2_ws/install/person_msgs/include/person_msgs/msg/rosidl_generator_c__visibility_control.h
[7.428s] -- Installing: /home/yuki/ros2_ws/install/person_msgs/include/person_msgs/msg/person.h
[7.429s] -- Installing: /home/yuki/ros2_ws/install/person_msgs/share/person_msgs/environment/library_path.sh
[7.429s] -- Installing: /home/yuki/ros2_ws/install/person_msgs/share/person_msgs/environment/library_path.dsv
[7.429s] -- Installing: /home/yuki/ros2_ws/install/person_msgs/lib/libperson_msgs__rosidl_generator_c.so
[7.430s] -- Set runtime path of "/home/yuki/ros2_ws/install/person_msgs/lib/libperson_msgs__rosidl_generator_c.so" to ""
[7.430s] -- Up-to-date: /home/yuki/ros2_ws/install/person_msgs/include/person_msgs
[7.430s] -- Up-to-date: /home/yuki/ros2_ws/install/person_msgs/include/person_msgs/msg
[7.430s] -- Up-to-date: /home/yuki/ros2_ws/install/person_msgs/include/person_msgs/msg/detail
[7.430s] -- Installing: /home/yuki/ros2_ws/install/person_msgs/include/person_msgs/msg/detail/person__rosidl_typesupport_fastrtps_c.h
[7.430s] -- Installing: /home/yuki/ros2_ws/install/person_msgs/include/person_msgs/msg/rosidl_typesupport_fastrtps_c__visibility_control.h
[7.430s] -- Installing: /home/yuki/ros2_ws/install/person_msgs/lib/libperson_msgs__rosidl_typesupport_fastrtps_c.so
[7.430s] -- Set runtime path of "/home/yuki/ros2_ws/install/person_msgs/lib/libperson_msgs__rosidl_typesupport_fastrtps_c.so" to ""
[7.431s] -- Up-to-date: /home/yuki/ros2_ws/install/person_msgs/include/person_msgs
[7.431s] -- Up-to-date: /home/yuki/ros2_ws/install/person_msgs/include/person_msgs/msg
[7.431s] -- Up-to-date: /home/yuki/ros2_ws/install/person_msgs/include/person_msgs/msg/detail
[7.431s] -- Installing: /home/yuki/ros2_ws/install/person_msgs/include/person_msgs/msg/detail/person__rosidl_typesupport_fastrtps_cpp.hpp
[7.431s] -- Installing: /home/yuki/ros2_ws/install/person_msgs/include/person_msgs/msg/detail/dds_fastrtps
[7.431s] -- Installing: /home/yuki/ros2_ws/install/person_msgs/include/person_msgs/msg/rosidl_typesupport_fastrtps_cpp__visibility_control.h
[7.431s] -- Installing: /home/yuki/ros2_ws/install/person_msgs/lib/libperson_msgs__rosidl_typesupport_fastrtps_cpp.so
[7.431s] -- Set runtime path of "/home/yuki/ros2_ws/install/person_msgs/lib/libperson_msgs__rosidl_typesupport_fastrtps_cpp.so" to ""
[7.431s] -- Up-to-date: /home/yuki/ros2_ws/install/person_msgs/include/person_msgs
[7.431s] -- Up-to-date: /home/yuki/ros2_ws/install/person_msgs/include/person_msgs/msg
[7.431s] -- Up-to-date: /home/yuki/ros2_ws/install/person_msgs/include/person_msgs/msg/detail
[7.431s] -- Installing: /home/yuki/ros2_ws/install/person_msgs/include/person_msgs/msg/detail/person__rosidl_typesupport_introspection_c.h
[7.432s] -- Installing: /home/yuki/ros2_ws/install/person_msgs/include/person_msgs/msg/detail/person__type_support.c
[7.432s] -- Installing: /home/yuki/ros2_ws/install/person_msgs/include/person_msgs/msg/rosidl_typesupport_introspection_c__visibility_control.h
[7.432s] -- Installing: /home/yuki/ros2_ws/install/person_msgs/lib/libperson_msgs__rosidl_typesupport_introspection_c.so
[7.432s] -- Set runtime path of "/home/yuki/ros2_ws/install/person_msgs/lib/libperson_msgs__rosidl_typesupport_introspection_c.so" to ""
[7.432s] -- Installing: /home/yuki/ros2_ws/install/person_msgs/lib/libperson_msgs__rosidl_typesupport_c.so
[7.433s] -- Set runtime path of "/home/yuki/ros2_ws/install/person_msgs/lib/libperson_msgs__rosidl_typesupport_c.so" to ""
[7.433s] -- Up-to-date: /home/yuki/ros2_ws/install/person_msgs/include/person_msgs
[7.433s] -- Up-to-date: /home/yuki/ros2_ws/install/person_msgs/include/person_msgs/msg
[7.433s] -- Up-to-date: /home/yuki/ros2_ws/install/person_msgs/include/person_msgs/msg/detail
[7.433s] -- Installing: /home/yuki/ros2_ws/install/person_msgs/include/person_msgs/msg/detail/person__type_support.hpp
[7.433s] -- Installing: /home/yuki/ros2_ws/install/person_msgs/include/person_msgs/msg/detail/person__builder.hpp
[7.433s] -- Installing: /home/yuki/ros2_ws/install/person_msgs/include/person_msgs/msg/detail/person__traits.hpp
[7.433s] -- Installing: /home/yuki/ros2_ws/install/person_msgs/include/person_msgs/msg/detail/person__struct.hpp
[7.433s] -- Installing: /home/yuki/ros2_ws/install/person_msgs/include/person_msgs/msg/rosidl_generator_cpp__visibility_control.hpp
[7.433s] -- Installing: /home/yuki/ros2_ws/install/person_msgs/include/person_msgs/msg/person.hpp
[7.433s] -- Up-to-date: /home/yuki/ros2_ws/install/person_msgs/include/person_msgs
[7.434s] -- Up-to-date: /home/yuki/ros2_ws/install/person_msgs/include/person_msgs/msg
[7.434s] -- Up-to-date: /home/yuki/ros2_ws/install/person_msgs/include/person_msgs/msg/detail
[7.434s] -- Installing: /home/yuki/ros2_ws/install/person_msgs/include/person_msgs/msg/detail/person__type_support.cpp
[7.434s] -- Installing: /home/yuki/ros2_ws/install/person_msgs/include/person_msgs/msg/detail/person__rosidl_typesupport_introspection_cpp.hpp
[7.434s] -- Installing: /home/yuki/ros2_ws/install/person_msgs/lib/libperson_msgs__rosidl_typesupport_introspection_cpp.so
[7.434s] -- Set runtime path of "/home/yuki/ros2_ws/install/person_msgs/lib/libperson_msgs__rosidl_typesupport_introspection_cpp.so" to ""
[7.434s] -- Installing: /home/yuki/ros2_ws/install/person_msgs/lib/libperson_msgs__rosidl_typesupport_cpp.so
[7.434s] -- Set runtime path of "/home/yuki/ros2_ws/install/person_msgs/lib/libperson_msgs__rosidl_typesupport_cpp.so" to ""
[7.434s] -- Installing: /home/yuki/ros2_ws/install/person_msgs/share/person_msgs/environment/pythonpath.sh
[7.435s] -- Installing: /home/yuki/ros2_ws/install/person_msgs/share/person_msgs/environment/pythonpath.dsv
[7.435s] -- Installing: /home/yuki/ros2_ws/install/person_msgs/lib/python3.8/site-packages/person_msgs/__init__.py
[7.463s] Compiling '/home/yuki/ros2_ws/install/person_msgs/lib/python3.8/site-packages/person_msgs/__init__.py'...
[7.467s] -- Installing: /home/yuki/ros2_ws/install/person_msgs/lib/python3.8/site-packages/person_msgs/msg
[7.467s] -- Installing: /home/yuki/ros2_ws/install/person_msgs/lib/python3.8/site-packages/person_msgs/msg/_person_s.c
[7.467s] -- Installing: /home/yuki/ros2_ws/install/person_msgs/lib/python3.8/site-packages/person_msgs/msg/__init__.py
[7.467s] -- Installing: /home/yuki/ros2_ws/install/person_msgs/lib/python3.8/site-packages/person_msgs/msg/_person.py
[7.467s] -- Installing: /home/yuki/ros2_ws/install/person_msgs/lib/python3.8/site-packages/person_msgs/person_msgs_s__rosidl_typesupport_fastrtps_c.cpython-38-x86_64-linux-gnu.so
[7.468s] -- Set runtime path of "/home/yuki/ros2_ws/install/person_msgs/lib/python3.8/site-packages/person_msgs/person_msgs_s__rosidl_typesupport_fastrtps_c.cpython-38-x86_64-linux-gnu.so" to ""
[7.468s] -- Installing: /home/yuki/ros2_ws/install/person_msgs/lib/python3.8/site-packages/person_msgs/person_msgs_s__rosidl_typesupport_introspection_c.cpython-38-x86_64-linux-gnu.so
[7.468s] -- Set runtime path of "/home/yuki/ros2_ws/install/person_msgs/lib/python3.8/site-packages/person_msgs/person_msgs_s__rosidl_typesupport_introspection_c.cpython-38-x86_64-linux-gnu.so" to ""
[7.468s] -- Installing: /home/yuki/ros2_ws/install/person_msgs/lib/python3.8/site-packages/person_msgs/person_msgs_s__rosidl_typesupport_c.cpython-38-x86_64-linux-gnu.so
[7.469s] -- Set runtime path of "/home/yuki/ros2_ws/install/person_msgs/lib/python3.8/site-packages/person_msgs/person_msgs_s__rosidl_typesupport_c.cpython-38-x86_64-linux-gnu.so" to ""
[7.469s] -- Installing: /home/yuki/ros2_ws/install/person_msgs/lib/libperson_msgs__python.so
[7.469s] -- Set runtime path of "/home/yuki/ros2_ws/install/person_msgs/lib/libperson_msgs__python.so" to ""
[7.470s] -- Installing: /home/yuki/ros2_ws/install/person_msgs/share/person_msgs/msg/Person.idl
[7.470s] -- Installing: /home/yuki/ros2_ws/install/person_msgs/share/person_msgs/msg/Person.msg
[7.470s] -- Installing: /home/yuki/ros2_ws/install/person_msgs/share/ament_index/resource_index/package_run_dependencies/person_msgs
[7.470s] -- Installing: /home/yuki/ros2_ws/install/person_msgs/share/ament_index/resource_index/parent_prefix_path/person_msgs
[7.471s] -- Installing: /home/yuki/ros2_ws/install/person_msgs/share/person_msgs/environment/ament_prefix_path.sh
[7.471s] -- Installing: /home/yuki/ros2_ws/install/person_msgs/share/person_msgs/environment/ament_prefix_path.dsv
[7.471s] -- Installing: /home/yuki/ros2_ws/install/person_msgs/share/person_msgs/environment/path.sh
[7.471s] -- Installing: /home/yuki/ros2_ws/install/person_msgs/share/person_msgs/environment/path.dsv
[7.472s] -- Installing: /home/yuki/ros2_ws/install/person_msgs/share/person_msgs/local_setup.bash
[7.472s] -- Installing: /home/yuki/ros2_ws/install/person_msgs/share/person_msgs/local_setup.sh
[7.472s] -- Installing: /home/yuki/ros2_ws/install/person_msgs/share/person_msgs/local_setup.zsh
[7.472s] -- Installing: /home/yuki/ros2_ws/install/person_msgs/share/person_msgs/local_setup.dsv
[7.472s] -- Installing: /home/yuki/ros2_ws/install/person_msgs/share/person_msgs/package.dsv
[7.473s] -- Installing: /home/yuki/ros2_ws/install/person_msgs/share/ament_index/resource_index/packages/person_msgs
[7.473s] -- Installing: /home/yuki/ros2_ws/install/person_msgs/share/person_msgs/cmake/person_msgs__rosidl_generator_cExport.cmake
[7.473s] -- Installing: /home/yuki/ros2_ws/install/person_msgs/share/person_msgs/cmake/person_msgs__rosidl_generator_cExport-noconfig.cmake
[7.474s] -- Installing: /home/yuki/ros2_ws/install/person_msgs/share/person_msgs/cmake/person_msgs__rosidl_typesupport_introspection_cExport.cmake
[7.474s] -- Installing: /home/yuki/ros2_ws/install/person_msgs/share/person_msgs/cmake/person_msgs__rosidl_typesupport_introspection_cExport-noconfig.cmake
[7.474s] -- Installing: /home/yuki/ros2_ws/install/person_msgs/share/person_msgs/cmake/person_msgs__rosidl_typesupport_cExport.cmake
[7.475s] -- Installing: /home/yuki/ros2_ws/install/person_msgs/share/person_msgs/cmake/person_msgs__rosidl_typesupport_cExport-noconfig.cmake
[7.475s] -- Installing: /home/yuki/ros2_ws/install/person_msgs/share/person_msgs/cmake/person_msgs__rosidl_generator_cppExport.cmake
[7.475s] -- Installing: /home/yuki/ros2_ws/install/person_msgs/share/person_msgs/cmake/person_msgs__rosidl_typesupport_introspection_cppExport.cmake
[7.476s] -- Installing: /home/yuki/ros2_ws/install/person_msgs/share/person_msgs/cmake/person_msgs__rosidl_typesupport_introspection_cppExport-noconfig.cmake
[7.476s] -- Installing: /home/yuki/ros2_ws/install/person_msgs/share/person_msgs/cmake/person_msgs__rosidl_typesupport_cppExport.cmake
[7.476s] -- Installing: /home/yuki/ros2_ws/install/person_msgs/share/person_msgs/cmake/person_msgs__rosidl_typesupport_cppExport-noconfig.cmake
[7.477s] -- Installing: /home/yuki/ros2_ws/install/person_msgs/share/person_msgs/cmake/rosidl_cmake-extras.cmake
[7.477s] -- Installing: /home/yuki/ros2_ws/install/person_msgs/share/person_msgs/cmake/ament_cmake_export_dependencies-extras.cmake
[7.477s] -- Installing: /home/yuki/ros2_ws/install/person_msgs/share/person_msgs/cmake/ament_cmake_export_libraries-extras.cmake
[7.477s] -- Installing: /home/yuki/ros2_ws/install/person_msgs/share/person_msgs/cmake/ament_cmake_export_targets-extras.cmake
[7.477s] -- Installing: /home/yuki/ros2_ws/install/person_msgs/share/person_msgs/cmake/ament_cmake_export_include_directories-extras.cmake
[7.478s] -- Installing: /home/yuki/ros2_ws/install/person_msgs/share/person_msgs/cmake/rosidl_cmake_export_typesupport_libraries-extras.cmake
[7.478s] -- Installing: /home/yuki/ros2_ws/install/person_msgs/share/person_msgs/cmake/rosidl_cmake_export_typesupport_targets-extras.cmake
[7.478s] -- Installing: /home/yuki/ros2_ws/install/person_msgs/share/person_msgs/cmake/person_msgsConfig.cmake
[7.478s] -- Installing: /home/yuki/ros2_ws/install/person_msgs/share/person_msgs/cmake/person_msgsConfig-version.cmake
[7.479s] -- Installing: /home/yuki/ros2_ws/install/person_msgs/share/person_msgs/package.xml
[7.482s] Invoked command in '/home/yuki/ros2_ws/build/person_msgs' returned '0': CMAKE_PREFIX_PATH=/home/yuki/ros2_ws/install/mypkg:/opt/ros/foxy /usr/bin/cmake --install /home/yuki/ros2_ws/build/person_msgs
