[0.559s] Invoking command in '/home/yuki/ros2_ws/src/jst_gmt': PYTHONPATH=/home/yuki/ros2_ws/build/jst_gmt/prefix_override:/usr/lib/python3/dist-packages/colcon_core/task/python/colcon_distutils_commands:/home/yuki/ros2_ws/install/jst_gmt/lib/python3.8/site-packages:${PYTHONPATH} /usr/bin/python3 -W ignore:setup.py install is deprecated setup.py egg_info --egg-base ../../build/jst_gmt build --build-base /home/yuki/ros2_ws/build/jst_gmt/build install --record /home/yuki/ros2_ws/build/jst_gmt/install.log --install-scripts $base/lib/jst_gmt --single-version-externally-managed install_data
[0.672s] running egg_info
[0.672s] writing ../../build/jst_gmt/jst_gmt.egg-info/PKG-INFO
[0.673s] writing dependency_links to ../../build/jst_gmt/jst_gmt.egg-info/dependency_links.txt
[0.673s] writing entry points to ../../build/jst_gmt/jst_gmt.egg-info/entry_points.txt
[0.673s] writing requirements to ../../build/jst_gmt/jst_gmt.egg-info/requires.txt
[0.673s] writing top-level names to ../../build/jst_gmt/jst_gmt.egg-info/top_level.txt
[0.694s] reading manifest file '../../build/jst_gmt/jst_gmt.egg-info/SOURCES.txt'
[0.695s] writing manifest file '../../build/jst_gmt/jst_gmt.egg-info/SOURCES.txt'
[0.695s] running build
[0.695s] running build_py
[0.695s] copying jst_gmt/talker.py -> /home/yuki/ros2_ws/build/jst_gmt/build/lib/jst_gmt
[0.695s] running install
[0.695s] running install_lib
[0.696s] copying /home/yuki/ros2_ws/build/jst_gmt/build/lib/jst_gmt/talker.py -> /home/yuki/ros2_ws/install/jst_gmt/lib/python3.8/site-packages/jst_gmt
[0.697s] byte-compiling /home/yuki/ros2_ws/install/jst_gmt/lib/python3.8/site-packages/jst_gmt/talker.py to talker.cpython-38.pyc
[0.698s] running install_data
[0.698s] running install_egg_info
[0.699s] removing '/home/yuki/ros2_ws/install/jst_gmt/lib/python3.8/site-packages/jst_gmt-0.0.0-py3.8.egg-info' (and everything under it)
[0.699s] Copying ../../build/jst_gmt/jst_gmt.egg-info to /home/yuki/ros2_ws/install/jst_gmt/lib/python3.8/site-packages/jst_gmt-0.0.0-py3.8.egg-info
[0.700s] running install_scripts
[0.713s] Installing talker script to /home/yuki/ros2_ws/install/jst_gmt/lib/jst_gmt
[0.713s] writing list of installed files to '/home/yuki/ros2_ws/build/jst_gmt/install.log'
[0.737s] Invoked command in '/home/yuki/ros2_ws/src/jst_gmt' returned '0': PYTHONPATH=/home/yuki/ros2_ws/build/jst_gmt/prefix_override:/usr/lib/python3/dist-packages/colcon_core/task/python/colcon_distutils_commands:/home/yuki/ros2_ws/install/jst_gmt/lib/python3.8/site-packages:${PYTHONPATH} /usr/bin/python3 -W ignore:setup.py install is deprecated setup.py egg_info --egg-base ../../build/jst_gmt build --build-base /home/yuki/ros2_ws/build/jst_gmt/build install --record /home/yuki/ros2_ws/build/jst_gmt/install.log --install-scripts $base/lib/jst_gmt --single-version-externally-managed install_data
