[0.808s] Invoking command in '/home/yuki/ros2_ws/src/mypkg': PYTHONPATH=/home/yuki/ros2_ws/build/mypkg/prefix_override:/usr/lib/python3/dist-packages/colcon_core/task/python/colcon_distutils_commands:/home/yuki/ros2_ws/install/mypkg/lib/python3.8/site-packages:${PYTHONPATH} /usr/bin/python3 -W ignore:setup.py install is deprecated setup.py egg_info --egg-base ../../build/mypkg build --build-base /home/yuki/ros2_ws/build/mypkg/build install --record /home/yuki/ros2_ws/build/mypkg/install.log --install-scripts $base/lib/mypkg --single-version-externally-managed install_data
[0.976s] running egg_info
[0.977s] writing ../../build/mypkg/mypkg.egg-info/PKG-INFO
[0.977s] writing dependency_links to ../../build/mypkg/mypkg.egg-info/dependency_links.txt
[0.978s] writing entry points to ../../build/mypkg/mypkg.egg-info/entry_points.txt
[0.978s] writing requirements to ../../build/mypkg/mypkg.egg-info/requires.txt
[0.978s] writing top-level names to ../../build/mypkg/mypkg.egg-info/top_level.txt
[1.003s] reading manifest file '../../build/mypkg/mypkg.egg-info/SOURCES.txt'
[1.004s] writing manifest file '../../build/mypkg/mypkg.egg-info/SOURCES.txt'
[1.004s] running build
[1.005s] running build_py
[1.005s] copying mypkg/talker.py -> /home/yuki/ros2_ws/build/mypkg/build/lib/mypkg
[1.006s] running install
[1.007s] running install_lib
[1.008s] copying /home/yuki/ros2_ws/build/mypkg/build/lib/mypkg/talker.py -> /home/yuki/ros2_ws/install/mypkg/lib/python3.8/site-packages/mypkg
[1.009s] byte-compiling /home/yuki/ros2_ws/install/mypkg/lib/python3.8/site-packages/mypkg/talker.py to talker.cpython-38.pyc
[1.010s] running install_data
[1.010s] running install_egg_info
[1.013s] removing '/home/yuki/ros2_ws/install/mypkg/lib/python3.8/site-packages/mypkg-0.0.0-py3.8.egg-info' (and everything under it)
[1.014s] Copying ../../build/mypkg/mypkg.egg-info to /home/yuki/ros2_ws/install/mypkg/lib/python3.8/site-packages/mypkg-0.0.0-py3.8.egg-info
[1.017s] running install_scripts
[1.031s] Installing talker script to /home/yuki/ros2_ws/install/mypkg/lib/mypkg
[1.031s] writing list of installed files to '/home/yuki/ros2_ws/build/mypkg/install.log'
[1.047s] Invoked command in '/home/yuki/ros2_ws/src/mypkg' returned '0': PYTHONPATH=/home/yuki/ros2_ws/build/mypkg/prefix_override:/usr/lib/python3/dist-packages/colcon_core/task/python/colcon_distutils_commands:/home/yuki/ros2_ws/install/mypkg/lib/python3.8/site-packages:${PYTHONPATH} /usr/bin/python3 -W ignore:setup.py install is deprecated setup.py egg_info --egg-base ../../build/mypkg build --build-base /home/yuki/ros2_ws/build/mypkg/build install --record /home/yuki/ros2_ws/build/mypkg/install.log --install-scripts $base/lib/mypkg --single-version-externally-managed install_data
