[0.639s] DEBUG:colcon:Command line arguments: ['/usr/bin/colcon', 'build']
[0.639s] DEBUG:colcon:Parsed command line arguments: Namespace(allow_overriding=[], ament_cmake_args=None, base_paths=['.'], build_base='build', catkin_cmake_args=None, catkin_skip_building_tests=False, cmake_args=None, cmake_clean_cache=False, cmake_clean_first=False, cmake_force_configure=False, cmake_target=None, cmake_target_skip_unavailable=False, continue_on_error=False, event_handlers=None, executor='parallel', ignore_user_meta=False, install_base='install', log_base=None, log_level=None, main=<bound method BuildVerb.main of <colcon_core.verb.build.BuildVerb object at 0x7f601dbcd1c0>>, merge_install=False, metas=['./colcon.meta'], packages_above=None, packages_above_and_dependencies=None, packages_above_depth=None, packages_end=None, packages_ignore=None, packages_ignore_regex=None, packages_select=None, packages_select_build_failed=False, packages_select_by_dep=None, packages_select_regex=None, packages_select_test_failures=False, packages_skip=None, packages_skip_build_finished=False, packages_skip_by_dep=None, packages_skip_regex=None, packages_skip_test_passed=False, packages_skip_up_to=None, packages_start=None, packages_up_to=None, packages_up_to_regex=None, parallel_workers=12, paths=None, symlink_install=False, test_result_base=None, verb_extension=<colcon_core.verb.build.BuildVerb object at 0x7f601dbcd1c0>, verb_name='build', verb_parser=<colcon_defaults.argument_parser.defaults.DefaultArgumentsDecorator object at 0x7f601db5d580>)
[1.090s] Level 1:colcon.colcon_core.package_discovery:discover_packages(colcon_meta) check parameters
[1.091s] Level 1:colcon.colcon_core.package_discovery:discover_packages(recursive) check parameters
[1.091s] Level 1:colcon.colcon_core.package_discovery:discover_packages(ignore) check parameters
[1.091s] Level 1:colcon.colcon_core.package_discovery:discover_packages(path) check parameters
[1.091s] Level 1:colcon.colcon_core.package_discovery:discover_packages(colcon_meta) discover
[1.091s] Level 1:colcon.colcon_core.package_discovery:discover_packages(recursive) discover
[1.091s] INFO:colcon.colcon_core.package_discovery:Crawling recursively for packages in '/home/yuki/ros2_ws'
[1.092s] Level 1:colcon.colcon_core.package_identification:_identify(.) by extensions ['ignore', 'ignore_ament_install']
[1.092s] Level 1:colcon.colcon_core.package_identification:_identify(.) by extension 'ignore'
[1.092s] Level 1:colcon.colcon_core.package_identification:_identify(.) by extension 'ignore_ament_install'
[1.093s] Level 1:colcon.colcon_core.package_identification:_identify(.) by extensions ['colcon_pkg']
[1.093s] Level 1:colcon.colcon_core.package_identification:_identify(.) by extension 'colcon_pkg'
[1.093s] Level 1:colcon.colcon_core.package_identification:_identify(.) by extensions ['colcon_meta']
[1.093s] Level 1:colcon.colcon_core.package_identification:_identify(.) by extension 'colcon_meta'
[1.093s] Level 1:colcon.colcon_core.package_identification:_identify(.) by extensions ['ros']
[1.093s] Level 1:colcon.colcon_core.package_identification:_identify(.) by extension 'ros'
[1.125s] Level 1:colcon.colcon_core.package_identification:_identify(.) by extensions ['cmake', 'python']
[1.126s] Level 1:colcon.colcon_core.package_identification:_identify(.) by extension 'cmake'
[1.126s] Level 1:colcon.colcon_core.package_identification:_identify(.) by extension 'python'
[1.126s] Level 1:colcon.colcon_core.package_identification:_identify(.) by extensions ['python_setup_py']
[1.126s] Level 1:colcon.colcon_core.package_identification:_identify(.) by extension 'python_setup_py'
[1.129s] Level 1:colcon.colcon_core.package_identification:_identify(build) by extensions ['ignore', 'ignore_ament_install']
[1.129s] Level 1:colcon.colcon_core.package_identification:_identify(build) by extension 'ignore'
[1.129s] Level 1:colcon.colcon_core.package_identification:_identify(build) ignored
[1.131s] Level 1:colcon.colcon_core.package_identification:_identify(install) by extensions ['ignore', 'ignore_ament_install']
[1.131s] Level 1:colcon.colcon_core.package_identification:_identify(install) by extension 'ignore'
[1.131s] Level 1:colcon.colcon_core.package_identification:_identify(install) ignored
[1.131s] Level 1:colcon.colcon_core.package_identification:_identify(log) by extensions ['ignore', 'ignore_ament_install']
[1.131s] Level 1:colcon.colcon_core.package_identification:_identify(log) by extension 'ignore'
[1.131s] Level 1:colcon.colcon_core.package_identification:_identify(log) ignored
[1.133s] Level 1:colcon.colcon_core.package_identification:_identify(src) by extensions ['ignore', 'ignore_ament_install']
[1.133s] Level 1:colcon.colcon_core.package_identification:_identify(src) by extension 'ignore'
[1.133s] Level 1:colcon.colcon_core.package_identification:_identify(src) by extension 'ignore_ament_install'
[1.133s] Level 1:colcon.colcon_core.package_identification:_identify(src) by extensions ['colcon_pkg']
[1.133s] Level 1:colcon.colcon_core.package_identification:_identify(src) by extension 'colcon_pkg'
[1.133s] Level 1:colcon.colcon_core.package_identification:_identify(src) by extensions ['colcon_meta']
[1.133s] Level 1:colcon.colcon_core.package_identification:_identify(src) by extension 'colcon_meta'
[1.133s] Level 1:colcon.colcon_core.package_identification:_identify(src) by extensions ['ros']
[1.133s] Level 1:colcon.colcon_core.package_identification:_identify(src) by extension 'ros'
[1.134s] Level 1:colcon.colcon_core.package_identification:_identify(src) by extensions ['cmake', 'python']
[1.134s] Level 1:colcon.colcon_core.package_identification:_identify(src) by extension 'cmake'
[1.134s] Level 1:colcon.colcon_core.package_identification:_identify(src) by extension 'python'
[1.134s] Level 1:colcon.colcon_core.package_identification:_identify(src) by extensions ['python_setup_py']
[1.134s] Level 1:colcon.colcon_core.package_identification:_identify(src) by extension 'python_setup_py'
[1.135s] Level 1:colcon.colcon_core.package_identification:_identify(src/mypkg) by extensions ['ignore', 'ignore_ament_install']
[1.135s] Level 1:colcon.colcon_core.package_identification:_identify(src/mypkg) by extension 'ignore'
[1.135s] Level 1:colcon.colcon_core.package_identification:_identify(src/mypkg) by extension 'ignore_ament_install'
[1.135s] Level 1:colcon.colcon_core.package_identification:_identify(src/mypkg) by extensions ['colcon_pkg']
[1.135s] Level 1:colcon.colcon_core.package_identification:_identify(src/mypkg) by extension 'colcon_pkg'
[1.135s] Level 1:colcon.colcon_core.package_identification:_identify(src/mypkg) by extensions ['colcon_meta']
[1.135s] Level 1:colcon.colcon_core.package_identification:_identify(src/mypkg) by extension 'colcon_meta'
[1.136s] Level 1:colcon.colcon_core.package_identification:_identify(src/mypkg) by extensions ['ros']
[1.136s] Level 1:colcon.colcon_core.package_identification:_identify(src/mypkg) by extension 'ros'
[1.145s] DEBUG:colcon.colcon_core.package_identification:Package 'src/mypkg' with type 'ros.ament_python' and name 'mypkg'
[1.146s] Level 1:colcon.colcon_core.package_identification:_identify(src/person_msgs) by extensions ['ignore', 'ignore_ament_install']
[1.146s] Level 1:colcon.colcon_core.package_identification:_identify(src/person_msgs) by extension 'ignore'
[1.146s] Level 1:colcon.colcon_core.package_identification:_identify(src/person_msgs) by extension 'ignore_ament_install'
[1.146s] Level 1:colcon.colcon_core.package_identification:_identify(src/person_msgs) by extensions ['colcon_pkg']
[1.146s] Level 1:colcon.colcon_core.package_identification:_identify(src/person_msgs) by extension 'colcon_pkg'
[1.147s] Level 1:colcon.colcon_core.package_identification:_identify(src/person_msgs) by extensions ['colcon_meta']
[1.147s] Level 1:colcon.colcon_core.package_identification:_identify(src/person_msgs) by extension 'colcon_meta'
[1.147s] Level 1:colcon.colcon_core.package_identification:_identify(src/person_msgs) by extensions ['ros']
[1.147s] Level 1:colcon.colcon_core.package_identification:_identify(src/person_msgs) by extension 'ros'
[1.149s] DEBUG:colcon.colcon_core.package_identification:Package 'src/person_msgs' with type 'ros.ament_cmake' and name 'person_msgs'
[1.149s] Level 1:colcon.colcon_core.package_discovery:discover_packages(recursive) using defaults
[1.149s] Level 1:colcon.colcon_core.package_discovery:discover_packages(ignore) discover
[1.149s] Level 1:colcon.colcon_core.package_discovery:discover_packages(ignore) using defaults
[1.149s] Level 1:colcon.colcon_core.package_discovery:discover_packages(path) discover
[1.149s] Level 1:colcon.colcon_core.package_discovery:discover_packages(path) using defaults
[1.209s] Level 1:colcon.colcon_core.package_discovery:discover_packages(prefix_path) check parameters
[1.209s] Level 1:colcon.colcon_core.package_discovery:discover_packages(prefix_path) discover
[1.216s] DEBUG:colcon.colcon_installed_package_information.package_discovery:Found 2 installed packages in /home/yuki/ros2_ws/install
[1.219s] DEBUG:colcon.colcon_installed_package_information.package_discovery:Found 256 installed packages in /opt/ros/foxy
[1.221s] Level 1:colcon.colcon_core.package_discovery:discover_packages(prefix_path) using defaults
[1.411s] Level 5:colcon.colcon_core.verb:set package 'mypkg' build argument 'cmake_args' from command line to 'None'
[1.411s] Level 5:colcon.colcon_core.verb:set package 'mypkg' build argument 'cmake_target' from command line to 'None'
[1.411s] Level 5:colcon.colcon_core.verb:set package 'mypkg' build argument 'cmake_target_skip_unavailable' from command line to 'False'
[1.411s] Level 5:colcon.colcon_core.verb:set package 'mypkg' build argument 'cmake_clean_cache' from command line to 'False'
[1.411s] Level 5:colcon.colcon_core.verb:set package 'mypkg' build argument 'cmake_clean_first' from command line to 'False'
[1.411s] Level 5:colcon.colcon_core.verb:set package 'mypkg' build argument 'cmake_force_configure' from command line to 'False'
[1.411s] Level 5:colcon.colcon_core.verb:set package 'mypkg' build argument 'ament_cmake_args' from command line to 'None'
[1.411s] Level 5:colcon.colcon_core.verb:set package 'mypkg' build argument 'catkin_cmake_args' from command line to 'None'
[1.411s] Level 5:colcon.colcon_core.verb:set package 'mypkg' build argument 'catkin_skip_building_tests' from command line to 'False'
[1.411s] DEBUG:colcon.colcon_core.verb:Building package 'mypkg' with the following arguments: {'ament_cmake_args': None, 'build_base': '/home/yuki/ros2_ws/build/mypkg', 'catkin_cmake_args': None, 'catkin_skip_building_tests': False, 'cmake_args': None, 'cmake_clean_cache': False, 'cmake_clean_first': False, 'cmake_force_configure': False, 'cmake_target': None, 'cmake_target_skip_unavailable': False, 'install_base': '/home/yuki/ros2_ws/install/mypkg', 'merge_install': False, 'path': '/home/yuki/ros2_ws/src/mypkg', 'symlink_install': False, 'test_result_base': None}
[1.411s] Level 5:colcon.colcon_core.verb:set package 'person_msgs' build argument 'cmake_args' from command line to 'None'
[1.411s] Level 5:colcon.colcon_core.verb:set package 'person_msgs' build argument 'cmake_target' from command line to 'None'
[1.411s] Level 5:colcon.colcon_core.verb:set package 'person_msgs' build argument 'cmake_target_skip_unavailable' from command line to 'False'
[1.411s] Level 5:colcon.colcon_core.verb:set package 'person_msgs' build argument 'cmake_clean_cache' from command line to 'False'
[1.411s] Level 5:colcon.colcon_core.verb:set package 'person_msgs' build argument 'cmake_clean_first' from command line to 'False'
[1.411s] Level 5:colcon.colcon_core.verb:set package 'person_msgs' build argument 'cmake_force_configure' from command line to 'False'
[1.411s] Level 5:colcon.colcon_core.verb:set package 'person_msgs' build argument 'ament_cmake_args' from command line to 'None'
[1.411s] Level 5:colcon.colcon_core.verb:set package 'person_msgs' build argument 'catkin_cmake_args' from command line to 'None'
[1.411s] Level 5:colcon.colcon_core.verb:set package 'person_msgs' build argument 'catkin_skip_building_tests' from command line to 'False'
[1.411s] DEBUG:colcon.colcon_core.verb:Building package 'person_msgs' with the following arguments: {'ament_cmake_args': None, 'build_base': '/home/yuki/ros2_ws/build/person_msgs', 'catkin_cmake_args': None, 'catkin_skip_building_tests': False, 'cmake_args': None, 'cmake_clean_cache': False, 'cmake_clean_first': False, 'cmake_force_configure': False, 'cmake_target': None, 'cmake_target_skip_unavailable': False, 'install_base': '/home/yuki/ros2_ws/install/person_msgs', 'merge_install': False, 'path': '/home/yuki/ros2_ws/src/person_msgs', 'symlink_install': False, 'test_result_base': None}
[1.411s] INFO:colcon.colcon_core.executor:Executing jobs using 'parallel' executor
[1.413s] DEBUG:colcon.colcon_parallel_executor.executor.parallel:run_until_complete
[1.414s] INFO:colcon.colcon_ros.task.ament_python.build:Building ROS package in '/home/yuki/ros2_ws/src/mypkg' with build type 'ament_python'
[1.414s] Level 1:colcon.colcon_core.shell:create_environment_hook('mypkg', 'ament_prefix_path')
[1.420s] INFO:colcon.colcon_core.plugin_system:Skipping extension 'colcon_core.shell.bat': Not used on non-Windows systems
[1.420s] INFO:colcon.colcon_core.shell:Creating environment hook '/home/yuki/ros2_ws/install/mypkg/share/mypkg/hook/ament_prefix_path.ps1'
[1.421s] INFO:colcon.colcon_core.shell:Creating environment descriptor '/home/yuki/ros2_ws/install/mypkg/share/mypkg/hook/ament_prefix_path.dsv'
[1.422s] INFO:colcon.colcon_core.shell:Creating environment hook '/home/yuki/ros2_ws/install/mypkg/share/mypkg/hook/ament_prefix_path.sh'
[1.424s] INFO:colcon.colcon_core.shell:Skip shell extension 'powershell' for command environment: Not usable outside of PowerShell
[1.424s] DEBUG:colcon.colcon_core.shell:Skip shell extension 'dsv' for command environment
[1.430s] INFO:colcon.colcon_ros.task.ament_cmake.build:Building ROS package in '/home/yuki/ros2_ws/src/person_msgs' with build type 'ament_cmake'
[1.431s] INFO:colcon.colcon_cmake.task.cmake.build:Building CMake package in '/home/yuki/ros2_ws/src/person_msgs'
[1.433s] INFO:colcon.colcon_core.shell:Skip shell extension 'powershell' for command environment: Not usable outside of PowerShell
[1.433s] DEBUG:colcon.colcon_core.shell:Skip shell extension 'dsv' for command environment
[1.631s] INFO:colcon.colcon_core.task.python.build:Building Python package in '/home/yuki/ros2_ws/src/mypkg'
[1.632s] INFO:colcon.colcon_core.shell:Skip shell extension 'powershell' for command environment: Not usable outside of PowerShell
[1.632s] DEBUG:colcon.colcon_core.shell:Skip shell extension 'dsv' for command environment
[1.651s] DEBUG:colcon.colcon_core.event_handler.log_command:Invoking command in '/home/yuki/ros2_ws/build/person_msgs': CMAKE_PREFIX_PATH=/home/yuki/ros2_ws/install/mypkg:/opt/ros/foxy /usr/bin/cmake /home/yuki/ros2_ws/src/person_msgs -DCMAKE_INSTALL_PREFIX=/home/yuki/ros2_ws/install/person_msgs
[2.049s] DEBUG:colcon.colcon_core.event_handler.log_command:Invoking command in '/home/yuki/ros2_ws/src/mypkg': PYTHONPATH=/home/yuki/ros2_ws/build/mypkg/prefix_override:/usr/lib/python3/dist-packages/colcon_core/task/python/colcon_distutils_commands:/home/yuki/ros2_ws/install/mypkg/lib/python3.8/site-packages:${PYTHONPATH} /usr/bin/python3 -W ignore:setup.py install is deprecated setup.py egg_info --egg-base ../../build/mypkg build --build-base /home/yuki/ros2_ws/build/mypkg/build install --record /home/yuki/ros2_ws/build/mypkg/install.log --install-scripts $base/lib/mypkg --single-version-externally-managed install_data
[2.327s] DEBUG:colcon.colcon_core.event_handler.log_command:Invoked command in '/home/yuki/ros2_ws/src/mypkg' returned '0': PYTHONPATH=/home/yuki/ros2_ws/build/mypkg/prefix_override:/usr/lib/python3/dist-packages/colcon_core/task/python/colcon_distutils_commands:/home/yuki/ros2_ws/install/mypkg/lib/python3.8/site-packages:${PYTHONPATH} /usr/bin/python3 -W ignore:setup.py install is deprecated setup.py egg_info --egg-base ../../build/mypkg build --build-base /home/yuki/ros2_ws/build/mypkg/build install --record /home/yuki/ros2_ws/build/mypkg/install.log --install-scripts $base/lib/mypkg --single-version-externally-managed install_data
[2.337s] Level 1:colcon.colcon_core.environment:checking '/home/yuki/ros2_ws/install/mypkg' for CMake module files
[2.339s] Level 1:colcon.colcon_core.environment:checking '/home/yuki/ros2_ws/install/mypkg' for CMake config files
[2.343s] Level 1:colcon.colcon_core.environment:checking '/home/yuki/ros2_ws/install/mypkg/lib'
[2.344s] Level 1:colcon.colcon_core.environment:checking '/home/yuki/ros2_ws/install/mypkg/bin'
[2.344s] Level 1:colcon.colcon_core.environment:checking '/home/yuki/ros2_ws/install/mypkg/lib/pkgconfig/mypkg.pc'
[2.344s] Level 1:colcon.colcon_core.environment:checking '/home/yuki/ros2_ws/install/mypkg/lib/python3.8/site-packages'
[2.344s] Level 1:colcon.colcon_core.shell:create_environment_hook('mypkg', 'pythonpath')
[2.344s] INFO:colcon.colcon_core.shell:Creating environment hook '/home/yuki/ros2_ws/install/mypkg/share/mypkg/hook/pythonpath.ps1'
[2.345s] INFO:colcon.colcon_core.shell:Creating environment descriptor '/home/yuki/ros2_ws/install/mypkg/share/mypkg/hook/pythonpath.dsv'
[2.345s] INFO:colcon.colcon_core.shell:Creating environment hook '/home/yuki/ros2_ws/install/mypkg/share/mypkg/hook/pythonpath.sh'
[2.346s] Level 1:colcon.colcon_core.environment:checking '/home/yuki/ros2_ws/install/mypkg/bin'
[2.346s] Level 1:colcon.colcon_core.environment:create_environment_scripts_only(mypkg)
[2.347s] INFO:colcon.colcon_core.shell:Creating package script '/home/yuki/ros2_ws/install/mypkg/share/mypkg/package.ps1'
[2.348s] INFO:colcon.colcon_core.shell:Creating package descriptor '/home/yuki/ros2_ws/install/mypkg/share/mypkg/package.dsv'
[2.349s] INFO:colcon.colcon_core.shell:Creating package script '/home/yuki/ros2_ws/install/mypkg/share/mypkg/package.sh'
[2.350s] INFO:colcon.colcon_core.shell:Creating package script '/home/yuki/ros2_ws/install/mypkg/share/mypkg/package.bash'
[2.351s] INFO:colcon.colcon_core.shell:Creating package script '/home/yuki/ros2_ws/install/mypkg/share/mypkg/package.zsh'
[2.352s] Level 1:colcon.colcon_core.environment:create_file_with_runtime_dependencies(/home/yuki/ros2_ws/install/mypkg/share/colcon-core/packages/mypkg)
[6.210s] DEBUG:colcon.colcon_core.event_handler.log_command:Invoked command in '/home/yuki/ros2_ws/build/person_msgs' returned '0': CMAKE_PREFIX_PATH=/home/yuki/ros2_ws/install/mypkg:/opt/ros/foxy /usr/bin/cmake /home/yuki/ros2_ws/src/person_msgs -DCMAKE_INSTALL_PREFIX=/home/yuki/ros2_ws/install/person_msgs
[6.215s] DEBUG:colcon.colcon_core.event_handler.log_command:Invoking command in '/home/yuki/ros2_ws/build/person_msgs': CMAKE_PREFIX_PATH=/home/yuki/ros2_ws/install/mypkg:/opt/ros/foxy /usr/bin/cmake --build /home/yuki/ros2_ws/build/person_msgs -- -j12 -l12
[8.802s] DEBUG:colcon.colcon_core.event_handler.log_command:Invoked command in '/home/yuki/ros2_ws/build/person_msgs' returned '0': CMAKE_PREFIX_PATH=/home/yuki/ros2_ws/install/mypkg:/opt/ros/foxy /usr/bin/cmake --build /home/yuki/ros2_ws/build/person_msgs -- -j12 -l12
[8.850s] DEBUG:colcon.colcon_core.event_handler.log_command:Invoking command in '/home/yuki/ros2_ws/build/person_msgs': CMAKE_PREFIX_PATH=/home/yuki/ros2_ws/install/mypkg:/opt/ros/foxy /usr/bin/cmake --install /home/yuki/ros2_ws/build/person_msgs
[8.911s] Level 1:colcon.colcon_core.environment:create_environment_scripts_only(person_msgs)
[8.911s] Level 1:colcon.colcon_core.environment:checking '/home/yuki/ros2_ws/install/person_msgs' for CMake module files
[8.911s] DEBUG:colcon.colcon_core.event_handler.log_command:Invoked command in '/home/yuki/ros2_ws/build/person_msgs' returned '0': CMAKE_PREFIX_PATH=/home/yuki/ros2_ws/install/mypkg:/opt/ros/foxy /usr/bin/cmake --install /home/yuki/ros2_ws/build/person_msgs
[8.912s] Level 1:colcon.colcon_core.environment:checking '/home/yuki/ros2_ws/install/person_msgs' for CMake config files
[8.913s] Level 1:colcon.colcon_core.shell:create_environment_hook('person_msgs', 'cmake_prefix_path')
[8.913s] INFO:colcon.colcon_core.shell:Creating environment hook '/home/yuki/ros2_ws/install/person_msgs/share/person_msgs/hook/cmake_prefix_path.ps1'
[8.914s] INFO:colcon.colcon_core.shell:Creating environment descriptor '/home/yuki/ros2_ws/install/person_msgs/share/person_msgs/hook/cmake_prefix_path.dsv'
[8.914s] INFO:colcon.colcon_core.shell:Creating environment hook '/home/yuki/ros2_ws/install/person_msgs/share/person_msgs/hook/cmake_prefix_path.sh'
[8.915s] Level 1:colcon.colcon_core.environment:checking '/home/yuki/ros2_ws/install/person_msgs/lib'
[8.915s] Level 1:colcon.colcon_core.shell:create_environment_hook('person_msgs', 'ld_library_path_lib')
[8.915s] INFO:colcon.colcon_core.shell:Creating environment hook '/home/yuki/ros2_ws/install/person_msgs/share/person_msgs/hook/ld_library_path_lib.ps1'
[8.916s] INFO:colcon.colcon_core.shell:Creating environment descriptor '/home/yuki/ros2_ws/install/person_msgs/share/person_msgs/hook/ld_library_path_lib.dsv'
[8.916s] INFO:colcon.colcon_core.shell:Creating environment hook '/home/yuki/ros2_ws/install/person_msgs/share/person_msgs/hook/ld_library_path_lib.sh'
[8.917s] Level 1:colcon.colcon_core.environment:checking '/home/yuki/ros2_ws/install/person_msgs/bin'
[8.917s] Level 1:colcon.colcon_core.environment:checking '/home/yuki/ros2_ws/install/person_msgs/lib/pkgconfig/person_msgs.pc'
[8.917s] Level 1:colcon.colcon_core.environment:checking '/home/yuki/ros2_ws/install/person_msgs/lib/python3.8/site-packages'
[8.917s] Level 1:colcon.colcon_core.shell:create_environment_hook('person_msgs', 'pythonpath')
[8.917s] INFO:colcon.colcon_core.shell:Creating environment hook '/home/yuki/ros2_ws/install/person_msgs/share/person_msgs/hook/pythonpath.ps1'
[8.918s] INFO:colcon.colcon_core.shell:Creating environment descriptor '/home/yuki/ros2_ws/install/person_msgs/share/person_msgs/hook/pythonpath.dsv'
[8.918s] INFO:colcon.colcon_core.shell:Creating environment hook '/home/yuki/ros2_ws/install/person_msgs/share/person_msgs/hook/pythonpath.sh'
[8.919s] Level 1:colcon.colcon_core.environment:checking '/home/yuki/ros2_ws/install/person_msgs/bin'
[8.919s] INFO:colcon.colcon_core.shell:Creating package script '/home/yuki/ros2_ws/install/person_msgs/share/person_msgs/package.ps1'
[8.920s] INFO:colcon.colcon_core.shell:Creating package descriptor '/home/yuki/ros2_ws/install/person_msgs/share/person_msgs/package.dsv'
[8.921s] INFO:colcon.colcon_core.shell:Creating package script '/home/yuki/ros2_ws/install/person_msgs/share/person_msgs/package.sh'
[8.922s] INFO:colcon.colcon_core.shell:Creating package script '/home/yuki/ros2_ws/install/person_msgs/share/person_msgs/package.bash'
[8.922s] INFO:colcon.colcon_core.shell:Creating package script '/home/yuki/ros2_ws/install/person_msgs/share/person_msgs/package.zsh'
[8.923s] Level 1:colcon.colcon_core.environment:create_file_with_runtime_dependencies(/home/yuki/ros2_ws/install/person_msgs/share/colcon-core/packages/person_msgs)
[8.967s] Level 1:colcon.colcon_core.environment:create_environment_scripts_only(person_msgs)
[8.967s] Level 1:colcon.colcon_core.environment:checking '/home/yuki/ros2_ws/install/person_msgs' for CMake module files
[8.967s] Level 1:colcon.colcon_core.environment:checking '/home/yuki/ros2_ws/install/person_msgs' for CMake config files
[8.968s] Level 1:colcon.colcon_core.shell:create_environment_hook('person_msgs', 'cmake_prefix_path')
[8.968s] INFO:colcon.colcon_core.shell:Creating environment hook '/home/yuki/ros2_ws/install/person_msgs/share/person_msgs/hook/cmake_prefix_path.ps1'
[8.969s] INFO:colcon.colcon_core.shell:Creating environment descriptor '/home/yuki/ros2_ws/install/person_msgs/share/person_msgs/hook/cmake_prefix_path.dsv'
[8.970s] INFO:colcon.colcon_core.shell:Creating environment hook '/home/yuki/ros2_ws/install/person_msgs/share/person_msgs/hook/cmake_prefix_path.sh'
[8.970s] Level 1:colcon.colcon_core.environment:checking '/home/yuki/ros2_ws/install/person_msgs/lib'
[8.970s] Level 1:colcon.colcon_core.shell:create_environment_hook('person_msgs', 'ld_library_path_lib')
[8.971s] INFO:colcon.colcon_core.shell:Creating environment hook '/home/yuki/ros2_ws/install/person_msgs/share/person_msgs/hook/ld_library_path_lib.ps1'
[8.971s] INFO:colcon.colcon_core.shell:Creating environment descriptor '/home/yuki/ros2_ws/install/person_msgs/share/person_msgs/hook/ld_library_path_lib.dsv'
[8.971s] INFO:colcon.colcon_core.shell:Creating environment hook '/home/yuki/ros2_ws/install/person_msgs/share/person_msgs/hook/ld_library_path_lib.sh'
[8.971s] Level 1:colcon.colcon_core.environment:checking '/home/yuki/ros2_ws/install/person_msgs/bin'
[8.971s] Level 1:colcon.colcon_core.environment:checking '/home/yuki/ros2_ws/install/person_msgs/lib/pkgconfig/person_msgs.pc'
[8.972s] Level 1:colcon.colcon_core.environment:checking '/home/yuki/ros2_ws/install/person_msgs/lib/python3.8/site-packages'
[8.972s] Level 1:colcon.colcon_core.shell:create_environment_hook('person_msgs', 'pythonpath')
[8.972s] INFO:colcon.colcon_core.shell:Creating environment hook '/home/yuki/ros2_ws/install/person_msgs/share/person_msgs/hook/pythonpath.ps1'
[8.972s] INFO:colcon.colcon_core.shell:Creating environment descriptor '/home/yuki/ros2_ws/install/person_msgs/share/person_msgs/hook/pythonpath.dsv'
[8.972s] INFO:colcon.colcon_core.shell:Creating environment hook '/home/yuki/ros2_ws/install/person_msgs/share/person_msgs/hook/pythonpath.sh'
[8.973s] Level 1:colcon.colcon_core.environment:checking '/home/yuki/ros2_ws/install/person_msgs/bin'
[8.973s] INFO:colcon.colcon_core.shell:Creating package script '/home/yuki/ros2_ws/install/person_msgs/share/person_msgs/package.ps1'
[8.974s] INFO:colcon.colcon_core.shell:Creating package descriptor '/home/yuki/ros2_ws/install/person_msgs/share/person_msgs/package.dsv'
[8.974s] INFO:colcon.colcon_core.shell:Creating package script '/home/yuki/ros2_ws/install/person_msgs/share/person_msgs/package.sh'
[8.974s] INFO:colcon.colcon_core.shell:Creating package script '/home/yuki/ros2_ws/install/person_msgs/share/person_msgs/package.bash'
[8.975s] INFO:colcon.colcon_core.shell:Creating package script '/home/yuki/ros2_ws/install/person_msgs/share/person_msgs/package.zsh'
[8.975s] Level 1:colcon.colcon_core.environment:create_file_with_runtime_dependencies(/home/yuki/ros2_ws/install/person_msgs/share/colcon-core/packages/person_msgs)
[8.975s] DEBUG:colcon.colcon_parallel_executor.executor.parallel:closing loop
[8.976s] DEBUG:colcon.colcon_parallel_executor.executor.parallel:loop closed
[8.976s] DEBUG:colcon.colcon_parallel_executor.executor.parallel:run_until_complete finished with '0'
[8.976s] DEBUG:colcon.colcon_core.event_reactor:joining thread
[9.003s] INFO:colcon.colcon_core.plugin_system:Skipping extension 'colcon_notification.desktop_notification.notify_send': Could not find 'notify-send'
[9.003s] INFO:colcon.colcon_core.plugin_system:Skipping extension 'colcon_notification.desktop_notification.terminal_notifier': Not used on non-Darwin systems
[9.003s] INFO:colcon.colcon_core.plugin_system:Skipping extension 'colcon_notification.desktop_notification.win32': Not used on non-Windows systems
[9.003s] INFO:colcon.colcon_notification.desktop_notification:Sending desktop notification using 'notify2'
[9.015s] DEBUG:colcon.colcon_notification.desktop_notification.notify2:Failed to initialize notify2: org.freedesktop.DBus.Error.ServiceUnknown: The name org.freedesktop.Notifications was not provided by any .service files
[9.015s] DEBUG:colcon.colcon_core.event_reactor:joined thread
[9.016s] INFO:colcon.colcon_core.shell:Creating prefix script '/home/yuki/ros2_ws/install/local_setup.ps1'
[9.017s] INFO:colcon.colcon_core.shell:Creating prefix util module '/home/yuki/ros2_ws/install/_local_setup_util_ps1.py'
[9.019s] INFO:colcon.colcon_core.shell:Creating prefix chain script '/home/yuki/ros2_ws/install/setup.ps1'
[9.020s] INFO:colcon.colcon_core.shell:Creating prefix script '/home/yuki/ros2_ws/install/local_setup.sh'
[9.020s] INFO:colcon.colcon_core.shell:Creating prefix util module '/home/yuki/ros2_ws/install/_local_setup_util_sh.py'
[9.021s] INFO:colcon.colcon_core.shell:Creating prefix chain script '/home/yuki/ros2_ws/install/setup.sh'
[9.022s] INFO:colcon.colcon_core.shell:Creating prefix script '/home/yuki/ros2_ws/install/local_setup.bash'
[9.023s] INFO:colcon.colcon_core.shell:Creating prefix chain script '/home/yuki/ros2_ws/install/setup.bash'
[9.023s] INFO:colcon.colcon_core.shell:Creating prefix script '/home/yuki/ros2_ws/install/local_setup.zsh'
[9.024s] INFO:colcon.colcon_core.shell:Creating prefix chain script '/home/yuki/ros2_ws/install/setup.zsh'
