[0.900s] Invoking command in '/home/yuki/ros2_ws/src/jst_gmt': PYTHONPATH=/home/yuki/ros2_ws/build/jst_gmt/prefix_override:/usr/lib/python3/dist-packages/colcon_core/task/python/colcon_distutils_commands:/home/yuki/ros2_ws/install/jst_gmt/lib/python3.8/site-packages:${PYTHONPATH} /usr/bin/python3 -W ignore:setup.py install is deprecated setup.py egg_info --egg-base ../../build/jst_gmt build --build-base /home/yuki/ros2_ws/build/jst_gmt/build install --record /home/yuki/ros2_ws/build/jst_gmt/install.log --install-scripts $base/lib/jst_gmt --single-version-externally-managed install_data
[1.043s] running egg_info
[1.043s] writing ../../build/jst_gmt/jst_gmt.egg-info/PKG-INFO
[1.044s] writing dependency_links to ../../build/jst_gmt/jst_gmt.egg-info/dependency_links.txt
[1.044s] writing entry points to ../../build/jst_gmt/jst_gmt.egg-info/entry_points.txt
[1.044s] writing requirements to ../../build/jst_gmt/jst_gmt.egg-info/requires.txt
[1.045s] writing top-level names to ../../build/jst_gmt/jst_gmt.egg-info/top_level.txt
[1.074s] reading manifest file '../../build/jst_gmt/jst_gmt.egg-info/SOURCES.txt'
[1.075s] writing manifest file '../../build/jst_gmt/jst_gmt.egg-info/SOURCES.txt'
[1.076s] running build
[1.076s] running build_py
[1.077s] running install
[1.077s] running install_lib
[1.077s] running install_data
[1.078s] running install_egg_info
[1.079s] removing '/home/yuki/ros2_ws/install/jst_gmt/lib/python3.8/site-packages/jst_gmt-0.0.0-py3.8.egg-info' (and everything under it)
[1.080s] Copying ../../build/jst_gmt/jst_gmt.egg-info to /home/yuki/ros2_ws/install/jst_gmt/lib/python3.8/site-packages/jst_gmt-0.0.0-py3.8.egg-info
[1.082s] running install_scripts
[1.097s] Installing listener script to /home/yuki/ros2_ws/install/jst_gmt/lib/jst_gmt
[1.098s] Installing talker script to /home/yuki/ros2_ws/install/jst_gmt/lib/jst_gmt
[1.098s] writing list of installed files to '/home/yuki/ros2_ws/build/jst_gmt/install.log'
[1.121s] Invoked command in '/home/yuki/ros2_ws/src/jst_gmt' returned '0': PYTHONPATH=/home/yuki/ros2_ws/build/jst_gmt/prefix_override:/usr/lib/python3/dist-packages/colcon_core/task/python/colcon_distutils_commands:/home/yuki/ros2_ws/install/jst_gmt/lib/python3.8/site-packages:${PYTHONPATH} /usr/bin/python3 -W ignore:setup.py install is deprecated setup.py egg_info --egg-base ../../build/jst_gmt build --build-base /home/yuki/ros2_ws/build/jst_gmt/build install --record /home/yuki/ros2_ws/build/jst_gmt/install.log --install-scripts $base/lib/jst_gmt --single-version-externally-managed install_data
