[1.381s] Invoking command in '/home/yuki/ros2_ws/src/mypkg': PYTHONPATH=/home/yuki/ros2_ws/build/mypkg/prefix_override:/usr/lib/python3/dist-packages/colcon_core/task/python/colcon_distutils_commands:/home/yuki/ros2_ws/install/mypkg/lib/python3.8/site-packages:${PYTHONPATH} /usr/bin/python3 -W ignore:setup.py install is deprecated setup.py egg_info --egg-base ../../build/mypkg build --build-base /home/yuki/ros2_ws/build/mypkg/build install --record /home/yuki/ros2_ws/build/mypkg/install.log --install-scripts $base/lib/mypkg --single-version-externally-managed install_data
[1.524s] running egg_info
[1.524s] writing ../../build/mypkg/mypkg.egg-info/PKG-INFO
[1.526s] writing dependency_links to ../../build/mypkg/mypkg.egg-info/dependency_links.txt
[1.526s] writing entry points to ../../build/mypkg/mypkg.egg-info/entry_points.txt
[1.527s] writing requirements to ../../build/mypkg/mypkg.egg-info/requires.txt
[1.527s] writing top-level names to ../../build/mypkg/mypkg.egg-info/top_level.txt
[1.555s] reading manifest file '../../build/mypkg/mypkg.egg-info/SOURCES.txt'
[1.557s] writing manifest file '../../build/mypkg/mypkg.egg-info/SOURCES.txt'
[1.557s] running build
[1.557s] running build_py
[1.557s] copying mypkg/listener.py -> /home/yuki/ros2_ws/build/mypkg/build/lib/mypkg
[1.557s] running install
[1.558s] running install_lib
[1.560s] copying /home/yuki/ros2_ws/build/mypkg/build/lib/mypkg/listener.py -> /home/yuki/ros2_ws/install/mypkg/lib/python3.8/site-packages/mypkg
[1.560s] byte-compiling /home/yuki/ros2_ws/install/mypkg/lib/python3.8/site-packages/mypkg/listener.py to listener.cpython-38.pyc
[1.562s]   File "/home/yuki/ros2_ws/install/mypkg/lib/python3.8/site-packages/mypkg/listener.py", line 12
[1.562s]     node.get_logger().info("Listen: %ds % msg)
[1.562s]                                              ^
[1.562s] SyntaxError: EOL while scanning string literal
[1.562s] 
[1.562s] running install_data
[1.562s] running install_egg_info
[1.564s] removing '/home/yuki/ros2_ws/install/mypkg/lib/python3.8/site-packages/mypkg-0.0.0-py3.8.egg-info' (and everything under it)
[1.565s] Copying ../../build/mypkg/mypkg.egg-info to /home/yuki/ros2_ws/install/mypkg/lib/python3.8/site-packages/mypkg-0.0.0-py3.8.egg-info
[1.566s] running install_scripts
[1.583s] Installing listener script to /home/yuki/ros2_ws/install/mypkg/lib/mypkg
[1.583s] Installing talker script to /home/yuki/ros2_ws/install/mypkg/lib/mypkg
[1.584s] writing list of installed files to '/home/yuki/ros2_ws/build/mypkg/install.log'
[1.600s] Invoked command in '/home/yuki/ros2_ws/src/mypkg' returned '0': PYTHONPATH=/home/yuki/ros2_ws/build/mypkg/prefix_override:/usr/lib/python3/dist-packages/colcon_core/task/python/colcon_distutils_commands:/home/yuki/ros2_ws/install/mypkg/lib/python3.8/site-packages:${PYTHONPATH} /usr/bin/python3 -W ignore:setup.py install is deprecated setup.py egg_info --egg-base ../../build/mypkg build --build-base /home/yuki/ros2_ws/build/mypkg/build install --record /home/yuki/ros2_ws/build/mypkg/install.log --install-scripts $base/lib/mypkg --single-version-externally-managed install_data
