[0.720s] Invoking command in '/home/yuki/ros2_ws/src/mypkg': PYTHONPATH=/home/yuki/ros2_ws/build/mypkg/prefix_override:/usr/lib/python3/dist-packages/colcon_core/task/python/colcon_distutils_commands:/home/yuki/ros2_ws/install/mypkg/lib/python3.8/site-packages:${PYTHONPATH} /usr/bin/python3 -W ignore:setup.py install is deprecated setup.py egg_info --egg-base ../../build/mypkg build --build-base /home/yuki/ros2_ws/build/mypkg/build install --record /home/yuki/ros2_ws/build/mypkg/install.log --install-scripts $base/lib/mypkg --single-version-externally-managed install_data
[0.859s] running egg_info
[0.859s] writing ../../build/mypkg/mypkg.egg-info/PKG-INFO
[0.860s] writing dependency_links to ../../build/mypkg/mypkg.egg-info/dependency_links.txt
[0.860s] writing entry points to ../../build/mypkg/mypkg.egg-info/entry_points.txt
[0.860s] writing requirements to ../../build/mypkg/mypkg.egg-info/requires.txt
[0.861s] writing top-level names to ../../build/mypkg/mypkg.egg-info/top_level.txt
[0.887s] reading manifest file '../../build/mypkg/mypkg.egg-info/SOURCES.txt'
[0.888s] writing manifest file '../../build/mypkg/mypkg.egg-info/SOURCES.txt'
[0.888s] running build
[0.889s] running build_py
[0.889s] copying mypkg/listener.py -> /home/yuki/ros2_ws/build/mypkg/build/lib/mypkg
[0.890s] running install
[0.890s] running install_lib
[0.892s] copying /home/yuki/ros2_ws/build/mypkg/build/lib/mypkg/listener.py -> /home/yuki/ros2_ws/install/mypkg/lib/python3.8/site-packages/mypkg
[0.893s] byte-compiling /home/yuki/ros2_ws/install/mypkg/lib/python3.8/site-packages/mypkg/listener.py to listener.cpython-38.pyc
[0.894s]   File "/home/yuki/ros2_ws/install/mypkg/lib/python3.8/site-packages/mypkg/listener.py", line 12
[0.894s]     node.get_logger().info("Listen: %s% msg)
[0.894s]                                            ^
[0.894s] SyntaxError: EOL while scanning string literal
[0.894s] 
[0.894s] running install_data
[0.894s] running install_egg_info
[0.895s] removing '/home/yuki/ros2_ws/install/mypkg/lib/python3.8/site-packages/mypkg-0.0.0-py3.8.egg-info' (and everything under it)
[0.895s] Copying ../../build/mypkg/mypkg.egg-info to /home/yuki/ros2_ws/install/mypkg/lib/python3.8/site-packages/mypkg-0.0.0-py3.8.egg-info
[0.897s] running install_scripts
[0.910s] Installing listener script to /home/yuki/ros2_ws/install/mypkg/lib/mypkg
[0.911s] Installing talker script to /home/yuki/ros2_ws/install/mypkg/lib/mypkg
[0.911s] writing list of installed files to '/home/yuki/ros2_ws/build/mypkg/install.log'
[0.929s] Invoked command in '/home/yuki/ros2_ws/src/mypkg' returned '0': PYTHONPATH=/home/yuki/ros2_ws/build/mypkg/prefix_override:/usr/lib/python3/dist-packages/colcon_core/task/python/colcon_distutils_commands:/home/yuki/ros2_ws/install/mypkg/lib/python3.8/site-packages:${PYTHONPATH} /usr/bin/python3 -W ignore:setup.py install is deprecated setup.py egg_info --egg-base ../../build/mypkg build --build-base /home/yuki/ros2_ws/build/mypkg/build install --record /home/yuki/ros2_ws/build/mypkg/install.log --install-scripts $base/lib/mypkg --single-version-externally-managed install_data
