[0.625s] Invoking command in '/home/yuki/ros2_ws/src/mypkg': PYTHONPATH=/home/yuki/ros2_ws/build/mypkg/prefix_override:/usr/lib/python3/dist-packages/colcon_core/task/python/colcon_distutils_commands:/home/yuki/ros2_ws/install/mypkg/lib/python3.8/site-packages:${PYTHONPATH} /usr/bin/python3 -W ignore:setup.py install is deprecated setup.py egg_info --egg-base ../../build/mypkg build --build-base /home/yuki/ros2_ws/build/mypkg/build install --record /home/yuki/ros2_ws/build/mypkg/install.log --install-scripts $base/lib/mypkg --single-version-externally-managed install_data
[0.745s] running egg_info
[0.746s] writing ../../build/mypkg/mypkg.egg-info/PKG-INFO
[0.746s] writing dependency_links to ../../build/mypkg/mypkg.egg-info/dependency_links.txt
[0.747s] writing entry points to ../../build/mypkg/mypkg.egg-info/entry_points.txt
[0.747s] writing requirements to ../../build/mypkg/mypkg.egg-info/requires.txt
[0.747s] writing top-level names to ../../build/mypkg/mypkg.egg-info/top_level.txt
[0.783s] reading manifest file '../../build/mypkg/mypkg.egg-info/SOURCES.txt'
[0.784s] writing manifest file '../../build/mypkg/mypkg.egg-info/SOURCES.txt'
[0.784s] running build
[0.784s] running build_py
[0.785s] copying mypkg/listener.py -> /home/yuki/ros2_ws/build/mypkg/build/lib/mypkg
[0.785s] running install
[0.786s] running install_lib
[0.787s] copying /home/yuki/ros2_ws/build/mypkg/build/lib/mypkg/listener.py -> /home/yuki/ros2_ws/install/mypkg/lib/python3.8/site-packages/mypkg
[0.788s] byte-compiling /home/yuki/ros2_ws/install/mypkg/lib/python3.8/site-packages/mypkg/listener.py to listener.cpython-38.pyc
[0.790s] running install_data
[0.790s] running install_egg_info
[0.792s] removing '/home/yuki/ros2_ws/install/mypkg/lib/python3.8/site-packages/mypkg-0.0.0-py3.8.egg-info' (and everything under it)
[0.793s] Copying ../../build/mypkg/mypkg.egg-info to /home/yuki/ros2_ws/install/mypkg/lib/python3.8/site-packages/mypkg-0.0.0-py3.8.egg-info
[0.795s] running install_scripts
[0.808s] Installing listener script to /home/yuki/ros2_ws/install/mypkg/lib/mypkg
[0.809s] Installing talker script to /home/yuki/ros2_ws/install/mypkg/lib/mypkg
[0.809s] writing list of installed files to '/home/yuki/ros2_ws/build/mypkg/install.log'
[0.826s] Invoked command in '/home/yuki/ros2_ws/src/mypkg' returned '0': PYTHONPATH=/home/yuki/ros2_ws/build/mypkg/prefix_override:/usr/lib/python3/dist-packages/colcon_core/task/python/colcon_distutils_commands:/home/yuki/ros2_ws/install/mypkg/lib/python3.8/site-packages:${PYTHONPATH} /usr/bin/python3 -W ignore:setup.py install is deprecated setup.py egg_info --egg-base ../../build/mypkg build --build-base /home/yuki/ros2_ws/build/mypkg/build install --record /home/yuki/ros2_ws/build/mypkg/install.log --install-scripts $base/lib/mypkg --single-version-externally-managed install_data
