running egg_info
writing ../../build/jst_gmt/jst_gmt.egg-info/PKG-INFO
writing dependency_links to ../../build/jst_gmt/jst_gmt.egg-info/dependency_links.txt
writing entry points to ../../build/jst_gmt/jst_gmt.egg-info/entry_points.txt
writing requirements to ../../build/jst_gmt/jst_gmt.egg-info/requires.txt
writing top-level names to ../../build/jst_gmt/jst_gmt.egg-info/top_level.txt
reading manifest file '../../build/jst_gmt/jst_gmt.egg-info/SOURCES.txt'
writing manifest file '../../build/jst_gmt/jst_gmt.egg-info/SOURCES.txt'
running build
running build_py
copying jst_gmt/__init__.py -> /home/yuki/ros2_ws/build/jst_gmt/build/lib/jst_gmt
running install
running install_lib
copying /home/yuki/ros2_ws/build/jst_gmt/build/lib/jst_gmt/__init__.py -> /home/yuki/ros2_ws/install/jst_gmt/lib/python3.8/site-packages/jst_gmt
byte-compiling /home/yuki/ros2_ws/install/jst_gmt/lib/python3.8/site-packages/jst_gmt/__init__.py to __init__.cpython-38.pyc
running install_data
copying resource/jst_gmt -> /home/yuki/ros2_ws/install/jst_gmt/share/ament_index/resource_index/packages
copying package.xml -> /home/yuki/ros2_ws/install/jst_gmt/share/jst_gmt
running install_egg_info
Copying ../../build/jst_gmt/jst_gmt.egg-info to /home/yuki/ros2_ws/install/jst_gmt/lib/python3.8/site-packages/jst_gmt-0.0.0-py3.8.egg-info
running install_scripts
writing list of installed files to '/home/yuki/ros2_ws/build/jst_gmt/install.log'
