[1.053s] Invoking command in '/home/yuki/ros2_ws/src/jst_gmt': PYTHONPATH=/home/yuki/ros2_ws/build/jst_gmt/prefix_override:/usr/lib/python3/dist-packages/colcon_core/task/python/colcon_distutils_commands:/home/yuki/ros2_ws/install/jst_gmt/lib/python3.8/site-packages:${PYTHONPATH} /usr/bin/python3 -W ignore:setup.py install is deprecated setup.py egg_info --egg-base ../../build/jst_gmt build --build-base /home/yuki/ros2_ws/build/jst_gmt/build install --record /home/yuki/ros2_ws/build/jst_gmt/install.log --install-scripts $base/lib/jst_gmt --single-version-externally-managed install_data
[1.238s] running egg_info
[1.238s] writing ../../build/jst_gmt/jst_gmt.egg-info/PKG-INFO
[1.239s] writing dependency_links to ../../build/jst_gmt/jst_gmt.egg-info/dependency_links.txt
[1.239s] writing entry points to ../../build/jst_gmt/jst_gmt.egg-info/entry_points.txt
[1.239s] writing requirements to ../../build/jst_gmt/jst_gmt.egg-info/requires.txt
[1.239s] writing top-level names to ../../build/jst_gmt/jst_gmt.egg-info/top_level.txt
[1.268s] reading manifest file '../../build/jst_gmt/jst_gmt.egg-info/SOURCES.txt'
[1.270s] writing manifest file '../../build/jst_gmt/jst_gmt.egg-info/SOURCES.txt'
[1.270s] running build
[1.270s] running build_py
[1.271s] copying jst_gmt/__init__.py -> /home/yuki/ros2_ws/build/jst_gmt/build/lib/jst_gmt
[1.271s] running install
[1.272s] running install_lib
[1.274s] copying /home/yuki/ros2_ws/build/jst_gmt/build/lib/jst_gmt/__init__.py -> /home/yuki/ros2_ws/install/jst_gmt/lib/python3.8/site-packages/jst_gmt
[1.275s] byte-compiling /home/yuki/ros2_ws/install/jst_gmt/lib/python3.8/site-packages/jst_gmt/__init__.py to __init__.cpython-38.pyc
[1.277s] running install_data
[1.277s] copying resource/jst_gmt -> /home/yuki/ros2_ws/install/jst_gmt/share/ament_index/resource_index/packages
[1.278s] copying package.xml -> /home/yuki/ros2_ws/install/jst_gmt/share/jst_gmt
[1.278s] running install_egg_info
[1.280s] Copying ../../build/jst_gmt/jst_gmt.egg-info to /home/yuki/ros2_ws/install/jst_gmt/lib/python3.8/site-packages/jst_gmt-0.0.0-py3.8.egg-info
[1.282s] running install_scripts
[1.300s] writing list of installed files to '/home/yuki/ros2_ws/build/jst_gmt/install.log'
[1.327s] Invoked command in '/home/yuki/ros2_ws/src/jst_gmt' returned '0': PYTHONPATH=/home/yuki/ros2_ws/build/jst_gmt/prefix_override:/usr/lib/python3/dist-packages/colcon_core/task/python/colcon_distutils_commands:/home/yuki/ros2_ws/install/jst_gmt/lib/python3.8/site-packages:${PYTHONPATH} /usr/bin/python3 -W ignore:setup.py install is deprecated setup.py egg_info --egg-base ../../build/jst_gmt build --build-base /home/yuki/ros2_ws/build/jst_gmt/build install --record /home/yuki/ros2_ws/build/jst_gmt/install.log --install-scripts $base/lib/jst_gmt --single-version-externally-managed install_data
