[0.610s] Invoking command in '/home/yuki/ros2_ws/src/mypkg': PYTHONPATH=/home/yuki/ros2_ws/build/mypkg/prefix_override:/usr/lib/python3/dist-packages/colcon_core/task/python/colcon_distutils_commands:/home/yuki/ros2_ws/install/mypkg/lib/python3.8/site-packages:${PYTHONPATH} /usr/bin/python3 -W ignore:setup.py install is deprecated setup.py egg_info --egg-base ../../build/mypkg build --build-base /home/yuki/ros2_ws/build/mypkg/build install --record /home/yuki/ros2_ws/build/mypkg/install.log --install-scripts $base/lib/mypkg --single-version-externally-managed install_data
[0.771s] running egg_info
[0.771s] writing ../../build/mypkg/mypkg.egg-info/PKG-INFO
[0.771s] writing dependency_links to ../../build/mypkg/mypkg.egg-info/dependency_links.txt
[0.771s] writing entry points to ../../build/mypkg/mypkg.egg-info/entry_points.txt
[0.771s] writing requirements to ../../build/mypkg/mypkg.egg-info/requires.txt
[0.775s] writing top-level names to ../../build/mypkg/mypkg.egg-info/top_level.txt
[0.809s] reading manifest file '../../build/mypkg/mypkg.egg-info/SOURCES.txt'
[0.810s] writing manifest file '../../build/mypkg/mypkg.egg-info/SOURCES.txt'
[0.811s] running build
[0.811s] running build_py
[0.812s] running install
[0.812s] running install_lib
[0.815s] running install_data
[0.816s] running install_egg_info
[0.817s] removing '/home/yuki/ros2_ws/install/mypkg/lib/python3.8/site-packages/mypkg-0.0.0-py3.8.egg-info' (and everything under it)
[0.820s] Copying ../../build/mypkg/mypkg.egg-info to /home/yuki/ros2_ws/install/mypkg/lib/python3.8/site-packages/mypkg-0.0.0-py3.8.egg-info
[0.822s] running install_scripts
[0.833s] Installing listener script to /home/yuki/ros2_ws/install/mypkg/lib/mypkg
[0.834s] Installing talker script to /home/yuki/ros2_ws/install/mypkg/lib/mypkg
[0.835s] writing list of installed files to '/home/yuki/ros2_ws/build/mypkg/install.log'
[0.850s] Invoked command in '/home/yuki/ros2_ws/src/mypkg' returned '0': PYTHONPATH=/home/yuki/ros2_ws/build/mypkg/prefix_override:/usr/lib/python3/dist-packages/colcon_core/task/python/colcon_distutils_commands:/home/yuki/ros2_ws/install/mypkg/lib/python3.8/site-packages:${PYTHONPATH} /usr/bin/python3 -W ignore:setup.py install is deprecated setup.py egg_info --egg-base ../../build/mypkg build --build-base /home/yuki/ros2_ws/build/mypkg/build install --record /home/yuki/ros2_ws/build/mypkg/install.log --install-scripts $base/lib/mypkg --single-version-externally-managed install_data
