[0.559s] Invoking command in '/home/yuki/ros2_ws/src/mypkg': PYTHONPATH=/home/yuki/ros2_ws/build/mypkg/prefix_override:/usr/lib/python3/dist-packages/colcon_core/task/python/colcon_distutils_commands:/home/yuki/ros2_ws/install/mypkg/lib/python3.8/site-packages:${PYTHONPATH} /usr/bin/python3 -W ignore:setup.py install is deprecated setup.py egg_info --egg-base ../../build/mypkg build --build-base /home/yuki/ros2_ws/build/mypkg/build install --record /home/yuki/ros2_ws/build/mypkg/install.log --install-scripts $base/lib/mypkg --single-version-externally-managed install_data
[0.681s] running egg_info
[0.681s] writing ../../build/mypkg/mypkg.egg-info/PKG-INFO
[0.681s] writing dependency_links to ../../build/mypkg/mypkg.egg-info/dependency_links.txt
[0.682s] writing entry points to ../../build/mypkg/mypkg.egg-info/entry_points.txt
[0.682s] writing requirements to ../../build/mypkg/mypkg.egg-info/requires.txt
[0.682s] writing top-level names to ../../build/mypkg/mypkg.egg-info/top_level.txt
[0.708s] reading manifest file '../../build/mypkg/mypkg.egg-info/SOURCES.txt'
[0.710s] writing manifest file '../../build/mypkg/mypkg.egg-info/SOURCES.txt'
[0.710s] running build
[0.710s] running build_py
[0.710s] copying mypkg/talker.py -> /home/yuki/ros2_ws/build/mypkg/build/lib/mypkg
[0.711s] running install
[0.712s] running install_lib
[0.713s] copying /home/yuki/ros2_ws/build/mypkg/build/lib/mypkg/talker.py -> /home/yuki/ros2_ws/install/mypkg/lib/python3.8/site-packages/mypkg
[0.713s] byte-compiling /home/yuki/ros2_ws/install/mypkg/lib/python3.8/site-packages/mypkg/talker.py to talker.cpython-38.pyc
[0.715s] running install_data
[0.715s] running install_egg_info
[0.716s] removing '/home/yuki/ros2_ws/install/mypkg/lib/python3.8/site-packages/mypkg-0.0.0-py3.8.egg-info' (and everything under it)
[0.717s] Copying ../../build/mypkg/mypkg.egg-info to /home/yuki/ros2_ws/install/mypkg/lib/python3.8/site-packages/mypkg-0.0.0-py3.8.egg-info
[0.719s] running install_scripts
[0.732s] Installing listener script to /home/yuki/ros2_ws/install/mypkg/lib/mypkg
[0.732s] Installing talker script to /home/yuki/ros2_ws/install/mypkg/lib/mypkg
[0.732s] writing list of installed files to '/home/yuki/ros2_ws/build/mypkg/install.log'
[0.751s] Invoked command in '/home/yuki/ros2_ws/src/mypkg' returned '0': PYTHONPATH=/home/yuki/ros2_ws/build/mypkg/prefix_override:/usr/lib/python3/dist-packages/colcon_core/task/python/colcon_distutils_commands:/home/yuki/ros2_ws/install/mypkg/lib/python3.8/site-packages:${PYTHONPATH} /usr/bin/python3 -W ignore:setup.py install is deprecated setup.py egg_info --egg-base ../../build/mypkg build --build-base /home/yuki/ros2_ws/build/mypkg/build install --record /home/yuki/ros2_ws/build/mypkg/install.log --install-scripts $base/lib/mypkg --single-version-externally-managed install_data
