[0.396s] Invoking command in '/home/yuki/ros2_ws/build/person_msgs': CMAKE_PREFIX_PATH=/home/yuki/ros2_ws/install/mypkg:/opt/ros/foxy /usr/bin/cmake /home/yuki/ros2_ws/src/person_msgs -DCMAKE_INSTALL_PREFIX=/home/yuki/ros2_ws/install/person_msgs
[0.530s] -- Found ament_cmake: 0.9.12 (/opt/ros/foxy/share/ament_cmake/cmake)
[0.564s] -- Using PYTHON_EXECUTABLE: /usr/bin/python3
[0.739s] -- Found ament_lint_auto: 0.9.8 (/opt/ros/foxy/share/ament_lint_auto/cmake)
[0.811s] -- Added test 'copyright' to check source files copyright and LICENSE
[0.814s] -- Added test 'lint_cmake' to check CMake code style
[0.815s] -- Added test 'xmllint' to check XML markup files
[0.818s] -- Found rosidl_default_generators: 1.0.1 (/opt/ros/foxy/share/rosidl_default_generators/cmake)
[0.822s] -- Using all available rosidl_typesupport_c: rosidl_typesupport_fastrtps_c;rosidl_typesupport_introspection_c
[0.828s] -- Found rosidl_adapter: 1.3.1 (/opt/ros/foxy/share/rosidl_adapter/cmake)
[2.973s] -- Using all available rosidl_typesupport_cpp: rosidl_typesupport_fastrtps_cpp;rosidl_typesupport_introspection_cpp
[3.004s] CMake Error at /opt/ros/foxy/share/rosidl_cmake/cmake/rosidl_generate_interfaces.cmake:64 (message):
[3.005s]   rosidl_generate_interfaces() must be called before ament_package()
[3.005s] Call Stack (most recent call first):
[3.005s]   CMakeLists.txt:37 (rosidl_generate_interfaces)
[3.005s] 
[3.005s] 
[3.007s] -- Configuring incomplete, errors occurred!
[3.007s] See also "/home/yuki/ros2_ws/build/person_msgs/CMakeFiles/CMakeOutput.log".
[3.026s] Invoked command in '/home/yuki/ros2_ws/build/person_msgs' returned '1': CMAKE_PREFIX_PATH=/home/yuki/ros2_ws/install/mypkg:/opt/ros/foxy /usr/bin/cmake /home/yuki/ros2_ws/src/person_msgs -DCMAKE_INSTALL_PREFIX=/home/yuki/ros2_ws/install/person_msgs
