[0.646s] Invoking command in '/home/yuki/ros2_ws/src/mypkg': PYTHONPATH=/home/yuki/ros2_ws/build/mypkg/prefix_override:/usr/lib/python3/dist-packages/colcon_core/task/python/colcon_distutils_commands:/home/yuki/ros2_ws/install/mypkg/lib/python3.8/site-packages:${PYTHONPATH} /usr/bin/python3 -W ignore:setup.py install is deprecated setup.py egg_info --egg-base ../../build/mypkg build --build-base /home/yuki/ros2_ws/build/mypkg/build install --record /home/yuki/ros2_ws/build/mypkg/install.log --install-scripts $base/lib/mypkg --single-version-externally-managed install_data
[0.807s] running egg_info
[0.807s] writing ../../build/mypkg/mypkg.egg-info/PKG-INFO
[0.808s] writing dependency_links to ../../build/mypkg/mypkg.egg-info/dependency_links.txt
[0.808s] writing entry points to ../../build/mypkg/mypkg.egg-info/entry_points.txt
[0.808s] writing requirements to ../../build/mypkg/mypkg.egg-info/requires.txt
[0.809s] writing top-level names to ../../build/mypkg/mypkg.egg-info/top_level.txt
[0.836s] reading manifest file '../../build/mypkg/mypkg.egg-info/SOURCES.txt'
[0.837s] writing manifest file '../../build/mypkg/mypkg.egg-info/SOURCES.txt'
[0.838s] running build
[0.838s] running build_py
[0.838s] copying mypkg/listener.py -> /home/yuki/ros2_ws/build/mypkg/build/lib/mypkg
[0.839s] running install
[0.839s] running install_lib
[0.840s] copying /home/yuki/ros2_ws/build/mypkg/build/lib/mypkg/listener.py -> /home/yuki/ros2_ws/install/mypkg/lib/python3.8/site-packages/mypkg
[0.841s] byte-compiling /home/yuki/ros2_ws/install/mypkg/lib/python3.8/site-packages/mypkg/listener.py to listener.cpython-38.pyc
[0.842s] running install_data
[0.843s] running install_egg_info
[0.844s] removing '/home/yuki/ros2_ws/install/mypkg/lib/python3.8/site-packages/mypkg-0.0.0-py3.8.egg-info' (and everything under it)
[0.844s] Copying ../../build/mypkg/mypkg.egg-info to /home/yuki/ros2_ws/install/mypkg/lib/python3.8/site-packages/mypkg-0.0.0-py3.8.egg-info
[0.845s] running install_scripts
[0.857s] Installing listener script to /home/yuki/ros2_ws/install/mypkg/lib/mypkg
[0.857s] Installing talker script to /home/yuki/ros2_ws/install/mypkg/lib/mypkg
[0.858s] writing list of installed files to '/home/yuki/ros2_ws/build/mypkg/install.log'
[0.874s] Invoked command in '/home/yuki/ros2_ws/src/mypkg' returned '0': PYTHONPATH=/home/yuki/ros2_ws/build/mypkg/prefix_override:/usr/lib/python3/dist-packages/colcon_core/task/python/colcon_distutils_commands:/home/yuki/ros2_ws/install/mypkg/lib/python3.8/site-packages:${PYTHONPATH} /usr/bin/python3 -W ignore:setup.py install is deprecated setup.py egg_info --egg-base ../../build/mypkg build --build-base /home/yuki/ros2_ws/build/mypkg/build install --record /home/yuki/ros2_ws/build/mypkg/install.log --install-scripts $base/lib/mypkg --single-version-externally-managed install_data
