[0.158s] Invoking command in '/home/yuki/ros2_ws/build/person_msgs': CMAKE_PREFIX_PATH=${CMAKE_PREFIX_PATH}:/home/yuki/ros2_ws/install/mypkg:/opt/ros/foxy /usr/bin/cmake --build /home/yuki/ros2_ws/build/person_msgs -- -j12 -l12
[0.312s] -- Found ament_cmake: 0.9.12 (/opt/ros/foxy/share/ament_cmake/cmake)
[0.336s] -- Found PythonInterp: /usr/bin/python3 (found suitable version "3.8.10", minimum required is "3") 
[0.336s] -- Using PYTHON_EXECUTABLE: /usr/bin/python3
[0.505s] -- Found rosidl_default_generators: 1.0.1 (/opt/ros/foxy/share/rosidl_default_generators/cmake)
[0.511s] -- Using all available rosidl_typesupport_c: rosidl_typesupport_fastrtps_c;rosidl_typesupport_introspection_c
[0.516s] -- Found rosidl_adapter: 1.3.1 (/opt/ros/foxy/share/rosidl_adapter/cmake)
[4.093s] -- Using all available rosidl_typesupport_cpp: rosidl_typesupport_fastrtps_cpp;rosidl_typesupport_introspection_cpp
[4.132s] -- Found PythonInterp: /usr/bin/python3 (found version "3.8.10") 
[4.221s] -- Found ament_cmake_ros: 0.9.2 (/opt/ros/foxy/share/ament_cmake_ros/cmake)
[7.165s] -- Using all available rosidl_typesupport_c: rosidl_typesupport_fastrtps_c;rosidl_typesupport_introspection_c
[7.172s] -- Using all available rosidl_typesupport_cpp: rosidl_typesupport_fastrtps_cpp;rosidl_typesupport_introspection_cpp
[7.187s] -- Found PythonInterp: /usr/bin/python3 (found suitable version "3.8.10", minimum required is "3.5") 
[7.189s] -- Found python_cmake_module: 0.8.1 (/opt/ros/foxy/share/python_cmake_module/cmake)
[7.209s] -- Using PYTHON_EXECUTABLE: /usr/bin/python3
[7.209s] -- Using PYTHON_INCLUDE_DIRS: /usr/include/python3.8
[7.209s] -- Using PYTHON_LIBRARIES: /usr/lib/x86_64-linux-gnu/libpython3.8.so
[7.222s] -- Found ament_lint_auto: 0.9.8 (/opt/ros/foxy/share/ament_lint_auto/cmake)
[7.237s] -- Found PythonInterp: /usr/bin/python3 (found version "3.8.10") 
[7.270s] CMake Error at /opt/ros/foxy/share/rosidl_cmake/cmake/rosidl_generate_interfaces.cmake:213 (add_custom_target):
[7.270s]   add_custom_target cannot create target "person_msgs" because another target
[7.270s]   with the same name already exists.  The existing target is a custom target
[7.270s]   created in source directory "/home/yuki/ros2_ws/src/person_msgs".  See
[7.270s]   documentation for policy CMP0002 for more details.
[7.270s] Call Stack (most recent call first):
[7.270s]   CMakeLists.txt:32 (rosidl_generate_interfaces)
[7.270s] 
[7.270s] 
[7.300s] -- Added test 'copyright' to check source files copyright and LICENSE
[7.311s] -- Added test 'lint_cmake' to check CMake code style
[7.314s] -- Added test 'xmllint' to check XML markup files
[7.321s] -- Configuring incomplete, errors occurred!
[7.321s] See also "/home/yuki/ros2_ws/build/person_msgs/CMakeFiles/CMakeOutput.log".
[7.332s] make: *** [Makefile:748: cmake_check_build_system] Error 1
[7.335s] Invoked command in '/home/yuki/ros2_ws/build/person_msgs' returned '2': CMAKE_PREFIX_PATH=${CMAKE_PREFIX_PATH}:/home/yuki/ros2_ws/install/mypkg:/opt/ros/foxy /usr/bin/cmake --build /home/yuki/ros2_ws/build/person_msgs -- -j12 -l12
