[0.275s] Invoking command in '/home/yuki/ros2_ws/build/person_msgs': CMAKE_PREFIX_PATH=${CMAKE_PREFIX_PATH}:/home/yuki/ros2_ws/install/jst_gmt:/home/yuki/ros2_ws/install/mypkg:/opt/ros/foxy /usr/bin/cmake --build /home/yuki/ros2_ws/build/person_msgs -- -j12 -l12
[0.427s] -- Found ament_cmake: 0.9.12 (/opt/ros/foxy/share/ament_cmake/cmake)
[0.452s] -- Found PythonInterp: /usr/bin/python3 (found suitable version "3.8.10", minimum required is "3") 
[0.452s] -- Using PYTHON_EXECUTABLE: /usr/bin/python3
[0.602s] -- Found rosidl_default_generators: 1.0.1 (/opt/ros/foxy/share/rosidl_default_generators/cmake)
[0.606s] -- Using all available rosidl_typesupport_c: rosidl_typesupport_fastrtps_c;rosidl_typesupport_introspection_c
[0.612s] -- Found rosidl_adapter: 1.3.1 (/opt/ros/foxy/share/rosidl_adapter/cmake)
[3.811s] -- Using all available rosidl_typesupport_cpp: rosidl_typesupport_fastrtps_cpp;rosidl_typesupport_introspection_cpp
[3.852s] -- Found PythonInterp: /usr/bin/python3 (found version "3.8.10") 
[3.949s] -- Found ament_cmake_ros: 0.9.2 (/opt/ros/foxy/share/ament_cmake_ros/cmake)
[6.853s] -- Using all available rosidl_typesupport_c: rosidl_typesupport_fastrtps_c;rosidl_typesupport_introspection_c
[6.861s] -- Using all available rosidl_typesupport_cpp: rosidl_typesupport_fastrtps_cpp;rosidl_typesupport_introspection_cpp
[6.879s] -- Found PythonInterp: /usr/bin/python3 (found suitable version "3.8.10", minimum required is "3.5") 
[6.880s] -- Found python_cmake_module: 0.8.1 (/opt/ros/foxy/share/python_cmake_module/cmake)
[6.901s] -- Using PYTHON_EXECUTABLE: /usr/bin/python3
[6.902s] -- Using PYTHON_INCLUDE_DIRS: /usr/include/python3.8
[6.902s] -- Using PYTHON_LIBRARIES: /usr/lib/x86_64-linux-gnu/libpython3.8.so
[6.914s] -- Found ament_lint_auto: 0.9.8 (/opt/ros/foxy/share/ament_lint_auto/cmake)
[6.949s] -- Added test 'copyright' to check source files copyright and LICENSE
[6.955s] -- Added test 'lint_cmake' to check CMake code style
[6.958s] -- Added test 'xmllint' to check XML markup files
[6.968s] -- Configuring done
[7.023s] -- Generating done
[7.025s] -- Build files have been written to: /home/yuki/ros2_ws/build/person_msgs
[7.053s] [35m[1mScanning dependencies of target person_msgs__cpp[0m
[7.056s] [35m[1mScanning dependencies of target person_msgs__rosidl_generator_c[0m
[7.064s] [  2%] Built target person_msgs__cpp
[7.071s] [  5%] [32m[1mLinking C shared library libperson_msgs__rosidl_generator_c.so[0m
[7.073s] [35m[1mScanning dependencies of target person_msgs__rosidl_typesupport_cpp[0m
[7.075s] [35m[1mScanning dependencies of target person_msgs__rosidl_typesupport_introspection_cpp[0m
[7.076s] [35m[1mScanning dependencies of target person_msgs__rosidl_typesupport_fastrtps_cpp[0m
[7.093s] [ 10%] [32m[1mLinking CXX shared library libperson_msgs__rosidl_typesupport_cpp.so[0m
[7.093s] [ 10%] [32m[1mLinking CXX shared library libperson_msgs__rosidl_typesupport_introspection_cpp.so[0m
[7.117s] [ 12%] [32m[1mLinking CXX shared library libperson_msgs__rosidl_typesupport_fastrtps_cpp.so[0m
[7.186s] [ 25%] Built target person_msgs__rosidl_generator_c
[7.186s] [ 28%] Built target person_msgs__rosidl_typesupport_cpp
[7.197s] [35m[1mScanning dependencies of target person_msgs__rosidl_typesupport_c[0m
[7.199s] [35m[1mScanning dependencies of target person_msgs__rosidl_typesupport_introspection_c[0m
[7.204s] [ 35%] Built target person_msgs__rosidl_typesupport_introspection_cpp
[7.213s] [ 38%] [32m[1mLinking CXX shared library libperson_msgs__rosidl_typesupport_c.so[0m
[7.217s] [ 41%] [32m[1mLinking C shared library libperson_msgs__rosidl_typesupport_introspection_c.so[0m
[7.245s] [ 48%] Built target person_msgs__rosidl_typesupport_fastrtps_cpp
[7.256s] [35m[1mScanning dependencies of target person_msgs__rosidl_typesupport_fastrtps_c[0m
[7.274s] [ 51%] [32m[1mLinking CXX shared library libperson_msgs__rosidl_typesupport_fastrtps_c.so[0m
[7.283s] [ 58%] Built target person_msgs__rosidl_typesupport_introspection_c
[7.288s] [ 66%] Built target person_msgs__rosidl_typesupport_c
[7.377s] [ 74%] Built target person_msgs__rosidl_typesupport_fastrtps_c
[7.393s] [ 74%] Built target person_msgs
[7.401s] [35m[1mScanning dependencies of target person_msgs__py[0m
[7.410s] [ 76%] Built target person_msgs__py
[7.419s] [35m[1mScanning dependencies of target person_msgs__python[0m
[7.464s] [ 79%] [32m[1mLinking C shared library rosidl_generator_py/person_msgs/libperson_msgs__python.so[0m
[7.550s] [ 84%] Built target person_msgs__python
[7.571s] [ 87%] [32m[1mLinking CXX shared library rosidl_generator_py/person_msgs/person_msgs_s__rosidl_typesupport_fastrtps_c.cpython-38-x86_64-linux-gnu.so[0m
[7.572s] [ 89%] [32m[1mLinking C shared library rosidl_generator_py/person_msgs/person_msgs_s__rosidl_typesupport_introspection_c.cpython-38-x86_64-linux-gnu.so[0m
[7.572s] [ 92%] [32m[1mLinking C shared library rosidl_generator_py/person_msgs/person_msgs_s__rosidl_typesupport_c.cpython-38-x86_64-linux-gnu.so[0m
[7.633s] [ 94%] Built target person_msgs__rosidl_typesupport_c__pyext
[7.638s] [ 97%] Built target person_msgs__rosidl_typesupport_introspection_c__pyext
[7.650s] [100%] Built target person_msgs__rosidl_typesupport_fastrtps_c__pyext
[7.659s] Invoked command in '/home/yuki/ros2_ws/build/person_msgs' returned '0': CMAKE_PREFIX_PATH=${CMAKE_PREFIX_PATH}:/home/yuki/ros2_ws/install/jst_gmt:/home/yuki/ros2_ws/install/mypkg:/opt/ros/foxy /usr/bin/cmake --build /home/yuki/ros2_ws/build/person_msgs -- -j12 -l12
[7.715s] Invoking command in '/home/yuki/ros2_ws/build/person_msgs': CMAKE_PREFIX_PATH=${CMAKE_PREFIX_PATH}:/home/yuki/ros2_ws/install/jst_gmt:/home/yuki/ros2_ws/install/mypkg:/opt/ros/foxy /usr/bin/cmake --install /home/yuki/ros2_ws/build/person_msgs
[7.721s] -- Install configuration: ""
[7.721s] -- Installing: /home/yuki/ros2_ws/install/person_msgs/share/ament_index/resource_index/rosidl_interfaces/person_msgs
[7.722s] -- Up-to-date: /home/yuki/ros2_ws/install/person_msgs/include/person_msgs
[7.722s] -- Up-to-date: /home/yuki/ros2_ws/install/person_msgs/include/person_msgs/srv
[7.722s] -- Up-to-date: /home/yuki/ros2_ws/install/person_msgs/include/person_msgs/srv/detail
[7.722s] -- Up-to-date: /home/yuki/ros2_ws/install/person_msgs/include/person_msgs/srv/detail/query__functions.c
[7.722s] -- Up-to-date: /home/yuki/ros2_ws/install/person_msgs/include/person_msgs/srv/detail/query__functions.h
[7.722s] -- Up-to-date: /home/yuki/ros2_ws/install/person_msgs/include/person_msgs/srv/detail/query__struct.h
[7.722s] -- Up-to-date: /home/yuki/ros2_ws/install/person_msgs/include/person_msgs/srv/detail/query__type_support.h
[7.723s] -- Up-to-date: /home/yuki/ros2_ws/install/person_msgs/include/person_msgs/srv/query.h
[7.723s] -- Up-to-date: /home/yuki/ros2_ws/install/person_msgs/include/person_msgs/msg
[7.723s] -- Up-to-date: /home/yuki/ros2_ws/install/person_msgs/include/person_msgs/msg/detail
[7.723s] -- Up-to-date: /home/yuki/ros2_ws/install/person_msgs/include/person_msgs/msg/detail/person__functions.h
[7.723s] -- Up-to-date: /home/yuki/ros2_ws/install/person_msgs/include/person_msgs/msg/detail/person__functions.c
[7.723s] -- Up-to-date: /home/yuki/ros2_ws/install/person_msgs/include/person_msgs/msg/detail/person__type_support.h
[7.723s] -- Up-to-date: /home/yuki/ros2_ws/install/person_msgs/include/person_msgs/msg/detail/person__struct.h
[7.723s] -- Up-to-date: /home/yuki/ros2_ws/install/person_msgs/include/person_msgs/msg/rosidl_generator_c__visibility_control.h
[7.723s] -- Up-to-date: /home/yuki/ros2_ws/install/person_msgs/include/person_msgs/msg/person.h
[7.723s] -- Up-to-date: /home/yuki/ros2_ws/install/person_msgs/share/person_msgs/environment/library_path.sh
[7.723s] -- Installing: /home/yuki/ros2_ws/install/person_msgs/share/person_msgs/environment/library_path.dsv
[7.724s] -- Installing: /home/yuki/ros2_ws/install/person_msgs/lib/libperson_msgs__rosidl_generator_c.so
[7.724s] -- Set runtime path of "/home/yuki/ros2_ws/install/person_msgs/lib/libperson_msgs__rosidl_generator_c.so" to ""
[7.724s] -- Up-to-date: /home/yuki/ros2_ws/install/person_msgs/include/person_msgs
[7.725s] -- Up-to-date: /home/yuki/ros2_ws/install/person_msgs/include/person_msgs/srv
[7.725s] -- Up-to-date: /home/yuki/ros2_ws/install/person_msgs/include/person_msgs/srv/detail
[7.725s] -- Up-to-date: /home/yuki/ros2_ws/install/person_msgs/include/person_msgs/srv/detail/query__rosidl_typesupport_fastrtps_c.h
[7.725s] -- Up-to-date: /home/yuki/ros2_ws/install/person_msgs/include/person_msgs/msg
[7.725s] -- Up-to-date: /home/yuki/ros2_ws/install/person_msgs/include/person_msgs/msg/detail
[7.726s] -- Up-to-date: /home/yuki/ros2_ws/install/person_msgs/include/person_msgs/msg/detail/person__rosidl_typesupport_fastrtps_c.h
[7.726s] -- Up-to-date: /home/yuki/ros2_ws/install/person_msgs/include/person_msgs/msg/rosidl_typesupport_fastrtps_c__visibility_control.h
[7.727s] -- Installing: /home/yuki/ros2_ws/install/person_msgs/lib/libperson_msgs__rosidl_typesupport_fastrtps_c.so
[7.727s] -- Set runtime path of "/home/yuki/ros2_ws/install/person_msgs/lib/libperson_msgs__rosidl_typesupport_fastrtps_c.so" to ""
[7.727s] -- Up-to-date: /home/yuki/ros2_ws/install/person_msgs/include/person_msgs
[7.727s] -- Up-to-date: /home/yuki/ros2_ws/install/person_msgs/include/person_msgs/srv
[7.727s] -- Up-to-date: /home/yuki/ros2_ws/install/person_msgs/include/person_msgs/srv/detail
[7.727s] -- Up-to-date: /home/yuki/ros2_ws/install/person_msgs/include/person_msgs/srv/detail/dds_fastrtps
[7.728s] -- Up-to-date: /home/yuki/ros2_ws/install/person_msgs/include/person_msgs/srv/detail/query__rosidl_typesupport_fastrtps_cpp.hpp
[7.728s] -- Up-to-date: /home/yuki/ros2_ws/install/person_msgs/include/person_msgs/msg
[7.728s] -- Up-to-date: /home/yuki/ros2_ws/install/person_msgs/include/person_msgs/msg/detail
[7.728s] -- Up-to-date: /home/yuki/ros2_ws/install/person_msgs/include/person_msgs/msg/detail/person__rosidl_typesupport_fastrtps_cpp.hpp
[7.728s] -- Up-to-date: /home/yuki/ros2_ws/install/person_msgs/include/person_msgs/msg/detail/dds_fastrtps
[7.728s] -- Up-to-date: /home/yuki/ros2_ws/install/person_msgs/include/person_msgs/msg/rosidl_typesupport_fastrtps_cpp__visibility_control.h
[7.729s] -- Installing: /home/yuki/ros2_ws/install/person_msgs/lib/libperson_msgs__rosidl_typesupport_fastrtps_cpp.so
[7.729s] -- Set runtime path of "/home/yuki/ros2_ws/install/person_msgs/lib/libperson_msgs__rosidl_typesupport_fastrtps_cpp.so" to ""
[7.729s] -- Up-to-date: /home/yuki/ros2_ws/install/person_msgs/include/person_msgs
[7.729s] -- Up-to-date: /home/yuki/ros2_ws/install/person_msgs/include/person_msgs/srv
[7.730s] -- Up-to-date: /home/yuki/ros2_ws/install/person_msgs/include/person_msgs/srv/detail
[7.730s] -- Up-to-date: /home/yuki/ros2_ws/install/person_msgs/include/person_msgs/srv/detail/query__type_support.c
[7.730s] -- Up-to-date: /home/yuki/ros2_ws/install/person_msgs/include/person_msgs/srv/detail/query__rosidl_typesupport_introspection_c.h
[7.730s] -- Up-to-date: /home/yuki/ros2_ws/install/person_msgs/include/person_msgs/msg
[7.730s] -- Up-to-date: /home/yuki/ros2_ws/install/person_msgs/include/person_msgs/msg/detail
[7.731s] -- Up-to-date: /home/yuki/ros2_ws/install/person_msgs/include/person_msgs/msg/detail/person__rosidl_typesupport_introspection_c.h
[7.731s] -- Up-to-date: /home/yuki/ros2_ws/install/person_msgs/include/person_msgs/msg/detail/person__type_support.c
[7.731s] -- Up-to-date: /home/yuki/ros2_ws/install/person_msgs/include/person_msgs/msg/rosidl_typesupport_introspection_c__visibility_control.h
[7.731s] -- Installing: /home/yuki/ros2_ws/install/person_msgs/lib/libperson_msgs__rosidl_typesupport_introspection_c.so
[7.731s] -- Set runtime path of "/home/yuki/ros2_ws/install/person_msgs/lib/libperson_msgs__rosidl_typesupport_introspection_c.so" to ""
[7.732s] -- Installing: /home/yuki/ros2_ws/install/person_msgs/lib/libperson_msgs__rosidl_typesupport_c.so
[7.732s] -- Set runtime path of "/home/yuki/ros2_ws/install/person_msgs/lib/libperson_msgs__rosidl_typesupport_c.so" to ""
[7.732s] -- Up-to-date: /home/yuki/ros2_ws/install/person_msgs/include/person_msgs
[7.732s] -- Up-to-date: /home/yuki/ros2_ws/install/person_msgs/include/person_msgs/srv
[7.733s] -- Up-to-date: /home/yuki/ros2_ws/install/person_msgs/include/person_msgs/srv/detail
[7.733s] -- Up-to-date: /home/yuki/ros2_ws/install/person_msgs/include/person_msgs/srv/detail/query__type_support.hpp
[7.733s] -- Up-to-date: /home/yuki/ros2_ws/install/person_msgs/include/person_msgs/srv/detail/query__struct.hpp
[7.733s] -- Up-to-date: /home/yuki/ros2_ws/install/person_msgs/include/person_msgs/srv/detail/query__builder.hpp
[7.733s] -- Up-to-date: /home/yuki/ros2_ws/install/person_msgs/include/person_msgs/srv/detail/query__traits.hpp
[7.734s] -- Up-to-date: /home/yuki/ros2_ws/install/person_msgs/include/person_msgs/srv/query.hpp
[7.734s] -- Up-to-date: /home/yuki/ros2_ws/install/person_msgs/include/person_msgs/msg
[7.734s] -- Up-to-date: /home/yuki/ros2_ws/install/person_msgs/include/person_msgs/msg/detail
[7.734s] -- Up-to-date: /home/yuki/ros2_ws/install/person_msgs/include/person_msgs/msg/detail/person__type_support.hpp
[7.734s] -- Up-to-date: /home/yuki/ros2_ws/install/person_msgs/include/person_msgs/msg/detail/person__builder.hpp
[7.734s] -- Up-to-date: /home/yuki/ros2_ws/install/person_msgs/include/person_msgs/msg/detail/person__traits.hpp
[7.734s] -- Up-to-date: /home/yuki/ros2_ws/install/person_msgs/include/person_msgs/msg/detail/person__struct.hpp
[7.734s] -- Up-to-date: /home/yuki/ros2_ws/install/person_msgs/include/person_msgs/msg/rosidl_generator_cpp__visibility_control.hpp
[7.734s] -- Up-to-date: /home/yuki/ros2_ws/install/person_msgs/include/person_msgs/msg/person.hpp
[7.734s] -- Up-to-date: /home/yuki/ros2_ws/install/person_msgs/include/person_msgs
[7.734s] -- Up-to-date: /home/yuki/ros2_ws/install/person_msgs/include/person_msgs/srv
[7.734s] -- Up-to-date: /home/yuki/ros2_ws/install/person_msgs/include/person_msgs/srv/detail
[7.734s] -- Up-to-date: /home/yuki/ros2_ws/install/person_msgs/include/person_msgs/srv/detail/query__type_support.cpp
[7.734s] -- Up-to-date: /home/yuki/ros2_ws/install/person_msgs/include/person_msgs/srv/detail/query__rosidl_typesupport_introspection_cpp.hpp
[7.734s] -- Up-to-date: /home/yuki/ros2_ws/install/person_msgs/include/person_msgs/msg
[7.735s] -- Up-to-date: /home/yuki/ros2_ws/install/person_msgs/include/person_msgs/msg/detail
[7.735s] -- Up-to-date: /home/yuki/ros2_ws/install/person_msgs/include/person_msgs/msg/detail/person__type_support.cpp
[7.735s] -- Up-to-date: /home/yuki/ros2_ws/install/person_msgs/include/person_msgs/msg/detail/person__rosidl_typesupport_introspection_cpp.hpp
[7.735s] -- Installing: /home/yuki/ros2_ws/install/person_msgs/lib/libperson_msgs__rosidl_typesupport_introspection_cpp.so
[7.735s] -- Set runtime path of "/home/yuki/ros2_ws/install/person_msgs/lib/libperson_msgs__rosidl_typesupport_introspection_cpp.so" to ""
[7.736s] -- Installing: /home/yuki/ros2_ws/install/person_msgs/lib/libperson_msgs__rosidl_typesupport_cpp.so
[7.736s] -- Set runtime path of "/home/yuki/ros2_ws/install/person_msgs/lib/libperson_msgs__rosidl_typesupport_cpp.so" to ""
[7.736s] -- Up-to-date: /home/yuki/ros2_ws/install/person_msgs/share/person_msgs/environment/pythonpath.sh
[7.737s] -- Installing: /home/yuki/ros2_ws/install/person_msgs/share/person_msgs/environment/pythonpath.dsv
[7.737s] -- Installing: /home/yuki/ros2_ws/install/person_msgs/lib/python3.8/site-packages/person_msgs/__init__.py
[7.760s] Compiling '/home/yuki/ros2_ws/install/person_msgs/lib/python3.8/site-packages/person_msgs/__init__.py'...
[7.763s] -- Up-to-date: /home/yuki/ros2_ws/install/person_msgs/lib/python3.8/site-packages/person_msgs/msg
[7.763s] -- Up-to-date: /home/yuki/ros2_ws/install/person_msgs/lib/python3.8/site-packages/person_msgs/msg/_person_s.c
[7.763s] -- Up-to-date: /home/yuki/ros2_ws/install/person_msgs/lib/python3.8/site-packages/person_msgs/msg/__init__.py
[7.763s] -- Up-to-date: /home/yuki/ros2_ws/install/person_msgs/lib/python3.8/site-packages/person_msgs/msg/_person.py
[7.763s] -- Up-to-date: /home/yuki/ros2_ws/install/person_msgs/lib/python3.8/site-packages/person_msgs/srv
[7.763s] -- Up-to-date: /home/yuki/ros2_ws/install/person_msgs/lib/python3.8/site-packages/person_msgs/srv/_query_s.c
[7.763s] -- Up-to-date: /home/yuki/ros2_ws/install/person_msgs/lib/python3.8/site-packages/person_msgs/srv/_query.py
[7.763s] -- Up-to-date: /home/yuki/ros2_ws/install/person_msgs/lib/python3.8/site-packages/person_msgs/srv/__init__.py
[7.764s] -- Installing: /home/yuki/ros2_ws/install/person_msgs/lib/python3.8/site-packages/person_msgs/person_msgs_s__rosidl_typesupport_fastrtps_c.cpython-38-x86_64-linux-gnu.so
[7.764s] -- Set runtime path of "/home/yuki/ros2_ws/install/person_msgs/lib/python3.8/site-packages/person_msgs/person_msgs_s__rosidl_typesupport_fastrtps_c.cpython-38-x86_64-linux-gnu.so" to ""
[7.765s] -- Installing: /home/yuki/ros2_ws/install/person_msgs/lib/python3.8/site-packages/person_msgs/person_msgs_s__rosidl_typesupport_introspection_c.cpython-38-x86_64-linux-gnu.so
[7.766s] -- Set runtime path of "/home/yuki/ros2_ws/install/person_msgs/lib/python3.8/site-packages/person_msgs/person_msgs_s__rosidl_typesupport_introspection_c.cpython-38-x86_64-linux-gnu.so" to ""
[7.766s] -- Installing: /home/yuki/ros2_ws/install/person_msgs/lib/python3.8/site-packages/person_msgs/person_msgs_s__rosidl_typesupport_c.cpython-38-x86_64-linux-gnu.so
[7.767s] -- Set runtime path of "/home/yuki/ros2_ws/install/person_msgs/lib/python3.8/site-packages/person_msgs/person_msgs_s__rosidl_typesupport_c.cpython-38-x86_64-linux-gnu.so" to ""
[7.767s] -- Installing: /home/yuki/ros2_ws/install/person_msgs/lib/libperson_msgs__python.so
[7.767s] -- Set runtime path of "/home/yuki/ros2_ws/install/person_msgs/lib/libperson_msgs__python.so" to ""
[7.767s] -- Up-to-date: /home/yuki/ros2_ws/install/person_msgs/share/person_msgs/msg/Person.idl
[7.767s] -- Up-to-date: /home/yuki/ros2_ws/install/person_msgs/share/person_msgs/srv/Query.idl
[7.768s] -- Up-to-date: /home/yuki/ros2_ws/install/person_msgs/share/person_msgs/msg/Person.msg
[7.768s] -- Installing: /home/yuki/ros2_ws/install/person_msgs/share/person_msgs/srv/Query.srv
[7.768s] -- Up-to-date: /home/yuki/ros2_ws/install/person_msgs/share/person_msgs/srv/Query_Request.msg
[7.769s] -- Up-to-date: /home/yuki/ros2_ws/install/person_msgs/share/person_msgs/srv/Query_Response.msg
[7.769s] -- Up-to-date: /home/yuki/ros2_ws/install/person_msgs/share/ament_index/resource_index/package_run_dependencies/person_msgs
[7.769s] -- Up-to-date: /home/yuki/ros2_ws/install/person_msgs/share/ament_index/resource_index/parent_prefix_path/person_msgs
[7.769s] -- Up-to-date: /home/yuki/ros2_ws/install/person_msgs/share/person_msgs/environment/ament_prefix_path.sh
[7.769s] -- Installing: /home/yuki/ros2_ws/install/person_msgs/share/person_msgs/environment/ament_prefix_path.dsv
[7.769s] -- Up-to-date: /home/yuki/ros2_ws/install/person_msgs/share/person_msgs/environment/path.sh
[7.769s] -- Installing: /home/yuki/ros2_ws/install/person_msgs/share/person_msgs/environment/path.dsv
[7.769s] -- Up-to-date: /home/yuki/ros2_ws/install/person_msgs/share/person_msgs/local_setup.bash
[7.769s] -- Up-to-date: /home/yuki/ros2_ws/install/person_msgs/share/person_msgs/local_setup.sh
[7.769s] -- Up-to-date: /home/yuki/ros2_ws/install/person_msgs/share/person_msgs/local_setup.zsh
[7.769s] -- Installing: /home/yuki/ros2_ws/install/person_msgs/share/person_msgs/local_setup.dsv
[7.770s] -- Installing: /home/yuki/ros2_ws/install/person_msgs/share/person_msgs/package.dsv
[7.770s] -- Up-to-date: /home/yuki/ros2_ws/install/person_msgs/share/ament_index/resource_index/packages/person_msgs
[7.770s] -- Up-to-date: /home/yuki/ros2_ws/install/person_msgs/share/person_msgs/cmake/person_msgs__rosidl_generator_cExport.cmake
[7.770s] -- Installing: /home/yuki/ros2_ws/install/person_msgs/share/person_msgs/cmake/person_msgs__rosidl_generator_cExport-noconfig.cmake
[7.771s] -- Up-to-date: /home/yuki/ros2_ws/install/person_msgs/share/person_msgs/cmake/person_msgs__rosidl_typesupport_introspection_cExport.cmake
[7.771s] -- Installing: /home/yuki/ros2_ws/install/person_msgs/share/person_msgs/cmake/person_msgs__rosidl_typesupport_introspection_cExport-noconfig.cmake
[7.771s] -- Up-to-date: /home/yuki/ros2_ws/install/person_msgs/share/person_msgs/cmake/person_msgs__rosidl_typesupport_cExport.cmake
[7.771s] -- Installing: /home/yuki/ros2_ws/install/person_msgs/share/person_msgs/cmake/person_msgs__rosidl_typesupport_cExport-noconfig.cmake
[7.771s] -- Up-to-date: /home/yuki/ros2_ws/install/person_msgs/share/person_msgs/cmake/person_msgs__rosidl_generator_cppExport.cmake
[7.772s] -- Up-to-date: /home/yuki/ros2_ws/install/person_msgs/share/person_msgs/cmake/person_msgs__rosidl_typesupport_introspection_cppExport.cmake
[7.772s] -- Installing: /home/yuki/ros2_ws/install/person_msgs/share/person_msgs/cmake/person_msgs__rosidl_typesupport_introspection_cppExport-noconfig.cmake
[7.772s] -- Up-to-date: /home/yuki/ros2_ws/install/person_msgs/share/person_msgs/cmake/person_msgs__rosidl_typesupport_cppExport.cmake
[7.772s] -- Installing: /home/yuki/ros2_ws/install/person_msgs/share/person_msgs/cmake/person_msgs__rosidl_typesupport_cppExport-noconfig.cmake
[7.773s] -- Installing: /home/yuki/ros2_ws/install/person_msgs/share/person_msgs/cmake/rosidl_cmake-extras.cmake
[7.773s] -- Up-to-date: /home/yuki/ros2_ws/install/person_msgs/share/person_msgs/cmake/ament_cmake_export_dependencies-extras.cmake
[7.773s] -- Up-to-date: /home/yuki/ros2_ws/install/person_msgs/share/person_msgs/cmake/ament_cmake_export_libraries-extras.cmake
[7.773s] -- Up-to-date: /home/yuki/ros2_ws/install/person_msgs/share/person_msgs/cmake/ament_cmake_export_targets-extras.cmake
[7.773s] -- Up-to-date: /home/yuki/ros2_ws/install/person_msgs/share/person_msgs/cmake/ament_cmake_export_include_directories-extras.cmake
[7.773s] -- Up-to-date: /home/yuki/ros2_ws/install/person_msgs/share/person_msgs/cmake/rosidl_cmake_export_typesupport_libraries-extras.cmake
[7.773s] -- Up-to-date: /home/yuki/ros2_ws/install/person_msgs/share/person_msgs/cmake/rosidl_cmake_export_typesupport_targets-extras.cmake
[7.773s] -- Up-to-date: /home/yuki/ros2_ws/install/person_msgs/share/person_msgs/cmake/person_msgsConfig.cmake
[7.773s] -- Up-to-date: /home/yuki/ros2_ws/install/person_msgs/share/person_msgs/cmake/person_msgsConfig-version.cmake
[7.773s] -- Up-to-date: /home/yuki/ros2_ws/install/person_msgs/share/person_msgs/package.xml
[7.774s] Invoked command in '/home/yuki/ros2_ws/build/person_msgs' returned '0': CMAKE_PREFIX_PATH=${CMAKE_PREFIX_PATH}:/home/yuki/ros2_ws/install/jst_gmt:/home/yuki/ros2_ws/install/mypkg:/opt/ros/foxy /usr/bin/cmake --install /home/yuki/ros2_ws/build/person_msgs
