[1.045s] Invoking command in '/home/yuki/ros2_ws/src/mypkg': PYTHONPATH=/home/yuki/ros2_ws/build/mypkg/prefix_override:/usr/lib/python3/dist-packages/colcon_core/task/python/colcon_distutils_commands:/home/yuki/ros2_ws/install/mypkg/lib/python3.8/site-packages:${PYTHONPATH} /usr/bin/python3 -W ignore:setup.py install is deprecated setup.py egg_info --egg-base ../../build/mypkg build --build-base /home/yuki/ros2_ws/build/mypkg/build install --record /home/yuki/ros2_ws/build/mypkg/install.log --install-scripts $base/lib/mypkg --single-version-externally-managed install_data
[1.228s] running egg_info
[1.228s] writing ../../build/mypkg/mypkg.egg-info/PKG-INFO
[1.228s] writing dependency_links to ../../build/mypkg/mypkg.egg-info/dependency_links.txt
[1.229s] writing entry points to ../../build/mypkg/mypkg.egg-info/entry_points.txt
[1.229s] writing requirements to ../../build/mypkg/mypkg.egg-info/requires.txt
[1.229s] writing top-level names to ../../build/mypkg/mypkg.egg-info/top_level.txt
[1.263s] reading manifest file '../../build/mypkg/mypkg.egg-info/SOURCES.txt'
[1.264s] writing manifest file '../../build/mypkg/mypkg.egg-info/SOURCES.txt'
[1.264s] running build
[1.264s] running build_py
[1.264s] copying mypkg/__init__.py -> /home/yuki/ros2_ws/build/mypkg/build/lib/mypkg
[1.265s] running install
[1.266s] running install_lib
[1.268s] copying /home/yuki/ros2_ws/build/mypkg/build/lib/mypkg/__init__.py -> /home/yuki/ros2_ws/install/mypkg/lib/python3.8/site-packages/mypkg
[1.269s] byte-compiling /home/yuki/ros2_ws/install/mypkg/lib/python3.8/site-packages/mypkg/__init__.py to __init__.cpython-38.pyc
[1.272s] running install_data
[1.272s] copying resource/mypkg -> /home/yuki/ros2_ws/install/mypkg/share/ament_index/resource_index/packages
[1.272s] copying package.xml -> /home/yuki/ros2_ws/install/mypkg/share/mypkg
[1.273s] running install_egg_info
[1.275s] removing '/home/yuki/ros2_ws/install/mypkg/lib/python3.8/site-packages/mypkg-0.0.0-py3.8.egg-info' (and everything under it)
[1.275s] Copying ../../build/mypkg/mypkg.egg-info to /home/yuki/ros2_ws/install/mypkg/lib/python3.8/site-packages/mypkg-0.0.0-py3.8.egg-info
[1.276s] running install_scripts
[1.295s] writing list of installed files to '/home/yuki/ros2_ws/build/mypkg/install.log'
[1.331s] Invoked command in '/home/yuki/ros2_ws/src/mypkg' returned '0': PYTHONPATH=/home/yuki/ros2_ws/build/mypkg/prefix_override:/usr/lib/python3/dist-packages/colcon_core/task/python/colcon_distutils_commands:/home/yuki/ros2_ws/install/mypkg/lib/python3.8/site-packages:${PYTHONPATH} /usr/bin/python3 -W ignore:setup.py install is deprecated setup.py egg_info --egg-base ../../build/mypkg build --build-base /home/yuki/ros2_ws/build/mypkg/build install --record /home/yuki/ros2_ws/build/mypkg/install.log --install-scripts $base/lib/mypkg --single-version-externally-managed install_data
