[0.197s] Invoking command in '/home/yuki/ros2_ws/build/person_msgs': CMAKE_PREFIX_PATH=/home/yuki/ros2_ws/install/mypkg:/opt/ros/foxy /usr/bin/cmake /home/yuki/ros2_ws/src/person_msgs -DCMAKE_INSTALL_PREFIX=/home/yuki/ros2_ws/install/person_msgs
[0.650s] -- The C compiler identification is GNU 9.4.0
[0.932s] -- The CXX compiler identification is GNU 9.4.0
[0.994s] -- Check for working C compiler: /usr/bin/cc
[1.154s] -- Check for working C compiler: /usr/bin/cc -- works
[1.156s] -- Detecting C compiler ABI info
[1.259s] -- Detecting C compiler ABI info - done
[1.269s] -- Detecting C compile features
[1.270s] -- Detecting C compile features - done
[1.275s] -- Check for working CXX compiler: /usr/bin/c++
[1.364s] -- Check for working CXX compiler: /usr/bin/c++ -- works
[1.365s] -- Detecting CXX compiler ABI info
[1.491s] -- Detecting CXX compiler ABI info - done
[1.500s] -- Detecting CXX compile features
[1.500s] -- Detecting CXX compile features - done
[1.541s] -- Found ament_cmake: 0.9.12 (/opt/ros/foxy/share/ament_cmake/cmake)
[1.633s] -- Found PythonInterp: /usr/bin/python3 (found suitable version "3.8.10", minimum required is "3") 
[1.633s] -- Using PYTHON_EXECUTABLE: /usr/bin/python3
[1.826s] -- Found ament_lint_auto: 0.9.8 (/opt/ros/foxy/share/ament_lint_auto/cmake)
[1.911s] -- Added test 'copyright' to check source files copyright and LICENSE
[1.914s] -- Added test 'lint_cmake' to check CMake code style
[1.918s] -- Added test 'xmllint' to check XML markup files
[1.925s] -- Found rosidl_default_generators: 1.0.1 (/opt/ros/foxy/share/rosidl_default_generators/cmake)
[1.934s] -- Using all available rosidl_typesupport_c: rosidl_typesupport_fastrtps_c;rosidl_typesupport_introspection_c
[1.947s] -- Found rosidl_adapter: 1.3.1 (/opt/ros/foxy/share/rosidl_adapter/cmake)
[2.677s] -- Found OpenSSL: /usr/lib/x86_64-linux-gnu/libcrypto.so (found version "1.1.1f")  
[3.082s] -- Found FastRTPS: /opt/ros/foxy/include  
[3.847s] -- Using all available rosidl_typesupport_cpp: rosidl_typesupport_fastrtps_cpp;rosidl_typesupport_introspection_cpp
[3.882s] CMake Error at /opt/ros/foxy/share/rosidl_cmake/cmake/rosidl_generate_interfaces.cmake:64 (message):
[3.882s]   rosidl_generate_interfaces() must be called before ament_package()
[3.882s] Call Stack (most recent call first):
[3.882s]   CMakeLists.txt:37 (rosidl_generate_interfaces)
[3.882s] 
[3.882s] 
[3.884s] -- Configuring incomplete, errors occurred!
[3.884s] See also "/home/yuki/ros2_ws/build/person_msgs/CMakeFiles/CMakeOutput.log".
[3.890s] Invoked command in '/home/yuki/ros2_ws/build/person_msgs' returned '1': CMAKE_PREFIX_PATH=/home/yuki/ros2_ws/install/mypkg:/opt/ros/foxy /usr/bin/cmake /home/yuki/ros2_ws/src/person_msgs -DCMAKE_INSTALL_PREFIX=/home/yuki/ros2_ws/install/person_msgs
