[0.176s] Invoking command in '/home/yuki/ros2_ws/build/person_msgs': CMAKE_PREFIX_PATH=${CMAKE_PREFIX_PATH}:/home/yuki/ros2_ws/install/mypkg:/opt/ros/foxy /usr/bin/cmake --build /home/yuki/ros2_ws/build/person_msgs -- -j12 -l12
[0.308s] -- Found ament_cmake: 0.9.12 (/opt/ros/foxy/share/ament_cmake/cmake)
[0.340s] -- Found PythonInterp: /usr/bin/python3 (found suitable version "3.8.10", minimum required is "3") 
[0.340s] -- Using PYTHON_EXECUTABLE: /usr/bin/python3
[0.523s] -- Found rosidl_default_generators: 1.0.1 (/opt/ros/foxy/share/rosidl_default_generators/cmake)
[0.529s] -- Using all available rosidl_typesupport_c: rosidl_typesupport_fastrtps_c;rosidl_typesupport_introspection_c
[0.535s] -- Found rosidl_adapter: 1.3.1 (/opt/ros/foxy/share/rosidl_adapter/cmake)
[3.949s] -- Using all available rosidl_typesupport_cpp: rosidl_typesupport_fastrtps_cpp;rosidl_typesupport_introspection_cpp
[3.993s] -- Found PythonInterp: /usr/bin/python3 (found version "3.8.10") 
[4.097s] -- Found ament_cmake_ros: 0.9.2 (/opt/ros/foxy/share/ament_cmake_ros/cmake)
[5.795s] -- Using all available rosidl_typesupport_c: rosidl_typesupport_fastrtps_c;rosidl_typesupport_introspection_c
[5.802s] -- Using all available rosidl_typesupport_cpp: rosidl_typesupport_fastrtps_cpp;rosidl_typesupport_introspection_cpp
[5.824s] -- Found PythonInterp: /usr/bin/python3 (found suitable version "3.8.10", minimum required is "3.5") 
[5.825s] -- Found python_cmake_module: 0.8.1 (/opt/ros/foxy/share/python_cmake_module/cmake)
[5.846s] -- Using PYTHON_EXECUTABLE: /usr/bin/python3
[5.847s] -- Using PYTHON_INCLUDE_DIRS: /usr/include/python3.8
[5.847s] -- Using PYTHON_LIBRARIES: /usr/lib/x86_64-linux-gnu/libpython3.8.so
[5.860s] -- Found ament_lint_auto: 0.9.8 (/opt/ros/foxy/share/ament_lint_auto/cmake)
[5.890s] -- Added test 'copyright' to check source files copyright and LICENSE
[5.902s] -- Added test 'lint_cmake' to check CMake code style
[5.905s] -- Added test 'xmllint' to check XML markup files
[5.912s] -- Configuring done
[5.969s] -- Generating done
[5.974s] -- Build files have been written to: /home/yuki/ros2_ws/build/person_msgs
[6.016s] [  2%] Built target person_msgs__cpp
[6.026s] [ 12%] Built target person_msgs__rosidl_generator_c
[6.054s] [ 23%] Built target person_msgs__rosidl_typesupport_introspection_c
[6.057s] [ 38%] Built target person_msgs__rosidl_typesupport_introspection_cpp
[6.058s] [ 43%] Built target person_msgs__rosidl_typesupport_cpp
[6.063s] [ 53%] Built target person_msgs__rosidl_typesupport_c
[6.064s] [ 64%] Built target person_msgs__rosidl_typesupport_fastrtps_cpp
[6.086s] [ 74%] Built target person_msgs__rosidl_typesupport_fastrtps_c
[6.101s] [ 74%] Built target person_msgs
[6.118s] [ 76%] Built target person_msgs__py
[6.141s] [ 84%] Built target person_msgs__python
[6.162s] [ 89%] Built target person_msgs__rosidl_typesupport_introspection_c__pyext
[6.163s] [100%] Built target person_msgs__rosidl_typesupport_fastrtps_c__pyext
[6.164s] [100%] Built target person_msgs__rosidl_typesupport_c__pyext
