[0.949s] Invoking command in '/home/yuki/ros2_ws/src/mypkg': PYTHONPATH=/home/yuki/ros2_ws/build/mypkg/prefix_override:/usr/lib/python3/dist-packages/colcon_core/task/python/colcon_distutils_commands:/home/yuki/ros2_ws/install/mypkg/lib/python3.8/site-packages:${PYTHONPATH} /usr/bin/python3 -W ignore:setup.py install is deprecated setup.py egg_info --egg-base ../../build/mypkg build --build-base /home/yuki/ros2_ws/build/mypkg/build install --record /home/yuki/ros2_ws/build/mypkg/install.log --install-scripts $base/lib/mypkg --single-version-externally-managed install_data
[1.096s] running egg_info
[1.098s] writing ../../build/mypkg/mypkg.egg-info/PKG-INFO
[1.110s] writing dependency_links to ../../build/mypkg/mypkg.egg-info/dependency_links.txt
[1.111s] writing entry points to ../../build/mypkg/mypkg.egg-info/entry_points.txt
[1.111s] writing requirements to ../../build/mypkg/mypkg.egg-info/requires.txt
[1.111s] writing top-level names to ../../build/mypkg/mypkg.egg-info/top_level.txt
[1.152s] reading manifest file '../../build/mypkg/mypkg.egg-info/SOURCES.txt'
[1.155s] writing manifest file '../../build/mypkg/mypkg.egg-info/SOURCES.txt'
[1.156s] running build
[1.156s] running build_py
[1.156s] running install
[1.157s] running install_lib
[1.162s] running install_data
[1.162s] running install_egg_info
[1.165s] removing '/home/yuki/ros2_ws/install/mypkg/lib/python3.8/site-packages/mypkg-0.0.0-py3.8.egg-info' (and everything under it)
[1.166s] Copying ../../build/mypkg/mypkg.egg-info to /home/yuki/ros2_ws/install/mypkg/lib/python3.8/site-packages/mypkg-0.0.0-py3.8.egg-info
[1.169s] running install_scripts
[1.180s] Installing listener script to /home/yuki/ros2_ws/install/mypkg/lib/mypkg
[1.181s] Installing talker script to /home/yuki/ros2_ws/install/mypkg/lib/mypkg
[1.182s] writing list of installed files to '/home/yuki/ros2_ws/build/mypkg/install.log'
[1.197s] Invoked command in '/home/yuki/ros2_ws/src/mypkg' returned '0': PYTHONPATH=/home/yuki/ros2_ws/build/mypkg/prefix_override:/usr/lib/python3/dist-packages/colcon_core/task/python/colcon_distutils_commands:/home/yuki/ros2_ws/install/mypkg/lib/python3.8/site-packages:${PYTHONPATH} /usr/bin/python3 -W ignore:setup.py install is deprecated setup.py egg_info --egg-base ../../build/mypkg build --build-base /home/yuki/ros2_ws/build/mypkg/build install --record /home/yuki/ros2_ws/build/mypkg/install.log --install-scripts $base/lib/mypkg --single-version-externally-managed install_data
