[0.662s] Invoking command in '/home/yuki/ros2_ws/src/mypkg': PYTHONPATH=/home/yuki/ros2_ws/build/mypkg/prefix_override:/usr/lib/python3/dist-packages/colcon_core/task/python/colcon_distutils_commands:/home/yuki/ros2_ws/install/mypkg/lib/python3.8/site-packages:${PYTHONPATH} /usr/bin/python3 -W ignore:setup.py install is deprecated setup.py egg_info --egg-base ../../build/mypkg build --build-base /home/yuki/ros2_ws/build/mypkg/build install --record /home/yuki/ros2_ws/build/mypkg/install.log --install-scripts $base/lib/mypkg --single-version-externally-managed install_data
[0.790s] running egg_info
[0.790s] writing ../../build/mypkg/mypkg.egg-info/PKG-INFO
[0.791s] writing dependency_links to ../../build/mypkg/mypkg.egg-info/dependency_links.txt
[0.792s] writing entry points to ../../build/mypkg/mypkg.egg-info/entry_points.txt
[0.792s] writing requirements to ../../build/mypkg/mypkg.egg-info/requires.txt
[0.792s] writing top-level names to ../../build/mypkg/mypkg.egg-info/top_level.txt
[0.821s] reading manifest file '../../build/mypkg/mypkg.egg-info/SOURCES.txt'
[0.821s] writing manifest file '../../build/mypkg/mypkg.egg-info/SOURCES.txt'
[0.821s] running build
[0.822s] running build_py
[0.822s] copying mypkg/listener.py -> /home/yuki/ros2_ws/build/mypkg/build/lib/mypkg
[0.822s] copying mypkg/talker.py -> /home/yuki/ros2_ws/build/mypkg/build/lib/mypkg
[0.822s] running install
[0.822s] running install_lib
[0.822s] copying /home/yuki/ros2_ws/build/mypkg/build/lib/mypkg/listener.py -> /home/yuki/ros2_ws/install/mypkg/lib/python3.8/site-packages/mypkg
[0.823s] copying /home/yuki/ros2_ws/build/mypkg/build/lib/mypkg/talker.py -> /home/yuki/ros2_ws/install/mypkg/lib/python3.8/site-packages/mypkg
[0.824s] byte-compiling /home/yuki/ros2_ws/install/mypkg/lib/python3.8/site-packages/mypkg/listener.py to listener.cpython-38.pyc
[0.826s] byte-compiling /home/yuki/ros2_ws/install/mypkg/lib/python3.8/site-packages/mypkg/talker.py to talker.cpython-38.pyc
[0.826s] running install_data
[0.826s] running install_egg_info
[0.827s] removing '/home/yuki/ros2_ws/install/mypkg/lib/python3.8/site-packages/mypkg-0.0.0-py3.8.egg-info' (and everything under it)
[0.828s] Copying ../../build/mypkg/mypkg.egg-info to /home/yuki/ros2_ws/install/mypkg/lib/python3.8/site-packages/mypkg-0.0.0-py3.8.egg-info
[0.830s] running install_scripts
[0.843s] Installing listener script to /home/yuki/ros2_ws/install/mypkg/lib/mypkg
[0.843s] Installing talker script to /home/yuki/ros2_ws/install/mypkg/lib/mypkg
[0.844s] writing list of installed files to '/home/yuki/ros2_ws/build/mypkg/install.log'
[0.868s] Invoked command in '/home/yuki/ros2_ws/src/mypkg' returned '0': PYTHONPATH=/home/yuki/ros2_ws/build/mypkg/prefix_override:/usr/lib/python3/dist-packages/colcon_core/task/python/colcon_distutils_commands:/home/yuki/ros2_ws/install/mypkg/lib/python3.8/site-packages:${PYTHONPATH} /usr/bin/python3 -W ignore:setup.py install is deprecated setup.py egg_info --egg-base ../../build/mypkg build --build-base /home/yuki/ros2_ws/build/mypkg/build install --record /home/yuki/ros2_ws/build/mypkg/install.log --install-scripts $base/lib/mypkg --single-version-externally-managed install_data
