[0.972s] Invoking command in '/home/yuki/ros2_ws/src/mypkg': PYTHONPATH=/home/yuki/ros2_ws/build/mypkg/prefix_override:/usr/lib/python3/dist-packages/colcon_core/task/python/colcon_distutils_commands:/home/yuki/ros2_ws/install/mypkg/lib/python3.8/site-packages:${PYTHONPATH} /usr/bin/python3 -W ignore:setup.py install is deprecated setup.py egg_info --egg-base ../../build/mypkg build --build-base /home/yuki/ros2_ws/build/mypkg/build install --record /home/yuki/ros2_ws/build/mypkg/install.log --install-scripts $base/lib/mypkg --single-version-externally-managed install_data
[1.146s] running egg_info
[1.147s] writing ../../build/mypkg/mypkg.egg-info/PKG-INFO
[1.147s] writing dependency_links to ../../build/mypkg/mypkg.egg-info/dependency_links.txt
[1.148s] writing entry points to ../../build/mypkg/mypkg.egg-info/entry_points.txt
[1.148s] writing requirements to ../../build/mypkg/mypkg.egg-info/requires.txt
[1.148s] writing top-level names to ../../build/mypkg/mypkg.egg-info/top_level.txt
[1.170s] reading manifest file '../../build/mypkg/mypkg.egg-info/SOURCES.txt'
[1.170s] writing manifest file '../../build/mypkg/mypkg.egg-info/SOURCES.txt'
[1.170s] running build
[1.170s] running build_py
[1.171s] copying mypkg/listener.py -> /home/yuki/ros2_ws/build/mypkg/build/lib/mypkg
[1.171s] running install
[1.173s] running install_lib
[1.173s] copying /home/yuki/ros2_ws/build/mypkg/build/lib/mypkg/listener.py -> /home/yuki/ros2_ws/install/mypkg/lib/python3.8/site-packages/mypkg
[1.174s] byte-compiling /home/yuki/ros2_ws/install/mypkg/lib/python3.8/site-packages/mypkg/listener.py to listener.cpython-38.pyc
[1.175s] running install_data
[1.175s] running install_egg_info
[1.176s] removing '/home/yuki/ros2_ws/install/mypkg/lib/python3.8/site-packages/mypkg-0.0.0-py3.8.egg-info' (and everything under it)
[1.176s] Copying ../../build/mypkg/mypkg.egg-info to /home/yuki/ros2_ws/install/mypkg/lib/python3.8/site-packages/mypkg-0.0.0-py3.8.egg-info
[1.177s] running install_scripts
[1.189s] Installing listener script to /home/yuki/ros2_ws/install/mypkg/lib/mypkg
[1.190s] Installing talker script to /home/yuki/ros2_ws/install/mypkg/lib/mypkg
[1.190s] writing list of installed files to '/home/yuki/ros2_ws/build/mypkg/install.log'
[1.205s] Invoked command in '/home/yuki/ros2_ws/src/mypkg' returned '0': PYTHONPATH=/home/yuki/ros2_ws/build/mypkg/prefix_override:/usr/lib/python3/dist-packages/colcon_core/task/python/colcon_distutils_commands:/home/yuki/ros2_ws/install/mypkg/lib/python3.8/site-packages:${PYTHONPATH} /usr/bin/python3 -W ignore:setup.py install is deprecated setup.py egg_info --egg-base ../../build/mypkg build --build-base /home/yuki/ros2_ws/build/mypkg/build install --record /home/yuki/ros2_ws/build/mypkg/install.log --install-scripts $base/lib/mypkg --single-version-externally-managed install_data
