[0.790s] Invoking command in '/home/yuki/ros2_ws/src/mypkg': PYTHONPATH=/home/yuki/ros2_ws/build/mypkg/prefix_override:/usr/lib/python3/dist-packages/colcon_core/task/python/colcon_distutils_commands:/home/yuki/ros2_ws/install/mypkg/lib/python3.8/site-packages:${PYTHONPATH} /usr/bin/python3 -W ignore:setup.py install is deprecated setup.py egg_info --egg-base ../../build/mypkg build --build-base /home/yuki/ros2_ws/build/mypkg/build install --record /home/yuki/ros2_ws/build/mypkg/install.log --install-scripts $base/lib/mypkg --single-version-externally-managed install_data
[0.938s] running egg_info
[0.938s] writing ../../build/mypkg/mypkg.egg-info/PKG-INFO
[0.938s] writing dependency_links to ../../build/mypkg/mypkg.egg-info/dependency_links.txt
[0.939s] writing entry points to ../../build/mypkg/mypkg.egg-info/entry_points.txt
[0.939s] writing requirements to ../../build/mypkg/mypkg.egg-info/requires.txt
[0.939s] writing top-level names to ../../build/mypkg/mypkg.egg-info/top_level.txt
[0.971s] reading manifest file '../../build/mypkg/mypkg.egg-info/SOURCES.txt'
[0.972s] writing manifest file '../../build/mypkg/mypkg.egg-info/SOURCES.txt'
[0.972s] running build
[0.973s] running build_py
[0.973s] running install
[0.974s] running install_lib
[0.976s] running install_data
[0.976s] running install_egg_info
[0.977s] removing '/home/yuki/ros2_ws/install/mypkg/lib/python3.8/site-packages/mypkg-0.0.0-py3.8.egg-info' (and everything under it)
[0.978s] Copying ../../build/mypkg/mypkg.egg-info to /home/yuki/ros2_ws/install/mypkg/lib/python3.8/site-packages/mypkg-0.0.0-py3.8.egg-info
[0.979s] running install_scripts
[0.992s] Installing listener script to /home/yuki/ros2_ws/install/mypkg/lib/mypkg
[0.992s] Installing talker script to /home/yuki/ros2_ws/install/mypkg/lib/mypkg
[0.992s] writing list of installed files to '/home/yuki/ros2_ws/build/mypkg/install.log'
[1.008s] Invoked command in '/home/yuki/ros2_ws/src/mypkg' returned '0': PYTHONPATH=/home/yuki/ros2_ws/build/mypkg/prefix_override:/usr/lib/python3/dist-packages/colcon_core/task/python/colcon_distutils_commands:/home/yuki/ros2_ws/install/mypkg/lib/python3.8/site-packages:${PYTHONPATH} /usr/bin/python3 -W ignore:setup.py install is deprecated setup.py egg_info --egg-base ../../build/mypkg build --build-base /home/yuki/ros2_ws/build/mypkg/build install --record /home/yuki/ros2_ws/build/mypkg/install.log --install-scripts $base/lib/mypkg --single-version-externally-managed install_data
