[0.949s] Invoking command in '/home/yuki/ros2_ws/src/mypkg': PYTHONPATH=/home/yuki/ros2_ws/build/mypkg/prefix_override:/usr/lib/python3/dist-packages/colcon_core/task/python/colcon_distutils_commands:/home/yuki/ros2_ws/install/mypkg/lib/python3.8/site-packages:${PYTHONPATH} /usr/bin/python3 -W ignore:setup.py install is deprecated setup.py egg_info --egg-base ../../build/mypkg build --build-base /home/yuki/ros2_ws/build/mypkg/build install --record /home/yuki/ros2_ws/build/mypkg/install.log --install-scripts $base/lib/mypkg --single-version-externally-managed install_data
[1.097s] running egg_info
[1.098s] writing ../../build/mypkg/mypkg.egg-info/PKG-INFO
[1.098s] writing dependency_links to ../../build/mypkg/mypkg.egg-info/dependency_links.txt
[1.098s] writing entry points to ../../build/mypkg/mypkg.egg-info/entry_points.txt
[1.099s] writing requirements to ../../build/mypkg/mypkg.egg-info/requires.txt
[1.099s] writing top-level names to ../../build/mypkg/mypkg.egg-info/top_level.txt
[1.125s] reading manifest file '../../build/mypkg/mypkg.egg-info/SOURCES.txt'
[1.125s] writing manifest file '../../build/mypkg/mypkg.egg-info/SOURCES.txt'
[1.125s] running build
[1.126s] running build_py
[1.126s] copying mypkg/listener.py -> /home/yuki/ros2_ws/build/mypkg/build/lib/mypkg
[1.126s] copying mypkg/talker.py -> /home/yuki/ros2_ws/build/mypkg/build/lib/mypkg
[1.126s] running install
[1.127s] running install_lib
[1.127s] copying /home/yuki/ros2_ws/build/mypkg/build/lib/mypkg/listener.py -> /home/yuki/ros2_ws/install/mypkg/lib/python3.8/site-packages/mypkg
[1.127s] copying /home/yuki/ros2_ws/build/mypkg/build/lib/mypkg/talker.py -> /home/yuki/ros2_ws/install/mypkg/lib/python3.8/site-packages/mypkg
[1.128s] byte-compiling /home/yuki/ros2_ws/install/mypkg/lib/python3.8/site-packages/mypkg/listener.py to listener.cpython-38.pyc
[1.129s] byte-compiling /home/yuki/ros2_ws/install/mypkg/lib/python3.8/site-packages/mypkg/talker.py to talker.cpython-38.pyc
[1.130s] running install_data
[1.130s] running install_egg_info
[1.132s] removing '/home/yuki/ros2_ws/install/mypkg/lib/python3.8/site-packages/mypkg-0.0.0-py3.8.egg-info' (and everything under it)
[1.132s] Copying ../../build/mypkg/mypkg.egg-info to /home/yuki/ros2_ws/install/mypkg/lib/python3.8/site-packages/mypkg-0.0.0-py3.8.egg-info
[1.134s] running install_scripts
[1.146s] Installing listener script to /home/yuki/ros2_ws/install/mypkg/lib/mypkg
[1.146s] Installing talker script to /home/yuki/ros2_ws/install/mypkg/lib/mypkg
[1.146s] writing list of installed files to '/home/yuki/ros2_ws/build/mypkg/install.log'
[1.165s] Invoked command in '/home/yuki/ros2_ws/src/mypkg' returned '0': PYTHONPATH=/home/yuki/ros2_ws/build/mypkg/prefix_override:/usr/lib/python3/dist-packages/colcon_core/task/python/colcon_distutils_commands:/home/yuki/ros2_ws/install/mypkg/lib/python3.8/site-packages:${PYTHONPATH} /usr/bin/python3 -W ignore:setup.py install is deprecated setup.py egg_info --egg-base ../../build/mypkg build --build-base /home/yuki/ros2_ws/build/mypkg/build install --record /home/yuki/ros2_ws/build/mypkg/install.log --install-scripts $base/lib/mypkg --single-version-externally-managed install_data
