[1.222s] Invoking command in '/home/yuki/ros2_ws/src/mypkg': PYTHONPATH=/home/yuki/ros2_ws/build/mypkg/prefix_override:/usr/lib/python3/dist-packages/colcon_core/task/python/colcon_distutils_commands:/home/yuki/ros2_ws/install/mypkg/lib/python3.8/site-packages:${PYTHONPATH} /usr/bin/python3 -W ignore:setup.py install is deprecated setup.py egg_info --egg-base ../../build/mypkg build --build-base /home/yuki/ros2_ws/build/mypkg/build install --record /home/yuki/ros2_ws/build/mypkg/install.log --install-scripts $base/lib/mypkg --single-version-externally-managed install_data
[1.362s] running egg_info
[1.362s] creating ../../build/mypkg/mypkg.egg-info
[1.363s] writing ../../build/mypkg/mypkg.egg-info/PKG-INFO
[1.363s] writing dependency_links to ../../build/mypkg/mypkg.egg-info/dependency_links.txt
[1.363s] writing entry points to ../../build/mypkg/mypkg.egg-info/entry_points.txt
[1.364s] writing requirements to ../../build/mypkg/mypkg.egg-info/requires.txt
[1.364s] writing top-level names to ../../build/mypkg/mypkg.egg-info/top_level.txt
[1.379s] writing manifest file '../../build/mypkg/mypkg.egg-info/SOURCES.txt'
[1.400s] reading manifest file '../../build/mypkg/mypkg.egg-info/SOURCES.txt'
[1.400s] writing manifest file '../../build/mypkg/mypkg.egg-info/SOURCES.txt'
[1.401s] running build
[1.401s] running build_py
[1.401s] creating /home/yuki/ros2_ws/build/mypkg/build
[1.402s] creating /home/yuki/ros2_ws/build/mypkg/build/lib
[1.402s] creating /home/yuki/ros2_ws/build/mypkg/build/lib/mypkg
[1.402s] copying mypkg/__init__.py -> /home/yuki/ros2_ws/build/mypkg/build/lib/mypkg
[1.402s] running install
[1.402s] running install_lib
[1.403s] creating /home/yuki/ros2_ws/install/mypkg/lib/python3.8/site-packages/mypkg
[1.404s] copying /home/yuki/ros2_ws/build/mypkg/build/lib/mypkg/__init__.py -> /home/yuki/ros2_ws/install/mypkg/lib/python3.8/site-packages/mypkg
[1.404s] byte-compiling /home/yuki/ros2_ws/install/mypkg/lib/python3.8/site-packages/mypkg/__init__.py to __init__.cpython-38.pyc
[1.407s] running install_data
[1.407s] creating /home/yuki/ros2_ws/install/mypkg/share/ament_index
[1.407s] creating /home/yuki/ros2_ws/install/mypkg/share/ament_index/resource_index
[1.407s] creating /home/yuki/ros2_ws/install/mypkg/share/ament_index/resource_index/packages
[1.407s] copying resource/mypkg -> /home/yuki/ros2_ws/install/mypkg/share/ament_index/resource_index/packages
[1.407s] copying package.xml -> /home/yuki/ros2_ws/install/mypkg/share/mypkg
[1.407s] running install_egg_info
[1.408s] Copying ../../build/mypkg/mypkg.egg-info to /home/yuki/ros2_ws/install/mypkg/lib/python3.8/site-packages/mypkg-0.0.0-py3.8.egg-info
[1.414s] running install_scripts
[1.428s] writing list of installed files to '/home/yuki/ros2_ws/build/mypkg/install.log'
[1.451s] Invoked command in '/home/yuki/ros2_ws/src/mypkg' returned '0': PYTHONPATH=/home/yuki/ros2_ws/build/mypkg/prefix_override:/usr/lib/python3/dist-packages/colcon_core/task/python/colcon_distutils_commands:/home/yuki/ros2_ws/install/mypkg/lib/python3.8/site-packages:${PYTHONPATH} /usr/bin/python3 -W ignore:setup.py install is deprecated setup.py egg_info --egg-base ../../build/mypkg build --build-base /home/yuki/ros2_ws/build/mypkg/build install --record /home/yuki/ros2_ws/build/mypkg/install.log --install-scripts $base/lib/mypkg --single-version-externally-managed install_data
