[0.969s] Invoking command in '/home/yuki/ros2_ws/src/mypkg': PYTHONPATH=/home/yuki/ros2_ws/build/mypkg/prefix_override:/usr/lib/python3/dist-packages/colcon_core/task/python/colcon_distutils_commands:/home/yuki/ros2_ws/install/mypkg/lib/python3.8/site-packages:${PYTHONPATH} /usr/bin/python3 -W ignore:setup.py install is deprecated setup.py egg_info --egg-base ../../build/mypkg build --build-base /home/yuki/ros2_ws/build/mypkg/build install --record /home/yuki/ros2_ws/build/mypkg/install.log --install-scripts $base/lib/mypkg --single-version-externally-managed install_data
[1.095s] running egg_info
[1.096s] writing ../../build/mypkg/mypkg.egg-info/PKG-INFO
[1.096s] writing dependency_links to ../../build/mypkg/mypkg.egg-info/dependency_links.txt
[1.096s] writing entry points to ../../build/mypkg/mypkg.egg-info/entry_points.txt
[1.096s] writing requirements to ../../build/mypkg/mypkg.egg-info/requires.txt
[1.096s] writing top-level names to ../../build/mypkg/mypkg.egg-info/top_level.txt
[1.122s] reading manifest file '../../build/mypkg/mypkg.egg-info/SOURCES.txt'
[1.123s] writing manifest file '../../build/mypkg/mypkg.egg-info/SOURCES.txt'
[1.123s] running build
[1.123s] running build_py
[1.124s] running install
[1.124s] running install_lib
[1.125s] running install_data
[1.126s] running install_egg_info
[1.127s] removing '/home/yuki/ros2_ws/install/mypkg/lib/python3.8/site-packages/mypkg-0.0.0-py3.8.egg-info' (and everything under it)
[1.127s] Copying ../../build/mypkg/mypkg.egg-info to /home/yuki/ros2_ws/install/mypkg/lib/python3.8/site-packages/mypkg-0.0.0-py3.8.egg-info
[1.129s] running install_scripts
[1.146s] Installing listener script to /home/yuki/ros2_ws/install/mypkg/lib/mypkg
[1.147s] Installing talker script to /home/yuki/ros2_ws/install/mypkg/lib/mypkg
[1.147s] writing list of installed files to '/home/yuki/ros2_ws/build/mypkg/install.log'
[1.161s] Invoked command in '/home/yuki/ros2_ws/src/mypkg' returned '0': PYTHONPATH=/home/yuki/ros2_ws/build/mypkg/prefix_override:/usr/lib/python3/dist-packages/colcon_core/task/python/colcon_distutils_commands:/home/yuki/ros2_ws/install/mypkg/lib/python3.8/site-packages:${PYTHONPATH} /usr/bin/python3 -W ignore:setup.py install is deprecated setup.py egg_info --egg-base ../../build/mypkg build --build-base /home/yuki/ros2_ws/build/mypkg/build install --record /home/yuki/ros2_ws/build/mypkg/install.log --install-scripts $base/lib/mypkg --single-version-externally-managed install_data
