[0.151s] Invoking command in '/home/yuki/ros2_ws/build/person_msgs': CMAKE_PREFIX_PATH=${CMAKE_PREFIX_PATH}:/home/yuki/ros2_ws/install/mypkg:/opt/ros/foxy /usr/bin/cmake --build /home/yuki/ros2_ws/build/person_msgs -- -j12 -l12
[0.166s] -- Found ament_cmake: 0.9.12 (/opt/ros/foxy/share/ament_cmake/cmake)
[0.181s] -- Found PythonInterp: /usr/bin/python3 (found suitable version "3.8.10", minimum required is "3") 
[0.182s] -- Using PYTHON_EXECUTABLE: /usr/bin/python3
[0.296s] -- Found rosidl_default_generators: 1.0.1 (/opt/ros/foxy/share/rosidl_default_generators/cmake)
[0.298s] -- Using all available rosidl_typesupport_c: rosidl_typesupport_fastrtps_c;rosidl_typesupport_introspection_c
[0.300s] -- Found rosidl_adapter: 1.3.1 (/opt/ros/foxy/share/rosidl_adapter/cmake)
[3.260s] -- Using all available rosidl_typesupport_cpp: rosidl_typesupport_fastrtps_cpp;rosidl_typesupport_introspection_cpp
[3.287s] -- Found PythonInterp: /usr/bin/python3 (found version "3.8.10") 
[3.359s] -- Found ament_cmake_ros: 0.9.2 (/opt/ros/foxy/share/ament_cmake_ros/cmake)
[6.110s] -- Using all available rosidl_typesupport_c: rosidl_typesupport_fastrtps_c;rosidl_typesupport_introspection_c
[6.114s] -- Using all available rosidl_typesupport_cpp: rosidl_typesupport_fastrtps_cpp;rosidl_typesupport_introspection_cpp
[6.129s] -- Found PythonInterp: /usr/bin/python3 (found suitable version "3.8.10", minimum required is "3.5") 
[6.129s] -- Found python_cmake_module: 0.8.1 (/opt/ros/foxy/share/python_cmake_module/cmake)
[6.144s] -- Using PYTHON_EXECUTABLE: /usr/bin/python3
[6.144s] -- Using PYTHON_INCLUDE_DIRS: /usr/include/python3.8
[6.144s] -- Using PYTHON_LIBRARIES: /usr/lib/x86_64-linux-gnu/libpython3.8.so
[6.153s] -- Found ament_lint_auto: 0.9.8 (/opt/ros/foxy/share/ament_lint_auto/cmake)
[6.159s] -- Added test 'copyright' to check source files copyright and LICENSE
[6.162s] -- Added test 'lint_cmake' to check CMake code style
[6.163s] -- Added test 'xmllint' to check XML markup files
[6.165s] -- Configuring done
[6.220s] -- Generating done
[6.222s] -- Build files have been written to: /home/yuki/ros2_ws/build/person_msgs
[6.251s] [  3%] Built target person_msgs__cpp
[6.254s] [ 12%] Built target person_msgs__rosidl_generator_c
[6.275s] [ 22%] Built target person_msgs__rosidl_typesupport_cpp
[6.276s] [ 32%] Built target person_msgs__rosidl_typesupport_introspection_c
[6.277s] [ 41%] Built target person_msgs__rosidl_typesupport_c
[6.279s] [ 51%] Built target person_msgs__rosidl_typesupport_introspection_cpp
[6.282s] [ 61%] Built target person_msgs__rosidl_typesupport_fastrtps_cpp
[6.305s] [ 70%] Built target person_msgs__rosidl_typesupport_fastrtps_c
[6.321s] [ 70%] Built target person_msgs
[6.337s] [ 74%] Built target person_msgs__py
[6.356s] [ 80%] Built target person_msgs__python
[6.375s] [ 87%] Built target person_msgs__rosidl_typesupport_c__pyext
[6.376s] [ 93%] Built target person_msgs__rosidl_typesupport_fastrtps_c__pyext
[6.379s] [100%] Built target person_msgs__rosidl_typesupport_introspection_c__pyext
[6.388s] Invoked command in '/home/yuki/ros2_ws/build/person_msgs' returned '0': CMAKE_PREFIX_PATH=${CMAKE_PREFIX_PATH}:/home/yuki/ros2_ws/install/mypkg:/opt/ros/foxy /usr/bin/cmake --build /home/yuki/ros2_ws/build/person_msgs -- -j12 -l12
[6.442s] Invoking command in '/home/yuki/ros2_ws/build/person_msgs': CMAKE_PREFIX_PATH=${CMAKE_PREFIX_PATH}:/home/yuki/ros2_ws/install/mypkg:/opt/ros/foxy /usr/bin/cmake --install /home/yuki/ros2_ws/build/person_msgs
[6.448s] -- Install configuration: ""
[6.448s] -- Up-to-date: /home/yuki/ros2_ws/install/person_msgs/share/ament_index/resource_index/rosidl_interfaces/person_msgs
[6.448s] -- Up-to-date: /home/yuki/ros2_ws/install/person_msgs/include/person_msgs
[6.450s] -- Up-to-date: /home/yuki/ros2_ws/install/person_msgs/include/person_msgs/msg
[6.450s] -- Up-to-date: /home/yuki/ros2_ws/install/person_msgs/include/person_msgs/msg/detail
[6.450s] -- Up-to-date: /home/yuki/ros2_ws/install/person_msgs/include/person_msgs/msg/detail/person__functions.h
[6.450s] -- Up-to-date: /home/yuki/ros2_ws/install/person_msgs/include/person_msgs/msg/detail/person__functions.c
[6.450s] -- Up-to-date: /home/yuki/ros2_ws/install/person_msgs/include/person_msgs/msg/detail/person__type_support.h
[6.451s] -- Up-to-date: /home/yuki/ros2_ws/install/person_msgs/include/person_msgs/msg/detail/person__struct.h
[6.451s] -- Up-to-date: /home/yuki/ros2_ws/install/person_msgs/include/person_msgs/msg/rosidl_generator_c__visibility_control.h
[6.451s] -- Up-to-date: /home/yuki/ros2_ws/install/person_msgs/include/person_msgs/msg/person.h
[6.451s] -- Up-to-date: /home/yuki/ros2_ws/install/person_msgs/share/person_msgs/environment/library_path.sh
[6.451s] -- Installing: /home/yuki/ros2_ws/install/person_msgs/share/person_msgs/environment/library_path.dsv
[6.451s] -- Up-to-date: /home/yuki/ros2_ws/install/person_msgs/lib/libperson_msgs__rosidl_generator_c.so
[6.451s] -- Up-to-date: /home/yuki/ros2_ws/install/person_msgs/include/person_msgs
[6.451s] -- Up-to-date: /home/yuki/ros2_ws/install/person_msgs/include/person_msgs/msg
[6.452s] -- Up-to-date: /home/yuki/ros2_ws/install/person_msgs/include/person_msgs/msg/detail
[6.452s] -- Up-to-date: /home/yuki/ros2_ws/install/person_msgs/include/person_msgs/msg/detail/person__rosidl_typesupport_fastrtps_c.h
[6.452s] -- Up-to-date: /home/yuki/ros2_ws/install/person_msgs/include/person_msgs/msg/rosidl_typesupport_fastrtps_c__visibility_control.h
[6.452s] -- Up-to-date: /home/yuki/ros2_ws/install/person_msgs/lib/libperson_msgs__rosidl_typesupport_fastrtps_c.so
[6.452s] -- Up-to-date: /home/yuki/ros2_ws/install/person_msgs/include/person_msgs
[6.452s] -- Up-to-date: /home/yuki/ros2_ws/install/person_msgs/include/person_msgs/msg
[6.452s] -- Up-to-date: /home/yuki/ros2_ws/install/person_msgs/include/person_msgs/msg/detail
[6.453s] -- Up-to-date: /home/yuki/ros2_ws/install/person_msgs/include/person_msgs/msg/detail/person__rosidl_typesupport_fastrtps_cpp.hpp
[6.453s] -- Up-to-date: /home/yuki/ros2_ws/install/person_msgs/include/person_msgs/msg/detail/dds_fastrtps
[6.453s] -- Up-to-date: /home/yuki/ros2_ws/install/person_msgs/include/person_msgs/msg/rosidl_typesupport_fastrtps_cpp__visibility_control.h
[6.454s] -- Up-to-date: /home/yuki/ros2_ws/install/person_msgs/lib/libperson_msgs__rosidl_typesupport_fastrtps_cpp.so
[6.454s] -- Up-to-date: /home/yuki/ros2_ws/install/person_msgs/include/person_msgs
[6.454s] -- Up-to-date: /home/yuki/ros2_ws/install/person_msgs/include/person_msgs/msg
[6.454s] -- Up-to-date: /home/yuki/ros2_ws/install/person_msgs/include/person_msgs/msg/detail
[6.454s] -- Up-to-date: /home/yuki/ros2_ws/install/person_msgs/include/person_msgs/msg/detail/person__rosidl_typesupport_introspection_c.h
[6.454s] -- Up-to-date: /home/yuki/ros2_ws/install/person_msgs/include/person_msgs/msg/detail/person__type_support.c
[6.454s] -- Up-to-date: /home/yuki/ros2_ws/install/person_msgs/include/person_msgs/msg/rosidl_typesupport_introspection_c__visibility_control.h
[6.455s] -- Up-to-date: /home/yuki/ros2_ws/install/person_msgs/lib/libperson_msgs__rosidl_typesupport_introspection_c.so
[6.455s] -- Up-to-date: /home/yuki/ros2_ws/install/person_msgs/lib/libperson_msgs__rosidl_typesupport_c.so
[6.455s] -- Up-to-date: /home/yuki/ros2_ws/install/person_msgs/include/person_msgs
[6.455s] -- Up-to-date: /home/yuki/ros2_ws/install/person_msgs/include/person_msgs/msg
[6.455s] -- Up-to-date: /home/yuki/ros2_ws/install/person_msgs/include/person_msgs/msg/detail
[6.456s] -- Up-to-date: /home/yuki/ros2_ws/install/person_msgs/include/person_msgs/msg/detail/person__type_support.hpp
[6.456s] -- Up-to-date: /home/yuki/ros2_ws/install/person_msgs/include/person_msgs/msg/detail/person__builder.hpp
[6.456s] -- Up-to-date: /home/yuki/ros2_ws/install/person_msgs/include/person_msgs/msg/detail/person__traits.hpp
[6.456s] -- Up-to-date: /home/yuki/ros2_ws/install/person_msgs/include/person_msgs/msg/detail/person__struct.hpp
[6.456s] -- Up-to-date: /home/yuki/ros2_ws/install/person_msgs/include/person_msgs/msg/rosidl_generator_cpp__visibility_control.hpp
[6.456s] -- Up-to-date: /home/yuki/ros2_ws/install/person_msgs/include/person_msgs/msg/person.hpp
[6.456s] -- Up-to-date: /home/yuki/ros2_ws/install/person_msgs/include/person_msgs
[6.456s] -- Up-to-date: /home/yuki/ros2_ws/install/person_msgs/include/person_msgs/msg
[6.456s] -- Up-to-date: /home/yuki/ros2_ws/install/person_msgs/include/person_msgs/msg/detail
[6.456s] -- Up-to-date: /home/yuki/ros2_ws/install/person_msgs/include/person_msgs/msg/detail/person__type_support.cpp
[6.456s] -- Up-to-date: /home/yuki/ros2_ws/install/person_msgs/include/person_msgs/msg/detail/person__rosidl_typesupport_introspection_cpp.hpp
[6.457s] -- Up-to-date: /home/yuki/ros2_ws/install/person_msgs/lib/libperson_msgs__rosidl_typesupport_introspection_cpp.so
[6.457s] -- Up-to-date: /home/yuki/ros2_ws/install/person_msgs/lib/libperson_msgs__rosidl_typesupport_cpp.so
[6.458s] -- Up-to-date: /home/yuki/ros2_ws/install/person_msgs/share/person_msgs/environment/pythonpath.sh
[6.458s] -- Installing: /home/yuki/ros2_ws/install/person_msgs/share/person_msgs/environment/pythonpath.dsv
[6.458s] -- Installing: /home/yuki/ros2_ws/install/person_msgs/lib/python3.8/site-packages/person_msgs/__init__.py
[6.478s] Compiling '/home/yuki/ros2_ws/install/person_msgs/lib/python3.8/site-packages/person_msgs/__init__.py'...
[6.481s] -- Up-to-date: /home/yuki/ros2_ws/install/person_msgs/lib/python3.8/site-packages/person_msgs/msg
[6.481s] -- Up-to-date: /home/yuki/ros2_ws/install/person_msgs/lib/python3.8/site-packages/person_msgs/msg/_person_s.c
[6.481s] -- Up-to-date: /home/yuki/ros2_ws/install/person_msgs/lib/python3.8/site-packages/person_msgs/msg/__init__.py
[6.481s] -- Up-to-date: /home/yuki/ros2_ws/install/person_msgs/lib/python3.8/site-packages/person_msgs/msg/_person.py
[6.482s] -- Up-to-date: /home/yuki/ros2_ws/install/person_msgs/lib/python3.8/site-packages/person_msgs/person_msgs_s__rosidl_typesupport_fastrtps_c.cpython-38-x86_64-linux-gnu.so
[6.484s] -- Up-to-date: /home/yuki/ros2_ws/install/person_msgs/lib/python3.8/site-packages/person_msgs/person_msgs_s__rosidl_typesupport_introspection_c.cpython-38-x86_64-linux-gnu.so
[6.484s] -- Up-to-date: /home/yuki/ros2_ws/install/person_msgs/lib/python3.8/site-packages/person_msgs/person_msgs_s__rosidl_typesupport_c.cpython-38-x86_64-linux-gnu.so
[6.485s] -- Up-to-date: /home/yuki/ros2_ws/install/person_msgs/lib/libperson_msgs__python.so
[6.485s] -- Up-to-date: /home/yuki/ros2_ws/install/person_msgs/share/person_msgs/msg/Person.idl
[6.485s] -- Installing: /home/yuki/ros2_ws/install/person_msgs/share/person_msgs/msg/Person.msg
[6.485s] -- Up-to-date: /home/yuki/ros2_ws/install/person_msgs/share/ament_index/resource_index/package_run_dependencies/person_msgs
[6.485s] -- Installing: /home/yuki/ros2_ws/install/person_msgs/share/ament_index/resource_index/parent_prefix_path/person_msgs
[6.485s] -- Up-to-date: /home/yuki/ros2_ws/install/person_msgs/share/person_msgs/environment/ament_prefix_path.sh
[6.486s] -- Installing: /home/yuki/ros2_ws/install/person_msgs/share/person_msgs/environment/ament_prefix_path.dsv
[6.486s] -- Up-to-date: /home/yuki/ros2_ws/install/person_msgs/share/person_msgs/environment/path.sh
[6.486s] -- Installing: /home/yuki/ros2_ws/install/person_msgs/share/person_msgs/environment/path.dsv
[6.486s] -- Up-to-date: /home/yuki/ros2_ws/install/person_msgs/share/person_msgs/local_setup.bash
[6.486s] -- Up-to-date: /home/yuki/ros2_ws/install/person_msgs/share/person_msgs/local_setup.sh
[6.486s] -- Up-to-date: /home/yuki/ros2_ws/install/person_msgs/share/person_msgs/local_setup.zsh
[6.486s] -- Installing: /home/yuki/ros2_ws/install/person_msgs/share/person_msgs/local_setup.dsv
[6.486s] -- Installing: /home/yuki/ros2_ws/install/person_msgs/share/person_msgs/package.dsv
[6.486s] -- Up-to-date: /home/yuki/ros2_ws/install/person_msgs/share/ament_index/resource_index/packages/person_msgs
[6.486s] -- Up-to-date: /home/yuki/ros2_ws/install/person_msgs/share/person_msgs/cmake/person_msgs__rosidl_generator_cExport.cmake
[6.486s] -- Installing: /home/yuki/ros2_ws/install/person_msgs/share/person_msgs/cmake/person_msgs__rosidl_generator_cExport-noconfig.cmake
[6.487s] -- Up-to-date: /home/yuki/ros2_ws/install/person_msgs/share/person_msgs/cmake/person_msgs__rosidl_typesupport_introspection_cExport.cmake
[6.487s] -- Installing: /home/yuki/ros2_ws/install/person_msgs/share/person_msgs/cmake/person_msgs__rosidl_typesupport_introspection_cExport-noconfig.cmake
[6.488s] -- Up-to-date: /home/yuki/ros2_ws/install/person_msgs/share/person_msgs/cmake/person_msgs__rosidl_typesupport_cExport.cmake
[6.488s] -- Installing: /home/yuki/ros2_ws/install/person_msgs/share/person_msgs/cmake/person_msgs__rosidl_typesupport_cExport-noconfig.cmake
[6.488s] -- Up-to-date: /home/yuki/ros2_ws/install/person_msgs/share/person_msgs/cmake/person_msgs__rosidl_generator_cppExport.cmake
[6.489s] -- Up-to-date: /home/yuki/ros2_ws/install/person_msgs/share/person_msgs/cmake/person_msgs__rosidl_typesupport_introspection_cppExport.cmake
[6.489s] -- Installing: /home/yuki/ros2_ws/install/person_msgs/share/person_msgs/cmake/person_msgs__rosidl_typesupport_introspection_cppExport-noconfig.cmake
[6.490s] -- Up-to-date: /home/yuki/ros2_ws/install/person_msgs/share/person_msgs/cmake/person_msgs__rosidl_typesupport_cppExport.cmake
[6.490s] -- Installing: /home/yuki/ros2_ws/install/person_msgs/share/person_msgs/cmake/person_msgs__rosidl_typesupport_cppExport-noconfig.cmake
[6.490s] -- Up-to-date: /home/yuki/ros2_ws/install/person_msgs/share/person_msgs/cmake/rosidl_cmake-extras.cmake
[6.490s] -- Up-to-date: /home/yuki/ros2_ws/install/person_msgs/share/person_msgs/cmake/ament_cmake_export_dependencies-extras.cmake
[6.490s] -- Up-to-date: /home/yuki/ros2_ws/install/person_msgs/share/person_msgs/cmake/ament_cmake_export_libraries-extras.cmake
[6.490s] -- Up-to-date: /home/yuki/ros2_ws/install/person_msgs/share/person_msgs/cmake/ament_cmake_export_targets-extras.cmake
[6.490s] -- Up-to-date: /home/yuki/ros2_ws/install/person_msgs/share/person_msgs/cmake/ament_cmake_export_include_directories-extras.cmake
[6.490s] -- Up-to-date: /home/yuki/ros2_ws/install/person_msgs/share/person_msgs/cmake/rosidl_cmake_export_typesupport_libraries-extras.cmake
[6.490s] -- Up-to-date: /home/yuki/ros2_ws/install/person_msgs/share/person_msgs/cmake/rosidl_cmake_export_typesupport_targets-extras.cmake
[6.490s] -- Up-to-date: /home/yuki/ros2_ws/install/person_msgs/share/person_msgs/cmake/person_msgsConfig.cmake
[6.490s] -- Up-to-date: /home/yuki/ros2_ws/install/person_msgs/share/person_msgs/cmake/person_msgsConfig-version.cmake
[6.490s] -- Installing: /home/yuki/ros2_ws/install/person_msgs/share/person_msgs/package.xml
[6.491s] Invoked command in '/home/yuki/ros2_ws/build/person_msgs' returned '0': CMAKE_PREFIX_PATH=${CMAKE_PREFIX_PATH}:/home/yuki/ros2_ws/install/mypkg:/opt/ros/foxy /usr/bin/cmake --install /home/yuki/ros2_ws/build/person_msgs
