[0.649s] Invoking command in '/home/yuki/ros2_ws/src/mypkg': PYTHONPATH=/home/yuki/ros2_ws/build/mypkg/prefix_override:/usr/lib/python3/dist-packages/colcon_core/task/python/colcon_distutils_commands:/home/yuki/ros2_ws/install/mypkg/lib/python3.8/site-packages:${PYTHONPATH} /usr/bin/python3 -W ignore:setup.py install is deprecated setup.py egg_info --egg-base ../../build/mypkg build --build-base /home/yuki/ros2_ws/build/mypkg/build install --record /home/yuki/ros2_ws/build/mypkg/install.log --install-scripts $base/lib/mypkg --single-version-externally-managed install_data
[0.837s] running egg_info
[0.838s] writing ../../build/mypkg/mypkg.egg-info/PKG-INFO
[0.838s] writing dependency_links to ../../build/mypkg/mypkg.egg-info/dependency_links.txt
[0.839s] writing entry points to ../../build/mypkg/mypkg.egg-info/entry_points.txt
[0.839s] writing requirements to ../../build/mypkg/mypkg.egg-info/requires.txt
[0.839s] writing top-level names to ../../build/mypkg/mypkg.egg-info/top_level.txt
[0.873s] reading manifest file '../../build/mypkg/mypkg.egg-info/SOURCES.txt'
[0.875s] writing manifest file '../../build/mypkg/mypkg.egg-info/SOURCES.txt'
[0.876s] running build
[0.876s] running build_py
[0.876s] running install
[0.876s] running install_lib
[0.878s] running install_data
[0.879s] running install_egg_info
[0.881s] removing '/home/yuki/ros2_ws/install/mypkg/lib/python3.8/site-packages/mypkg-0.0.0-py3.8.egg-info' (and everything under it)
[0.882s] Copying ../../build/mypkg/mypkg.egg-info to /home/yuki/ros2_ws/install/mypkg/lib/python3.8/site-packages/mypkg-0.0.0-py3.8.egg-info
[0.885s] running install_scripts
[0.902s] Installing listener script to /home/yuki/ros2_ws/install/mypkg/lib/mypkg
[0.907s] Installing talker script to /home/yuki/ros2_ws/install/mypkg/lib/mypkg
[0.907s] writing list of installed files to '/home/yuki/ros2_ws/build/mypkg/install.log'
[0.929s] Invoked command in '/home/yuki/ros2_ws/src/mypkg' returned '0': PYTHONPATH=/home/yuki/ros2_ws/build/mypkg/prefix_override:/usr/lib/python3/dist-packages/colcon_core/task/python/colcon_distutils_commands:/home/yuki/ros2_ws/install/mypkg/lib/python3.8/site-packages:${PYTHONPATH} /usr/bin/python3 -W ignore:setup.py install is deprecated setup.py egg_info --egg-base ../../build/mypkg build --build-base /home/yuki/ros2_ws/build/mypkg/build install --record /home/yuki/ros2_ws/build/mypkg/install.log --install-scripts $base/lib/mypkg --single-version-externally-managed install_data
